Release 14.7 - xst P.20131013 (lin64)
Copyright (c) 1995-2013 Xilinx, Inc.  All rights reserved.
--> 
Parameter TMPDIR set to xst/projnav.tmp


Total REAL time to Xst completion: 0.00 secs
Total CPU time to Xst completion: 0.03 secs
 
--> 
Parameter xsthdpdir set to xst


Total REAL time to Xst completion: 0.00 secs
Total CPU time to Xst completion: 0.03 secs
 
--> 
Reading design: clz16.prj

TABLE OF CONTENTS
  1) Synthesis Options Summary
  2) HDL Compilation
  3) Design Hierarchy Analysis
  4) HDL Analysis
  5) HDL Synthesis
     5.1) HDL Synthesis Report
  6) Advanced HDL Synthesis
     6.1) Advanced HDL Synthesis Report
  7) Low Level Synthesis
  8) Partition Report
  9) Final Report
	9.1) Device utilization summary
	9.2) Partition Resource Summary
	9.3) TIMING REPORT


=========================================================================
*                      Synthesis Options Summary                        *
=========================================================================
---- Source Parameters
Input File Name                    : "clz16.prj"
Input Format                       : mixed
Ignore Synthesis Constraint File   : NO

---- Target Parameters
Output File Name                   : "clz16"
Output Format                      : NGC
Target Device                      : xc5vlx50t-2-ff1136

---- Source Options
Top Module Name                    : clz16
Automatic FSM Extraction           : YES
FSM Encoding Algorithm             : Auto
Safe Implementation                : No
FSM Style                          : LUT
RAM Extraction                     : Yes
RAM Style                          : Auto
ROM Extraction                     : Yes
Mux Style                          : Auto
Decoder Extraction                 : YES
Priority Encoder Extraction        : Yes
Shift Register Extraction          : YES
Logical Shifter Extraction         : YES
XOR Collapsing                     : YES
ROM Style                          : Auto
Mux Extraction                     : Yes
Resource Sharing                   : YES
Asynchronous To Synchronous        : NO
Use DSP Block                      : Auto
Automatic Register Balancing       : Yes

---- Target Options
LUT Combining                      : Off
Reduce Control Sets                : Off
Add IO Buffers                     : YES
Global Maximum Fanout              : 100000
Add Generic Clock Buffer(BUFG)     : 32
Register Duplication               : YES
Move First FlipFlop Stage          : YES
Move Last FlipFlop Stage           : YES
Slice Packing                      : YES
Optimize Instantiated Primitives   : YES
Use Clock Enable                   : Yes
Use Synchronous Set                : Yes
Use Synchronous Reset              : Yes
Pack IO Registers into IOBs        : Auto
Equivalent register Removal        : YES

---- General Options
Optimization Goal                  : Speed
Optimization Effort                : 2
Power Reduction                    : NO
Keep Hierarchy                     : No
Netlist Hierarchy                  : As_Optimized
RTL Output                         : Yes
Global Optimization                : AllClockNets
Read Cores                         : YES
Write Timing Constraints           : YES
Cross Clock Analysis               : NO
Hierarchy Separator                : /
Bus Delimiter                      : <>
Case Specifier                     : Maintain
Slice Utilization Ratio            : 100
BRAM Utilization Ratio             : 100
DSP48 Utilization Ratio            : 100
Verilog 2001                       : YES
Auto BRAM Packing                  : NO
Slice Utilization Ratio Delta      : 5

---- Other Options
Cores Search Directories           : {"ipcore_dir"  }

=========================================================================


=========================================================================
*                          HDL Compilation                              *
=========================================================================
Compiling verilog file "leading_one_detect.v" in library work
Module <clz2> compiled
Module <clz4> compiled
Module <clz8> compiled
Module <clz16> compiled
Module <clz32> compiled
No errors in compilation
Analysis of file <"clz16.prj"> succeeded.
 

=========================================================================
*                     Design Hierarchy Analysis                         *
=========================================================================
Analyzing hierarchy for module <clz16> in library <work>.

Analyzing hierarchy for module <clz8> in library <work>.

Analyzing hierarchy for module <clz4> in library <work>.

Analyzing hierarchy for module <clz2> in library <work>.


=========================================================================
*                            HDL Analysis                               *
=========================================================================
Analyzing top module <clz16>.
Module <clz16> is correct for synthesis.
 
Analyzing module <clz8> in library <work>.
Module <clz8> is correct for synthesis.
 
Analyzing module <clz4> in library <work>.
Module <clz4> is correct for synthesis.
 
Analyzing module <clz2> in library <work>.
Module <clz2> is correct for synthesis.
 

=========================================================================
*                           HDL Synthesis                               *
=========================================================================

Performing bidirectional port resolution...

Synthesizing Unit <clz2>.
    Related source file is "leading_one_detect.v".
    Found 4x2-bit ROM for signal <z>.
    Summary:
	inferred   1 ROM(s).
Unit <clz2> synthesized.


Synthesizing Unit <clz4>.
    Related source file is "leading_one_detect.v".
    Found 2-bit adder carry out for signal <z$addsub0000> created at line 53.
    Summary:
	inferred   1 Adder/Subtractor(s).
Unit <clz4> synthesized.


Synthesizing Unit <clz8>.
    Related source file is "leading_one_detect.v".
    Found 6-bit adder for signal <z$addsub0000> created at line 65.
    Summary:
	inferred   1 Adder/Subtractor(s).
Unit <clz8> synthesized.


Synthesizing Unit <clz16>.
    Related source file is "leading_one_detect.v".
    Found 6-bit adder for signal <z$addsub0000> created at line 77.
    Summary:
	inferred   1 Adder/Subtractor(s).
Unit <clz16> synthesized.


=========================================================================
HDL Synthesis Report

Macro Statistics
# ROMs                                                 : 8
 4x2-bit ROM                                           : 8
# Adders/Subtractors                                   : 7
 2-bit adder carry out                                 : 4
 6-bit adder                                           : 3

=========================================================================

=========================================================================
*                       Advanced HDL Synthesis                          *
=========================================================================


=========================================================================
Advanced HDL Synthesis Report

Macro Statistics
# ROMs                                                 : 8
 4x2-bit ROM                                           : 8
# Adders/Subtractors                                   : 7
 2-bit adder carry out                                 : 4
 6-bit adder                                           : 3

=========================================================================

=========================================================================
*                         Low Level Synthesis                           *
=========================================================================

Optimizing unit <clz16> ...

Optimizing unit <clz8> ...

Mapping all equations...
Building and optimizing final netlist ...
Found area constraint ratio of 100 (+ 5) on block clz16, actual ratio is 0.

Final Macro Processing ...

=========================================================================
Final Register Report

Found no macro
=========================================================================

=========================================================================
*                           Partition Report                            *
=========================================================================

Partition Implementation Status
-------------------------------

  No Partitions were found in this design.

-------------------------------

=========================================================================
*                            Final Report                               *
=========================================================================
Final Results
RTL Top Level Output File Name     : clz16.ngr
Top Level Output File Name         : clz16
Output Format                      : NGC
Optimization Goal                  : Speed
Keep Hierarchy                     : No

Design Statistics
# IOs                              : 22

Cell Usage :
# BELS                             : 21
#      GND                         : 1
#      LUT3                        : 2
#      LUT4                        : 3
#      LUT5                        : 7
#      LUT6                        : 7
#      MUXF7                       : 1
# IO Buffers                       : 22
#      IBUF                        : 16
#      OBUF                        : 6
=========================================================================

Device utilization summary:
---------------------------

Selected Device : 5vlx50tff1136-2 


Slice Logic Utilization: 
 Number of Slice LUTs:                   19  out of  28800     0%  
    Number used as Logic:                19  out of  28800     0%  

Slice Logic Distribution: 
 Number of LUT Flip Flop pairs used:     19
   Number with an unused Flip Flop:      19  out of     19   100%  
   Number with an unused LUT:             0  out of     19     0%  
   Number of fully used LUT-FF pairs:     0  out of     19     0%  
   Number of unique control sets:         0

IO Utilization: 
 Number of IOs:                          22
 Number of bonded IOBs:                  22  out of    480     4%  

Specific Feature Utilization:

---------------------------
Partition Resource Summary:
---------------------------

  No Partitions were found in this design.

---------------------------


=========================================================================
TIMING REPORT

NOTE: THESE TIMING NUMBERS ARE ONLY A SYNTHESIS ESTIMATE.
      FOR ACCURATE TIMING INFORMATION PLEASE REFER TO THE TRACE REPORT
      GENERATED AFTER PLACE-and-ROUTE.

Clock Information:
------------------
No clock signals found in this design

Asynchronous Control Signals Information:
----------------------------------------
No asynchronous control signals found in this design

Timing Summary:
---------------
Speed Grade: -2

   Minimum period: No path found
   Minimum input arrival time before clock: No path found
   Maximum output required time after clock: No path found
   Maximum combinational path delay: 6.233ns

Timing Detail:
--------------
All values displayed in nanoseconds (ns)

=========================================================================
Timing constraint: Default path analysis
  Total number of paths / destination ports: 272 / 5
-------------------------------------------------------------------------
Delay:               6.233ns (Levels of Logic = 6)
  Source:            a<14> (PAD)
  Destination:       z<2> (PAD)

  Data Path: a<14> to z<2>
                                Gate     Net
    Cell:in->out      fanout   Delay   Delay  Logical Name (Net Name)
    ----------------------------------------  ------------
     IBUF:I->O             5   0.694   0.618  a_14_IBUF (a_14_IBUF)
     LUT3:I0->O            1   0.086   0.819  clz8_high/z<2>1_SW0 (N0)
     LUT6:I1->O            4   0.086   0.500  clz8_high/z<2>1 (zh<2>)
     LUT4:I2->O            3   0.086   0.828  z_cmp_eq00001 (z_cmp_eq0000)
     LUT6:I1->O            1   0.086   0.286  z<0> (z_0_OBUF)
     OBUF:I->O                 2.144          z_0_OBUF (z<0>)
    ----------------------------------------
    Total                      6.233ns (3.182ns logic, 3.051ns route)
                                       (51.1% logic, 48.9% route)

=========================================================================


Total REAL time to Xst completion: 4.00 secs
Total CPU time to Xst completion: 3.92 secs
 
--> 


Total memory usage is 535132 kilobytes

Number of errors   :    0 (   0 filtered)
Number of warnings :    0 (   0 filtered)
Number of infos    :    0 (   0 filtered)

