--------------------------------------------------------------------------------
Release 14.7 Trace  (lin64)
Copyright (c) 1995-2013 Xilinx, Inc.  All rights reserved.

/opt/Xilinx/14.7/ISE_DS/ISE/bin/lin64/unwrapped/trce -intstyle ise -v 3 -tsi
clz32.tsi -s 2 -n 3 -fastpaths -xml clz32.twx clz32.ncd -o clz32.twr clz32.pcf

Design file:              clz32.ncd
Physical constraint file: clz32.pcf
Device,package,speed:     xc5vlx50t,ff1136,-2 (PRODUCTION 1.73 2013-10-13, STEPPING level 0)
Report level:             verbose report

Environment Variable      Effect 
--------------------      ------ 
NONE                      No environment variables were set
--------------------------------------------------------------------------------

INFO:Timing:2698 - No timing constraints found, doing default enumeration.
INFO:Timing:3412 - To improve timing, see the Timing Closure User Guide (UG612).
INFO:Timing:2752 - To get complete path coverage, use the unconstrained paths 
   option. All paths that are not constrained will be reported in the 
   unconstrained paths section(s) of the report.
INFO:Timing:3339 - The clock-to-out numbers in this timing report are based on 
   a 50 Ohm transmission line loading model.  For the details of this model, 
   and for more information on accounting for different loading conditions, 
   please see the device datasheet.



Data Sheet report:
-----------------
All values displayed in nanoseconds (ns)

Pad to Pad
---------------+---------------+---------+
Source Pad     |Destination Pad|  Delay  |
---------------+---------------+---------+
a<0>           |z<0>           |    6.456|
a<0>           |z<1>           |    7.104|
a<0>           |z<2>           |    6.877|
a<0>           |z<3>           |    6.840|
a<0>           |z<4>           |    7.284|
a<0>           |z<5>           |    7.055|
a<1>           |z<0>           |    6.491|
a<1>           |z<1>           |    7.139|
a<1>           |z<2>           |    6.636|
a<1>           |z<3>           |    6.875|
a<1>           |z<4>           |    7.319|
a<1>           |z<5>           |    7.090|
a<2>           |z<0>           |    7.068|
a<2>           |z<1>           |    6.885|
a<2>           |z<2>           |    6.734|
a<2>           |z<3>           |    6.509|
a<2>           |z<4>           |    6.953|
a<2>           |z<5>           |    6.724|
a<3>           |z<0>           |    6.958|
a<3>           |z<1>           |    6.783|
a<3>           |z<2>           |    6.245|
a<3>           |z<3>           |    6.691|
a<3>           |z<4>           |    7.135|
a<3>           |z<5>           |    6.906|
a<4>           |z<0>           |    6.788|
a<4>           |z<1>           |    7.164|
a<4>           |z<2>           |    6.644|
a<4>           |z<3>           |    6.900|
a<4>           |z<4>           |    7.344|
a<4>           |z<5>           |    7.115|
a<5>           |z<0>           |    6.712|
a<5>           |z<1>           |    7.354|
a<5>           |z<2>           |    6.485|
a<5>           |z<3>           |    7.090|
a<5>           |z<4>           |    7.534|
a<5>           |z<5>           |    7.305|
a<6>           |z<0>           |    6.335|
a<6>           |z<1>           |    6.792|
a<6>           |z<2>           |    6.392|
a<6>           |z<3>           |    7.170|
a<6>           |z<4>           |    7.614|
a<6>           |z<5>           |    7.385|
a<7>           |z<0>           |    6.698|
a<7>           |z<1>           |    5.850|
a<7>           |z<2>           |    6.444|
a<7>           |z<3>           |    6.771|
a<7>           |z<4>           |    7.215|
a<7>           |z<5>           |    6.986|
a<8>           |z<0>           |    7.946|
a<8>           |z<1>           |    8.134|
a<8>           |z<2>           |    7.569|
a<8>           |z<3>           |    7.514|
a<8>           |z<4>           |    7.569|
a<8>           |z<5>           |    7.340|
a<9>           |z<0>           |    8.036|
a<9>           |z<1>           |    8.224|
a<9>           |z<2>           |    7.659|
a<9>           |z<3>           |    7.604|
a<9>           |z<4>           |    7.659|
a<9>           |z<5>           |    7.430|
a<10>          |z<0>           |    7.456|
a<10>          |z<1>           |    7.644|
a<10>          |z<2>           |    7.079|
a<10>          |z<3>           |    7.024|
a<10>          |z<4>           |    7.168|
a<10>          |z<5>           |    6.939|
a<11>          |z<0>           |    7.441|
a<11>          |z<1>           |    7.629|
a<11>          |z<2>           |    7.064|
a<11>          |z<3>           |    7.009|
a<11>          |z<4>           |    7.064|
a<11>          |z<5>           |    6.835|
a<12>          |z<0>           |    7.983|
a<12>          |z<1>           |    8.171|
a<12>          |z<2>           |    7.606|
a<12>          |z<3>           |    7.551|
a<12>          |z<4>           |    8.002|
a<12>          |z<5>           |    7.773|
a<13>          |z<0>           |    7.771|
a<13>          |z<1>           |    7.959|
a<13>          |z<2>           |    7.394|
a<13>          |z<3>           |    7.339|
a<13>          |z<4>           |    7.607|
a<13>          |z<5>           |    7.378|
a<14>          |z<0>           |    8.219|
a<14>          |z<1>           |    8.407|
a<14>          |z<2>           |    7.842|
a<14>          |z<3>           |    7.787|
a<14>          |z<4>           |    8.238|
a<14>          |z<5>           |    8.009|
a<15>          |z<0>           |    7.621|
a<15>          |z<1>           |    7.809|
a<15>          |z<2>           |    7.244|
a<15>          |z<3>           |    7.189|
a<15>          |z<4>           |    7.244|
a<15>          |z<5>           |    7.015|
a<16>          |z<0>           |    8.283|
a<16>          |z<1>           |    8.091|
a<16>          |z<2>           |    7.776|
a<16>          |z<3>           |    7.601|
a<16>          |z<4>           |    7.136|
a<16>          |z<5>           |    7.354|
a<17>          |z<0>           |    8.322|
a<17>          |z<1>           |    8.130|
a<17>          |z<2>           |    7.815|
a<17>          |z<3>           |    7.640|
a<17>          |z<4>           |    7.170|
a<17>          |z<5>           |    7.459|
a<18>          |z<0>           |    8.384|
a<18>          |z<1>           |    8.192|
a<18>          |z<2>           |    7.877|
a<18>          |z<3>           |    7.702|
a<18>          |z<4>           |    7.018|
a<18>          |z<5>           |    7.433|
a<19>          |z<0>           |    8.428|
a<19>          |z<1>           |    8.236|
a<19>          |z<2>           |    7.921|
a<19>          |z<3>           |    7.746|
a<19>          |z<4>           |    7.376|
a<19>          |z<5>           |    7.594|
a<20>          |z<0>           |    8.230|
a<20>          |z<1>           |    8.038|
a<20>          |z<2>           |    7.723|
a<20>          |z<3>           |    7.548|
a<20>          |z<4>           |    7.133|
a<20>          |z<5>           |    7.422|
a<21>          |z<0>           |    8.399|
a<21>          |z<1>           |    8.207|
a<21>          |z<2>           |    7.892|
a<21>          |z<3>           |    7.717|
a<21>          |z<4>           |    7.247|
a<21>          |z<5>           |    7.302|
a<22>          |z<0>           |    8.040|
a<22>          |z<1>           |    7.848|
a<22>          |z<2>           |    7.533|
a<22>          |z<3>           |    7.358|
a<22>          |z<4>           |    6.888|
a<22>          |z<5>           |    7.153|
a<23>          |z<0>           |    8.055|
a<23>          |z<1>           |    7.863|
a<23>          |z<2>           |    7.548|
a<23>          |z<3>           |    7.373|
a<23>          |z<4>           |    6.903|
a<23>          |z<5>           |    6.992|
a<24>          |z<0>           |    9.998|
a<24>          |z<1>           |    9.806|
a<24>          |z<2>           |    9.491|
a<24>          |z<3>           |    9.316|
a<24>          |z<4>           |    8.728|
a<24>          |z<5>           |    9.304|
a<25>          |z<0>           |   10.098|
a<25>          |z<1>           |    9.906|
a<25>          |z<2>           |    9.591|
a<25>          |z<3>           |    9.416|
a<25>          |z<4>           |    8.828|
a<25>          |z<5>           |    9.404|
a<26>          |z<0>           |    9.689|
a<26>          |z<1>           |    9.497|
a<26>          |z<2>           |    9.182|
a<26>          |z<3>           |    9.007|
a<26>          |z<4>           |    8.419|
a<26>          |z<5>           |    8.995|
a<27>          |z<0>           |    9.485|
a<27>          |z<1>           |    9.293|
a<27>          |z<2>           |    8.978|
a<27>          |z<3>           |    8.803|
a<27>          |z<4>           |    8.215|
a<27>          |z<5>           |    8.791|
a<28>          |z<0>           |    9.955|
a<28>          |z<1>           |    9.763|
a<28>          |z<2>           |    9.448|
a<28>          |z<3>           |    9.273|
a<28>          |z<4>           |    8.685|
a<28>          |z<5>           |    9.261|
a<29>          |z<0>           |    9.978|
a<29>          |z<1>           |    9.786|
a<29>          |z<2>           |    9.471|
a<29>          |z<3>           |    9.296|
a<29>          |z<4>           |    8.708|
a<29>          |z<5>           |    9.284|
a<30>          |z<0>           |    9.461|
a<30>          |z<1>           |    9.269|
a<30>          |z<2>           |    8.954|
a<30>          |z<3>           |    8.779|
a<30>          |z<4>           |    8.191|
a<30>          |z<5>           |    8.767|
a<31>          |z<0>           |    9.930|
a<31>          |z<1>           |    9.738|
a<31>          |z<2>           |    9.423|
a<31>          |z<3>           |    9.248|
a<31>          |z<4>           |    8.660|
a<31>          |z<5>           |    9.236|
---------------+---------------+---------+


Analysis completed Mon Jan  7 03:20:31 2019 
--------------------------------------------------------------------------------

Trace Settings:
-------------------------
Trace Settings 

Peak Memory Usage: 507 MB



