Release 14.7 - xst P.20131013 (lin64)
Copyright (c) 1995-2013 Xilinx, Inc.  All rights reserved.
--> 
Parameter TMPDIR set to xst/projnav.tmp


Total REAL time to Xst completion: 1.00 secs
Total CPU time to Xst completion: 0.03 secs
 
--> 
Parameter xsthdpdir set to xst


Total REAL time to Xst completion: 1.00 secs
Total CPU time to Xst completion: 0.03 secs
 
--> 
Reading design: fixed_add3.prj

TABLE OF CONTENTS
  1) Synthesis Options Summary
  2) HDL Compilation
  3) Design Hierarchy Analysis
  4) HDL Analysis
  5) HDL Synthesis
     5.1) HDL Synthesis Report
  6) Advanced HDL Synthesis
     6.1) Advanced HDL Synthesis Report
  7) Low Level Synthesis
  8) Partition Report
  9) Final Report
	9.1) Device utilization summary
	9.2) Partition Resource Summary
	9.3) TIMING REPORT


=========================================================================
*                      Synthesis Options Summary                        *
=========================================================================
---- Source Parameters
Input File Name                    : "fixed_add3.prj"
Input Format                       : mixed
Ignore Synthesis Constraint File   : NO

---- Target Parameters
Output File Name                   : "fixed_add3"
Output Format                      : NGC
Target Device                      : xc5vfx130t-2-ff1738

---- Source Options
Top Module Name                    : fixed_add3
Automatic FSM Extraction           : YES
FSM Encoding Algorithm             : Auto
Safe Implementation                : No
FSM Style                          : LUT
RAM Extraction                     : Yes
RAM Style                          : Auto
ROM Extraction                     : Yes
Mux Style                          : Auto
Decoder Extraction                 : YES
Priority Encoder Extraction        : Yes
Shift Register Extraction          : YES
Logical Shifter Extraction         : YES
XOR Collapsing                     : YES
ROM Style                          : Auto
Mux Extraction                     : Yes
Resource Sharing                   : YES
Asynchronous To Synchronous        : NO
Use DSP Block                      : Auto
Automatic Register Balancing       : No

---- Target Options
LUT Combining                      : Off
Reduce Control Sets                : Off
Add IO Buffers                     : YES
Global Maximum Fanout              : 100000
Add Generic Clock Buffer(BUFG)     : 32
Register Duplication               : YES
Slice Packing                      : YES
Optimize Instantiated Primitives   : NO
Use Clock Enable                   : Auto
Use Synchronous Set                : Auto
Use Synchronous Reset              : Auto
Pack IO Registers into IOBs        : Auto
Equivalent register Removal        : YES

---- General Options
Optimization Goal                  : Speed
Optimization Effort                : 1
Power Reduction                    : NO
Keep Hierarchy                     : No
Netlist Hierarchy                  : As_Optimized
RTL Output                         : Yes
Global Optimization                : AllClockNets
Read Cores                         : NO
Write Timing Constraints           : NO
Cross Clock Analysis               : NO
Hierarchy Separator                : /
Bus Delimiter                      : <>
Case Specifier                     : Maintain
Slice Utilization Ratio            : 100
BRAM Utilization Ratio             : 100
DSP48 Utilization Ratio            : 100
Verilog 2001                       : YES
Auto BRAM Packing                  : NO
Slice Utilization Ratio Delta      : 5

=========================================================================


=========================================================================
*                          HDL Compilation                              *
=========================================================================
Compiling verilog file "fixed.v" in library work
Module <fixed_mul> compiled
Module <fixed_mul_integer> compiled
Module <fixed_add> compiled
Module <fixed_add3> compiled
Module <fixed_sub> compiled
Module <fixed_Q8_24_to_Q16_16> compiled
No errors in compilation
Analysis of file <"fixed_add3.prj"> succeeded.
 

=========================================================================
*                     Design Hierarchy Analysis                         *
=========================================================================
Analyzing hierarchy for module <fixed_add3> in library <work> with parameters.
	D = "00000000000000000000000000001000"
	Q = "00000000000000000000000000011000"


=========================================================================
*                            HDL Analysis                               *
=========================================================================
Analyzing top module <fixed_add3>.
	D = 32'sb00000000000000000000000000001000
	Q = 32'sb00000000000000000000000000011000
Module <fixed_add3> is correct for synthesis.
 

=========================================================================
*                           HDL Synthesis                               *
=========================================================================

Performing bidirectional port resolution...

Synthesizing Unit <fixed_add3>.
    Related source file is "fixed.v".
    Found 35-bit comparator greater for signal <r$cmp_gt0000> created at line 112.
    Found 34-bit comparator less for signal <r$cmp_lt0000> created at line 112.
    Found 34-bit adder for signal <tmp>.
    Found 34-bit adder for signal <tmp$addsub0000> created at line 111.
    Summary:
	inferred   2 Adder/Subtractor(s).
	inferred   2 Comparator(s).
Unit <fixed_add3> synthesized.


=========================================================================
HDL Synthesis Report

Macro Statistics
# Adders/Subtractors                                   : 2
 34-bit adder                                          : 2
# Comparators                                          : 2
 34-bit comparator less                                : 1
 35-bit comparator greater                             : 1

=========================================================================

=========================================================================
*                       Advanced HDL Synthesis                          *
=========================================================================


=========================================================================
Advanced HDL Synthesis Report

Macro Statistics
# Adders/Subtractors                                   : 2
 34-bit adder                                          : 2
# Comparators                                          : 2
 34-bit comparator less                                : 1
 35-bit comparator greater                             : 1

=========================================================================

=========================================================================
*                         Low Level Synthesis                           *
=========================================================================

Optimizing unit <fixed_add3> ...

Mapping all equations...
Building and optimizing final netlist ...
Found area constraint ratio of 100 (+ 5) on block fixed_add3, actual ratio is 0.

Final Macro Processing ...

=========================================================================
Final Register Report

Found no macro
=========================================================================

=========================================================================
*                           Partition Report                            *
=========================================================================

Partition Implementation Status
-------------------------------

  No Partitions were found in this design.

-------------------------------

=========================================================================
*                            Final Report                               *
=========================================================================
Final Results
RTL Top Level Output File Name     : fixed_add3.ngr
Top Level Output File Name         : fixed_add3
Output Format                      : NGC
Optimization Goal                  : Speed
Keep Hierarchy                     : No

Design Statistics
# IOs                              : 128

Cell Usage :
# BELS                             : 164
#      GND                         : 1
#      LUT2                        : 1
#      LUT3                        : 34
#      LUT4                        : 31
#      LUT6                        : 30
#      MUXCY                       : 33
#      XORCY                       : 34
# IO Buffers                       : 128
#      IBUF                        : 96
#      OBUF                        : 32
=========================================================================

Device utilization summary:
---------------------------

Selected Device : 5vfx130tff1738-2 


Slice Logic Utilization: 
 Number of Slice LUTs:                   96  out of  81920     0%  
    Number used as Logic:                96  out of  81920     0%  

Slice Logic Distribution: 
 Number of LUT Flip Flop pairs used:     96
   Number with an unused Flip Flop:      96  out of     96   100%  
   Number with an unused LUT:             0  out of     96     0%  
   Number of fully used LUT-FF pairs:     0  out of     96     0%  
   Number of unique control sets:         0

IO Utilization: 
 Number of IOs:                         128
 Number of bonded IOBs:                 128  out of    840    15%  

Specific Feature Utilization:

---------------------------
Partition Resource Summary:
---------------------------

  No Partitions were found in this design.

---------------------------


=========================================================================
TIMING REPORT

NOTE: THESE TIMING NUMBERS ARE ONLY A SYNTHESIS ESTIMATE.
      FOR ACCURATE TIMING INFORMATION PLEASE REFER TO THE TRACE REPORT
      GENERATED AFTER PLACE-and-ROUTE.

Clock Information:
------------------
No clock signals found in this design

Asynchronous Control Signals Information:
----------------------------------------
No asynchronous control signals found in this design

Timing Summary:
---------------
Speed Grade: -2

   Minimum period: No path found
   Minimum input arrival time before clock: No path found
   Maximum output required time after clock: No path found
   Maximum combinational path delay: 6.240ns

Timing Detail:
--------------
All values displayed in nanoseconds (ns)

=========================================================================
Timing constraint: Default path analysis
  Total number of paths / destination ports: 30367 / 32
-------------------------------------------------------------------------
Delay:               6.240ns (Levels of Logic = 35)
  Source:            a<1> (PAD)
  Destination:       r<9> (PAD)

  Data Path: a<1> to r<9>
                                Gate     Net
    Cell:in->out      fanout   Delay   Delay  Logical Name (Net Name)
    ----------------------------------------  ------------
     IBUF:I->O             3   0.694   0.910  a_1_IBUF (a_1_IBUF)
     LUT6:I0->O            1   0.086   0.000  Madd_tmp_Madd_lut<2> (Madd_tmp_Madd_lut<2>)
     MUXCY:S->O            1   0.305   0.000  Madd_tmp_Madd_cy<2> (Madd_tmp_Madd_cy<2>)
     MUXCY:CI->O           1   0.023   0.000  Madd_tmp_Madd_cy<3> (Madd_tmp_Madd_cy<3>)
     MUXCY:CI->O           1   0.023   0.000  Madd_tmp_Madd_cy<4> (Madd_tmp_Madd_cy<4>)
     MUXCY:CI->O           1   0.023   0.000  Madd_tmp_Madd_cy<5> (Madd_tmp_Madd_cy<5>)
     MUXCY:CI->O           1   0.023   0.000  Madd_tmp_Madd_cy<6> (Madd_tmp_Madd_cy<6>)
     MUXCY:CI->O           1   0.023   0.000  Madd_tmp_Madd_cy<7> (Madd_tmp_Madd_cy<7>)
     MUXCY:CI->O           1   0.023   0.000  Madd_tmp_Madd_cy<8> (Madd_tmp_Madd_cy<8>)
     MUXCY:CI->O           1   0.023   0.000  Madd_tmp_Madd_cy<9> (Madd_tmp_Madd_cy<9>)
     MUXCY:CI->O           1   0.023   0.000  Madd_tmp_Madd_cy<10> (Madd_tmp_Madd_cy<10>)
     MUXCY:CI->O           1   0.023   0.000  Madd_tmp_Madd_cy<11> (Madd_tmp_Madd_cy<11>)
     MUXCY:CI->O           1   0.023   0.000  Madd_tmp_Madd_cy<12> (Madd_tmp_Madd_cy<12>)
     MUXCY:CI->O           1   0.023   0.000  Madd_tmp_Madd_cy<13> (Madd_tmp_Madd_cy<13>)
     MUXCY:CI->O           1   0.023   0.000  Madd_tmp_Madd_cy<14> (Madd_tmp_Madd_cy<14>)
     MUXCY:CI->O           1   0.023   0.000  Madd_tmp_Madd_cy<15> (Madd_tmp_Madd_cy<15>)
     MUXCY:CI->O           1   0.023   0.000  Madd_tmp_Madd_cy<16> (Madd_tmp_Madd_cy<16>)
     MUXCY:CI->O           1   0.023   0.000  Madd_tmp_Madd_cy<17> (Madd_tmp_Madd_cy<17>)
     MUXCY:CI->O           1   0.023   0.000  Madd_tmp_Madd_cy<18> (Madd_tmp_Madd_cy<18>)
     MUXCY:CI->O           1   0.023   0.000  Madd_tmp_Madd_cy<19> (Madd_tmp_Madd_cy<19>)
     MUXCY:CI->O           1   0.023   0.000  Madd_tmp_Madd_cy<20> (Madd_tmp_Madd_cy<20>)
     MUXCY:CI->O           1   0.023   0.000  Madd_tmp_Madd_cy<21> (Madd_tmp_Madd_cy<21>)
     MUXCY:CI->O           1   0.023   0.000  Madd_tmp_Madd_cy<22> (Madd_tmp_Madd_cy<22>)
     MUXCY:CI->O           1   0.023   0.000  Madd_tmp_Madd_cy<23> (Madd_tmp_Madd_cy<23>)
     MUXCY:CI->O           1   0.023   0.000  Madd_tmp_Madd_cy<24> (Madd_tmp_Madd_cy<24>)
     MUXCY:CI->O           1   0.023   0.000  Madd_tmp_Madd_cy<25> (Madd_tmp_Madd_cy<25>)
     MUXCY:CI->O           1   0.023   0.000  Madd_tmp_Madd_cy<26> (Madd_tmp_Madd_cy<26>)
     MUXCY:CI->O           1   0.023   0.000  Madd_tmp_Madd_cy<27> (Madd_tmp_Madd_cy<27>)
     MUXCY:CI->O           1   0.023   0.000  Madd_tmp_Madd_cy<28> (Madd_tmp_Madd_cy<28>)
     MUXCY:CI->O           1   0.023   0.000  Madd_tmp_Madd_cy<29> (Madd_tmp_Madd_cy<29>)
     MUXCY:CI->O           1   0.023   0.000  Madd_tmp_Madd_cy<30> (Madd_tmp_Madd_cy<30>)
     MUXCY:CI->O           1   0.023   0.000  Madd_tmp_Madd_cy<31> (Madd_tmp_Madd_cy<31>)
     XORCY:CI->O          31   0.300   0.770  Madd_tmp_Madd_xor<32> (tmp<32>)
     LUT4:I0->O            1   0.086   0.286  r<9>1 (r_9_OBUF)
     OBUF:I->O                 2.144          r_9_OBUF (r<9>)
    ----------------------------------------
    Total                      6.240ns (4.275ns logic, 1.965ns route)
                                       (68.5% logic, 31.5% route)

=========================================================================


Total REAL time to Xst completion: 4.00 secs
Total CPU time to Xst completion: 3.35 secs
 
--> 


Total memory usage is 536364 kilobytes

Number of errors   :    0 (   0 filtered)
Number of warnings :    0 (   0 filtered)
Number of infos    :    0 (   0 filtered)

