--------------------------------------------------------------------------------
Release 14.7 Trace  (lin64)
Copyright (c) 1995-2013 Xilinx, Inc.  All rights reserved.

/opt/Xilinx/14.7/ISE_DS/ISE/bin/lin64/unwrapped/trce -intstyle ise -v 3 -tsi
fixed_add.tsi -s 2 -n 3 -fastpaths -xml fixed_add.twx fixed_add.ncd -o
fixed_add.twr fixed_add.pcf

Design file:              fixed_add.ncd
Physical constraint file: fixed_add.pcf
Device,package,speed:     xc5vlx50t,ff1136,-2 (PRODUCTION 1.73 2013-10-13, STEPPING level 0)
Report level:             verbose report

Environment Variable      Effect 
--------------------      ------ 
NONE                      No environment variables were set
--------------------------------------------------------------------------------

INFO:Timing:2698 - No timing constraints found, doing default enumeration.
INFO:Timing:3412 - To improve timing, see the Timing Closure User Guide (UG612).
INFO:Timing:2752 - To get complete path coverage, use the unconstrained paths 
   option. All paths that are not constrained will be reported in the 
   unconstrained paths section(s) of the report.
INFO:Timing:3339 - The clock-to-out numbers in this timing report are based on 
   a 50 Ohm transmission line loading model.  For the details of this model, 
   and for more information on accounting for different loading conditions, 
   please see the device datasheet.



Data Sheet report:
-----------------
All values displayed in nanoseconds (ns)

Pad to Pad
---------------+---------------+---------+
Source Pad     |Destination Pad|  Delay  |
---------------+---------------+---------+
a<0>           |r<0>           |    8.779|
a<0>           |r<1>           |    8.772|
a<0>           |r<2>           |    8.660|
a<0>           |r<3>           |    8.649|
a<0>           |r<4>           |    8.620|
a<0>           |r<5>           |    8.627|
a<0>           |r<6>           |    8.788|
a<0>           |r<7>           |    8.790|
a<0>           |r<8>           |    8.776|
a<0>           |r<9>           |    8.772|
a<0>           |r<10>          |    8.751|
a<0>           |r<11>          |    8.762|
a<0>           |r<12>          |    8.882|
a<0>           |r<13>          |    8.892|
a<0>           |r<14>          |    8.996|
a<0>           |r<15>          |    9.002|
a<0>           |r<16>          |    8.996|
a<0>           |r<17>          |    9.000|
a<0>           |r<18>          |    8.261|
a<0>           |r<19>          |    8.255|
a<0>           |r<20>          |    8.270|
a<0>           |r<21>          |    8.277|
a<0>           |r<22>          |    8.260|
a<0>           |r<23>          |    8.251|
a<0>           |r<24>          |    8.410|
a<0>           |r<25>          |    8.403|
a<0>           |r<26>          |    8.111|
a<0>           |r<27>          |    8.100|
a<0>           |r<28>          |    8.081|
a<0>           |r<29>          |    8.072|
a<0>           |r<30>          |    7.941|
a<0>           |r<31>          |    8.255|
a<1>           |r<0>           |    8.965|
a<1>           |r<1>           |    8.958|
a<1>           |r<2>           |    8.846|
a<1>           |r<3>           |    8.835|
a<1>           |r<4>           |    8.806|
a<1>           |r<5>           |    8.813|
a<1>           |r<6>           |    8.974|
a<1>           |r<7>           |    8.976|
a<1>           |r<8>           |    8.962|
a<1>           |r<9>           |    8.958|
a<1>           |r<10>          |    8.937|
a<1>           |r<11>          |    8.948|
a<1>           |r<12>          |    9.068|
a<1>           |r<13>          |    9.078|
a<1>           |r<14>          |    9.182|
a<1>           |r<15>          |    9.188|
a<1>           |r<16>          |    9.182|
a<1>           |r<17>          |    9.186|
a<1>           |r<18>          |    8.447|
a<1>           |r<19>          |    8.441|
a<1>           |r<20>          |    8.456|
a<1>           |r<21>          |    8.463|
a<1>           |r<22>          |    8.446|
a<1>           |r<23>          |    8.437|
a<1>           |r<24>          |    8.596|
a<1>           |r<25>          |    8.589|
a<1>           |r<26>          |    8.297|
a<1>           |r<27>          |    8.286|
a<1>           |r<28>          |    8.267|
a<1>           |r<29>          |    8.258|
a<1>           |r<30>          |    8.127|
a<1>           |r<31>          |    8.441|
a<2>           |r<0>           |    8.991|
a<2>           |r<1>           |    8.984|
a<2>           |r<2>           |    8.872|
a<2>           |r<3>           |    8.861|
a<2>           |r<4>           |    8.832|
a<2>           |r<5>           |    8.839|
a<2>           |r<6>           |    9.000|
a<2>           |r<7>           |    9.002|
a<2>           |r<8>           |    8.988|
a<2>           |r<9>           |    8.984|
a<2>           |r<10>          |    8.963|
a<2>           |r<11>          |    8.974|
a<2>           |r<12>          |    9.094|
a<2>           |r<13>          |    9.104|
a<2>           |r<14>          |    9.208|
a<2>           |r<15>          |    9.214|
a<2>           |r<16>          |    9.208|
a<2>           |r<17>          |    9.212|
a<2>           |r<18>          |    8.473|
a<2>           |r<19>          |    8.467|
a<2>           |r<20>          |    8.482|
a<2>           |r<21>          |    8.489|
a<2>           |r<22>          |    8.472|
a<2>           |r<23>          |    8.463|
a<2>           |r<24>          |    8.622|
a<2>           |r<25>          |    8.615|
a<2>           |r<26>          |    8.323|
a<2>           |r<27>          |    8.312|
a<2>           |r<28>          |    8.293|
a<2>           |r<29>          |    8.284|
a<2>           |r<30>          |    8.153|
a<2>           |r<31>          |    8.467|
a<3>           |r<0>           |    8.738|
a<3>           |r<1>           |    8.731|
a<3>           |r<2>           |    8.619|
a<3>           |r<3>           |    8.608|
a<3>           |r<4>           |    8.579|
a<3>           |r<5>           |    8.586|
a<3>           |r<6>           |    8.747|
a<3>           |r<7>           |    8.749|
a<3>           |r<8>           |    8.735|
a<3>           |r<9>           |    8.731|
a<3>           |r<10>          |    8.710|
a<3>           |r<11>          |    8.721|
a<3>           |r<12>          |    8.841|
a<3>           |r<13>          |    8.851|
a<3>           |r<14>          |    8.955|
a<3>           |r<15>          |    8.961|
a<3>           |r<16>          |    8.955|
a<3>           |r<17>          |    8.959|
a<3>           |r<18>          |    8.220|
a<3>           |r<19>          |    8.214|
a<3>           |r<20>          |    8.229|
a<3>           |r<21>          |    8.236|
a<3>           |r<22>          |    8.219|
a<3>           |r<23>          |    8.210|
a<3>           |r<24>          |    8.369|
a<3>           |r<25>          |    8.362|
a<3>           |r<26>          |    8.070|
a<3>           |r<27>          |    8.059|
a<3>           |r<28>          |    8.040|
a<3>           |r<29>          |    8.031|
a<3>           |r<30>          |    7.900|
a<3>           |r<31>          |    8.214|
a<4>           |r<0>           |    9.064|
a<4>           |r<1>           |    9.057|
a<4>           |r<2>           |    8.945|
a<4>           |r<3>           |    8.934|
a<4>           |r<4>           |    8.905|
a<4>           |r<5>           |    8.912|
a<4>           |r<6>           |    9.073|
a<4>           |r<7>           |    9.075|
a<4>           |r<8>           |    9.061|
a<4>           |r<9>           |    9.057|
a<4>           |r<10>          |    9.036|
a<4>           |r<11>          |    9.047|
a<4>           |r<12>          |    9.167|
a<4>           |r<13>          |    9.177|
a<4>           |r<14>          |    9.281|
a<4>           |r<15>          |    9.287|
a<4>           |r<16>          |    9.281|
a<4>           |r<17>          |    9.285|
a<4>           |r<18>          |    8.546|
a<4>           |r<19>          |    8.540|
a<4>           |r<20>          |    8.555|
a<4>           |r<21>          |    8.562|
a<4>           |r<22>          |    8.545|
a<4>           |r<23>          |    8.536|
a<4>           |r<24>          |    8.695|
a<4>           |r<25>          |    8.688|
a<4>           |r<26>          |    8.396|
a<4>           |r<27>          |    8.385|
a<4>           |r<28>          |    8.366|
a<4>           |r<29>          |    8.357|
a<4>           |r<30>          |    8.226|
a<4>           |r<31>          |    8.540|
a<5>           |r<0>           |    8.739|
a<5>           |r<1>           |    8.732|
a<5>           |r<2>           |    8.620|
a<5>           |r<3>           |    8.609|
a<5>           |r<4>           |    8.580|
a<5>           |r<5>           |    8.587|
a<5>           |r<6>           |    8.748|
a<5>           |r<7>           |    8.750|
a<5>           |r<8>           |    8.736|
a<5>           |r<9>           |    8.732|
a<5>           |r<10>          |    8.711|
a<5>           |r<11>          |    8.722|
a<5>           |r<12>          |    8.842|
a<5>           |r<13>          |    8.852|
a<5>           |r<14>          |    8.956|
a<5>           |r<15>          |    8.962|
a<5>           |r<16>          |    8.956|
a<5>           |r<17>          |    8.960|
a<5>           |r<18>          |    8.221|
a<5>           |r<19>          |    8.215|
a<5>           |r<20>          |    8.230|
a<5>           |r<21>          |    8.237|
a<5>           |r<22>          |    8.220|
a<5>           |r<23>          |    8.211|
a<5>           |r<24>          |    8.370|
a<5>           |r<25>          |    8.363|
a<5>           |r<26>          |    8.071|
a<5>           |r<27>          |    8.060|
a<5>           |r<28>          |    8.041|
a<5>           |r<29>          |    8.032|
a<5>           |r<30>          |    7.901|
a<5>           |r<31>          |    8.215|
a<6>           |r<0>           |    8.583|
a<6>           |r<1>           |    8.576|
a<6>           |r<2>           |    8.464|
a<6>           |r<3>           |    8.453|
a<6>           |r<4>           |    8.424|
a<6>           |r<5>           |    8.431|
a<6>           |r<6>           |    8.592|
a<6>           |r<7>           |    8.594|
a<6>           |r<8>           |    8.580|
a<6>           |r<9>           |    8.576|
a<6>           |r<10>          |    8.555|
a<6>           |r<11>          |    8.566|
a<6>           |r<12>          |    8.686|
a<6>           |r<13>          |    8.696|
a<6>           |r<14>          |    8.800|
a<6>           |r<15>          |    8.806|
a<6>           |r<16>          |    8.800|
a<6>           |r<17>          |    8.804|
a<6>           |r<18>          |    8.065|
a<6>           |r<19>          |    8.059|
a<6>           |r<20>          |    8.074|
a<6>           |r<21>          |    8.081|
a<6>           |r<22>          |    8.064|
a<6>           |r<23>          |    8.055|
a<6>           |r<24>          |    8.214|
a<6>           |r<25>          |    8.207|
a<6>           |r<26>          |    7.915|
a<6>           |r<27>          |    7.904|
a<6>           |r<28>          |    7.885|
a<6>           |r<29>          |    7.876|
a<6>           |r<30>          |    7.745|
a<6>           |r<31>          |    8.059|
a<7>           |r<0>           |    9.100|
a<7>           |r<1>           |    9.093|
a<7>           |r<2>           |    8.981|
a<7>           |r<3>           |    8.970|
a<7>           |r<4>           |    8.941|
a<7>           |r<5>           |    8.948|
a<7>           |r<6>           |    9.109|
a<7>           |r<7>           |    9.111|
a<7>           |r<8>           |    9.097|
a<7>           |r<9>           |    9.093|
a<7>           |r<10>          |    9.072|
a<7>           |r<11>          |    9.083|
a<7>           |r<12>          |    9.203|
a<7>           |r<13>          |    9.213|
a<7>           |r<14>          |    9.317|
a<7>           |r<15>          |    9.323|
a<7>           |r<16>          |    9.317|
a<7>           |r<17>          |    9.321|
a<7>           |r<18>          |    8.582|
a<7>           |r<19>          |    8.576|
a<7>           |r<20>          |    8.591|
a<7>           |r<21>          |    8.598|
a<7>           |r<22>          |    8.581|
a<7>           |r<23>          |    8.572|
a<7>           |r<24>          |    8.731|
a<7>           |r<25>          |    8.724|
a<7>           |r<26>          |    8.432|
a<7>           |r<27>          |    8.421|
a<7>           |r<28>          |    8.402|
a<7>           |r<29>          |    8.393|
a<7>           |r<30>          |    8.262|
a<7>           |r<31>          |    8.576|
a<8>           |r<0>           |    8.824|
a<8>           |r<1>           |    8.817|
a<8>           |r<2>           |    8.705|
a<8>           |r<3>           |    8.694|
a<8>           |r<4>           |    8.665|
a<8>           |r<5>           |    8.672|
a<8>           |r<6>           |    8.833|
a<8>           |r<7>           |    8.835|
a<8>           |r<8>           |    8.821|
a<8>           |r<9>           |    8.817|
a<8>           |r<10>          |    8.796|
a<8>           |r<11>          |    8.807|
a<8>           |r<12>          |    8.927|
a<8>           |r<13>          |    8.937|
a<8>           |r<14>          |    9.041|
a<8>           |r<15>          |    9.047|
a<8>           |r<16>          |    9.041|
a<8>           |r<17>          |    9.045|
a<8>           |r<18>          |    8.306|
a<8>           |r<19>          |    8.300|
a<8>           |r<20>          |    8.315|
a<8>           |r<21>          |    8.322|
a<8>           |r<22>          |    8.305|
a<8>           |r<23>          |    8.296|
a<8>           |r<24>          |    8.455|
a<8>           |r<25>          |    8.448|
a<8>           |r<26>          |    8.156|
a<8>           |r<27>          |    8.145|
a<8>           |r<28>          |    8.126|
a<8>           |r<29>          |    8.117|
a<8>           |r<30>          |    7.986|
a<8>           |r<31>          |    8.300|
a<9>           |r<0>           |    8.463|
a<9>           |r<1>           |    8.456|
a<9>           |r<2>           |    8.344|
a<9>           |r<3>           |    8.333|
a<9>           |r<4>           |    8.304|
a<9>           |r<5>           |    8.311|
a<9>           |r<6>           |    8.472|
a<9>           |r<7>           |    8.474|
a<9>           |r<8>           |    8.460|
a<9>           |r<9>           |    8.456|
a<9>           |r<10>          |    8.435|
a<9>           |r<11>          |    8.446|
a<9>           |r<12>          |    8.566|
a<9>           |r<13>          |    8.576|
a<9>           |r<14>          |    8.680|
a<9>           |r<15>          |    8.686|
a<9>           |r<16>          |    8.680|
a<9>           |r<17>          |    8.684|
a<9>           |r<18>          |    7.945|
a<9>           |r<19>          |    7.939|
a<9>           |r<20>          |    7.954|
a<9>           |r<21>          |    7.961|
a<9>           |r<22>          |    7.944|
a<9>           |r<23>          |    7.935|
a<9>           |r<24>          |    8.094|
a<9>           |r<25>          |    8.087|
a<9>           |r<26>          |    7.795|
a<9>           |r<27>          |    7.784|
a<9>           |r<28>          |    7.765|
a<9>           |r<29>          |    7.756|
a<9>           |r<30>          |    7.625|
a<9>           |r<31>          |    7.939|
a<10>          |r<0>           |    8.512|
a<10>          |r<1>           |    8.505|
a<10>          |r<2>           |    8.393|
a<10>          |r<3>           |    8.382|
a<10>          |r<4>           |    8.353|
a<10>          |r<5>           |    8.360|
a<10>          |r<6>           |    8.521|
a<10>          |r<7>           |    8.523|
a<10>          |r<8>           |    8.509|
a<10>          |r<9>           |    8.505|
a<10>          |r<10>          |    8.484|
a<10>          |r<11>          |    8.495|
a<10>          |r<12>          |    8.615|
a<10>          |r<13>          |    8.625|
a<10>          |r<14>          |    8.729|
a<10>          |r<15>          |    8.735|
a<10>          |r<16>          |    8.729|
a<10>          |r<17>          |    8.733|
a<10>          |r<18>          |    7.994|
a<10>          |r<19>          |    7.988|
a<10>          |r<20>          |    8.003|
a<10>          |r<21>          |    8.010|
a<10>          |r<22>          |    7.993|
a<10>          |r<23>          |    7.984|
a<10>          |r<24>          |    8.143|
a<10>          |r<25>          |    8.136|
a<10>          |r<26>          |    7.844|
a<10>          |r<27>          |    7.833|
a<10>          |r<28>          |    7.814|
a<10>          |r<29>          |    7.805|
a<10>          |r<30>          |    7.674|
a<10>          |r<31>          |    7.988|
a<11>          |r<0>           |    8.869|
a<11>          |r<1>           |    8.862|
a<11>          |r<2>           |    8.750|
a<11>          |r<3>           |    8.739|
a<11>          |r<4>           |    8.710|
a<11>          |r<5>           |    8.717|
a<11>          |r<6>           |    8.878|
a<11>          |r<7>           |    8.880|
a<11>          |r<8>           |    8.866|
a<11>          |r<9>           |    8.862|
a<11>          |r<10>          |    8.841|
a<11>          |r<11>          |    8.852|
a<11>          |r<12>          |    8.972|
a<11>          |r<13>          |    8.982|
a<11>          |r<14>          |    9.086|
a<11>          |r<15>          |    9.092|
a<11>          |r<16>          |    9.086|
a<11>          |r<17>          |    9.090|
a<11>          |r<18>          |    8.351|
a<11>          |r<19>          |    8.345|
a<11>          |r<20>          |    8.360|
a<11>          |r<21>          |    8.367|
a<11>          |r<22>          |    8.350|
a<11>          |r<23>          |    8.341|
a<11>          |r<24>          |    8.500|
a<11>          |r<25>          |    8.493|
a<11>          |r<26>          |    8.201|
a<11>          |r<27>          |    8.190|
a<11>          |r<28>          |    8.171|
a<11>          |r<29>          |    8.162|
a<11>          |r<30>          |    8.031|
a<11>          |r<31>          |    8.345|
a<12>          |r<0>           |    8.994|
a<12>          |r<1>           |    8.987|
a<12>          |r<2>           |    8.875|
a<12>          |r<3>           |    8.864|
a<12>          |r<4>           |    8.835|
a<12>          |r<5>           |    8.842|
a<12>          |r<6>           |    9.003|
a<12>          |r<7>           |    9.005|
a<12>          |r<8>           |    8.991|
a<12>          |r<9>           |    8.987|
a<12>          |r<10>          |    8.966|
a<12>          |r<11>          |    8.977|
a<12>          |r<12>          |    9.097|
a<12>          |r<13>          |    9.107|
a<12>          |r<14>          |    9.211|
a<12>          |r<15>          |    9.217|
a<12>          |r<16>          |    9.211|
a<12>          |r<17>          |    9.215|
a<12>          |r<18>          |    8.476|
a<12>          |r<19>          |    8.470|
a<12>          |r<20>          |    8.485|
a<12>          |r<21>          |    8.492|
a<12>          |r<22>          |    8.475|
a<12>          |r<23>          |    8.466|
a<12>          |r<24>          |    8.625|
a<12>          |r<25>          |    8.618|
a<12>          |r<26>          |    8.326|
a<12>          |r<27>          |    8.315|
a<12>          |r<28>          |    8.296|
a<12>          |r<29>          |    8.287|
a<12>          |r<30>          |    8.156|
a<12>          |r<31>          |    8.470|
a<13>          |r<0>           |    8.749|
a<13>          |r<1>           |    8.742|
a<13>          |r<2>           |    8.630|
a<13>          |r<3>           |    8.619|
a<13>          |r<4>           |    8.590|
a<13>          |r<5>           |    8.597|
a<13>          |r<6>           |    8.758|
a<13>          |r<7>           |    8.760|
a<13>          |r<8>           |    8.746|
a<13>          |r<9>           |    8.742|
a<13>          |r<10>          |    8.721|
a<13>          |r<11>          |    8.732|
a<13>          |r<12>          |    8.852|
a<13>          |r<13>          |    8.862|
a<13>          |r<14>          |    8.966|
a<13>          |r<15>          |    8.972|
a<13>          |r<16>          |    8.966|
a<13>          |r<17>          |    8.970|
a<13>          |r<18>          |    8.231|
a<13>          |r<19>          |    8.225|
a<13>          |r<20>          |    8.240|
a<13>          |r<21>          |    8.247|
a<13>          |r<22>          |    8.230|
a<13>          |r<23>          |    8.221|
a<13>          |r<24>          |    8.380|
a<13>          |r<25>          |    8.373|
a<13>          |r<26>          |    8.081|
a<13>          |r<27>          |    8.070|
a<13>          |r<28>          |    8.051|
a<13>          |r<29>          |    8.042|
a<13>          |r<30>          |    7.911|
a<13>          |r<31>          |    8.225|
a<14>          |r<0>           |    8.931|
a<14>          |r<1>           |    8.924|
a<14>          |r<2>           |    8.812|
a<14>          |r<3>           |    8.801|
a<14>          |r<4>           |    8.772|
a<14>          |r<5>           |    8.779|
a<14>          |r<6>           |    8.940|
a<14>          |r<7>           |    8.942|
a<14>          |r<8>           |    8.928|
a<14>          |r<9>           |    8.924|
a<14>          |r<10>          |    8.903|
a<14>          |r<11>          |    8.914|
a<14>          |r<12>          |    9.034|
a<14>          |r<13>          |    9.044|
a<14>          |r<14>          |    9.148|
a<14>          |r<15>          |    9.154|
a<14>          |r<16>          |    9.148|
a<14>          |r<17>          |    9.152|
a<14>          |r<18>          |    8.413|
a<14>          |r<19>          |    8.407|
a<14>          |r<20>          |    8.422|
a<14>          |r<21>          |    8.429|
a<14>          |r<22>          |    8.412|
a<14>          |r<23>          |    8.403|
a<14>          |r<24>          |    8.562|
a<14>          |r<25>          |    8.555|
a<14>          |r<26>          |    8.263|
a<14>          |r<27>          |    8.252|
a<14>          |r<28>          |    8.233|
a<14>          |r<29>          |    8.224|
a<14>          |r<30>          |    8.093|
a<14>          |r<31>          |    8.407|
a<15>          |r<0>           |    8.275|
a<15>          |r<1>           |    8.268|
a<15>          |r<2>           |    8.156|
a<15>          |r<3>           |    8.145|
a<15>          |r<4>           |    8.116|
a<15>          |r<5>           |    8.123|
a<15>          |r<6>           |    8.284|
a<15>          |r<7>           |    8.286|
a<15>          |r<8>           |    8.272|
a<15>          |r<9>           |    8.268|
a<15>          |r<10>          |    8.247|
a<15>          |r<11>          |    8.258|
a<15>          |r<12>          |    8.378|
a<15>          |r<13>          |    8.388|
a<15>          |r<14>          |    8.492|
a<15>          |r<15>          |    8.498|
a<15>          |r<16>          |    8.492|
a<15>          |r<17>          |    8.496|
a<15>          |r<18>          |    7.757|
a<15>          |r<19>          |    7.751|
a<15>          |r<20>          |    7.766|
a<15>          |r<21>          |    7.773|
a<15>          |r<22>          |    7.756|
a<15>          |r<23>          |    7.747|
a<15>          |r<24>          |    7.906|
a<15>          |r<25>          |    7.899|
a<15>          |r<26>          |    7.607|
a<15>          |r<27>          |    7.596|
a<15>          |r<28>          |    7.577|
a<15>          |r<29>          |    7.568|
a<15>          |r<30>          |    7.437|
a<15>          |r<31>          |    7.751|
a<16>          |r<0>           |    8.290|
a<16>          |r<1>           |    8.283|
a<16>          |r<2>           |    8.171|
a<16>          |r<3>           |    8.160|
a<16>          |r<4>           |    8.131|
a<16>          |r<5>           |    8.138|
a<16>          |r<6>           |    8.299|
a<16>          |r<7>           |    8.301|
a<16>          |r<8>           |    8.287|
a<16>          |r<9>           |    8.283|
a<16>          |r<10>          |    8.262|
a<16>          |r<11>          |    8.273|
a<16>          |r<12>          |    8.393|
a<16>          |r<13>          |    8.403|
a<16>          |r<14>          |    8.507|
a<16>          |r<15>          |    8.513|
a<16>          |r<16>          |    8.507|
a<16>          |r<17>          |    8.511|
a<16>          |r<18>          |    7.772|
a<16>          |r<19>          |    7.766|
a<16>          |r<20>          |    7.781|
a<16>          |r<21>          |    7.788|
a<16>          |r<22>          |    7.771|
a<16>          |r<23>          |    7.762|
a<16>          |r<24>          |    7.921|
a<16>          |r<25>          |    7.914|
a<16>          |r<26>          |    7.622|
a<16>          |r<27>          |    7.611|
a<16>          |r<28>          |    7.592|
a<16>          |r<29>          |    7.583|
a<16>          |r<30>          |    7.452|
a<16>          |r<31>          |    7.766|
a<17>          |r<0>           |    8.729|
a<17>          |r<1>           |    8.722|
a<17>          |r<2>           |    8.610|
a<17>          |r<3>           |    8.599|
a<17>          |r<4>           |    8.570|
a<17>          |r<5>           |    8.577|
a<17>          |r<6>           |    8.738|
a<17>          |r<7>           |    8.740|
a<17>          |r<8>           |    8.726|
a<17>          |r<9>           |    8.722|
a<17>          |r<10>          |    8.701|
a<17>          |r<11>          |    8.712|
a<17>          |r<12>          |    8.832|
a<17>          |r<13>          |    8.842|
a<17>          |r<14>          |    8.946|
a<17>          |r<15>          |    8.952|
a<17>          |r<16>          |    8.946|
a<17>          |r<17>          |    8.950|
a<17>          |r<18>          |    8.211|
a<17>          |r<19>          |    8.205|
a<17>          |r<20>          |    8.220|
a<17>          |r<21>          |    8.227|
a<17>          |r<22>          |    8.210|
a<17>          |r<23>          |    8.201|
a<17>          |r<24>          |    8.360|
a<17>          |r<25>          |    8.353|
a<17>          |r<26>          |    8.061|
a<17>          |r<27>          |    8.050|
a<17>          |r<28>          |    8.031|
a<17>          |r<29>          |    8.022|
a<17>          |r<30>          |    7.891|
a<17>          |r<31>          |    8.205|
a<18>          |r<0>           |    8.615|
a<18>          |r<1>           |    8.608|
a<18>          |r<2>           |    8.496|
a<18>          |r<3>           |    8.485|
a<18>          |r<4>           |    8.456|
a<18>          |r<5>           |    8.463|
a<18>          |r<6>           |    8.624|
a<18>          |r<7>           |    8.626|
a<18>          |r<8>           |    8.612|
a<18>          |r<9>           |    8.608|
a<18>          |r<10>          |    8.587|
a<18>          |r<11>          |    8.598|
a<18>          |r<12>          |    8.718|
a<18>          |r<13>          |    8.728|
a<18>          |r<14>          |    8.832|
a<18>          |r<15>          |    8.838|
a<18>          |r<16>          |    8.832|
a<18>          |r<17>          |    8.836|
a<18>          |r<18>          |    8.097|
a<18>          |r<19>          |    8.091|
a<18>          |r<20>          |    8.106|
a<18>          |r<21>          |    8.113|
a<18>          |r<22>          |    8.096|
a<18>          |r<23>          |    8.087|
a<18>          |r<24>          |    8.246|
a<18>          |r<25>          |    8.239|
a<18>          |r<26>          |    7.947|
a<18>          |r<27>          |    7.936|
a<18>          |r<28>          |    7.917|
a<18>          |r<29>          |    7.908|
a<18>          |r<30>          |    7.777|
a<18>          |r<31>          |    8.091|
a<19>          |r<0>           |    8.955|
a<19>          |r<1>           |    8.948|
a<19>          |r<2>           |    8.836|
a<19>          |r<3>           |    8.825|
a<19>          |r<4>           |    8.796|
a<19>          |r<5>           |    8.803|
a<19>          |r<6>           |    8.964|
a<19>          |r<7>           |    8.966|
a<19>          |r<8>           |    8.952|
a<19>          |r<9>           |    8.948|
a<19>          |r<10>          |    8.927|
a<19>          |r<11>          |    8.938|
a<19>          |r<12>          |    9.058|
a<19>          |r<13>          |    9.068|
a<19>          |r<14>          |    9.172|
a<19>          |r<15>          |    9.178|
a<19>          |r<16>          |    9.172|
a<19>          |r<17>          |    9.176|
a<19>          |r<18>          |    8.437|
a<19>          |r<19>          |    8.431|
a<19>          |r<20>          |    8.446|
a<19>          |r<21>          |    8.453|
a<19>          |r<22>          |    8.436|
a<19>          |r<23>          |    8.427|
a<19>          |r<24>          |    8.586|
a<19>          |r<25>          |    8.579|
a<19>          |r<26>          |    8.287|
a<19>          |r<27>          |    8.276|
a<19>          |r<28>          |    8.257|
a<19>          |r<29>          |    8.248|
a<19>          |r<30>          |    8.117|
a<19>          |r<31>          |    8.431|
a<20>          |r<0>           |    8.521|
a<20>          |r<1>           |    8.514|
a<20>          |r<2>           |    8.402|
a<20>          |r<3>           |    8.391|
a<20>          |r<4>           |    8.362|
a<20>          |r<5>           |    8.369|
a<20>          |r<6>           |    8.530|
a<20>          |r<7>           |    8.532|
a<20>          |r<8>           |    8.518|
a<20>          |r<9>           |    8.514|
a<20>          |r<10>          |    8.493|
a<20>          |r<11>          |    8.504|
a<20>          |r<12>          |    8.624|
a<20>          |r<13>          |    8.634|
a<20>          |r<14>          |    8.738|
a<20>          |r<15>          |    8.744|
a<20>          |r<16>          |    8.738|
a<20>          |r<17>          |    8.742|
a<20>          |r<18>          |    8.003|
a<20>          |r<19>          |    7.997|
a<20>          |r<20>          |    8.012|
a<20>          |r<21>          |    8.019|
a<20>          |r<22>          |    8.002|
a<20>          |r<23>          |    7.993|
a<20>          |r<24>          |    8.152|
a<20>          |r<25>          |    8.145|
a<20>          |r<26>          |    7.853|
a<20>          |r<27>          |    7.842|
a<20>          |r<28>          |    7.823|
a<20>          |r<29>          |    7.814|
a<20>          |r<30>          |    7.683|
a<20>          |r<31>          |    7.997|
a<21>          |r<0>           |    8.177|
a<21>          |r<1>           |    8.170|
a<21>          |r<2>           |    8.058|
a<21>          |r<3>           |    8.047|
a<21>          |r<4>           |    8.018|
a<21>          |r<5>           |    8.025|
a<21>          |r<6>           |    8.186|
a<21>          |r<7>           |    8.188|
a<21>          |r<8>           |    8.174|
a<21>          |r<9>           |    8.170|
a<21>          |r<10>          |    8.149|
a<21>          |r<11>          |    8.160|
a<21>          |r<12>          |    8.280|
a<21>          |r<13>          |    8.290|
a<21>          |r<14>          |    8.394|
a<21>          |r<15>          |    8.400|
a<21>          |r<16>          |    8.394|
a<21>          |r<17>          |    8.398|
a<21>          |r<18>          |    7.659|
a<21>          |r<19>          |    7.653|
a<21>          |r<20>          |    7.668|
a<21>          |r<21>          |    7.675|
a<21>          |r<22>          |    7.658|
a<21>          |r<23>          |    7.649|
a<21>          |r<24>          |    7.808|
a<21>          |r<25>          |    7.801|
a<21>          |r<26>          |    7.509|
a<21>          |r<27>          |    7.498|
a<21>          |r<28>          |    7.479|
a<21>          |r<29>          |    7.470|
a<21>          |r<30>          |    7.339|
a<21>          |r<31>          |    7.653|
a<22>          |r<0>           |    7.849|
a<22>          |r<1>           |    7.842|
a<22>          |r<2>           |    7.730|
a<22>          |r<3>           |    7.719|
a<22>          |r<4>           |    7.690|
a<22>          |r<5>           |    7.697|
a<22>          |r<6>           |    7.858|
a<22>          |r<7>           |    7.860|
a<22>          |r<8>           |    7.846|
a<22>          |r<9>           |    7.842|
a<22>          |r<10>          |    7.821|
a<22>          |r<11>          |    7.832|
a<22>          |r<12>          |    7.952|
a<22>          |r<13>          |    7.962|
a<22>          |r<14>          |    8.066|
a<22>          |r<15>          |    8.072|
a<22>          |r<16>          |    8.066|
a<22>          |r<17>          |    8.070|
a<22>          |r<18>          |    7.331|
a<22>          |r<19>          |    7.325|
a<22>          |r<20>          |    7.340|
a<22>          |r<21>          |    7.347|
a<22>          |r<22>          |    7.330|
a<22>          |r<23>          |    7.321|
a<22>          |r<24>          |    7.480|
a<22>          |r<25>          |    7.473|
a<22>          |r<26>          |    7.181|
a<22>          |r<27>          |    7.170|
a<22>          |r<28>          |    7.151|
a<22>          |r<29>          |    7.142|
a<22>          |r<30>          |    7.011|
a<22>          |r<31>          |    7.325|
a<23>          |r<0>           |    8.248|
a<23>          |r<1>           |    8.241|
a<23>          |r<2>           |    8.129|
a<23>          |r<3>           |    8.118|
a<23>          |r<4>           |    8.089|
a<23>          |r<5>           |    8.096|
a<23>          |r<6>           |    8.257|
a<23>          |r<7>           |    8.259|
a<23>          |r<8>           |    8.245|
a<23>          |r<9>           |    8.241|
a<23>          |r<10>          |    8.220|
a<23>          |r<11>          |    8.231|
a<23>          |r<12>          |    8.351|
a<23>          |r<13>          |    8.361|
a<23>          |r<14>          |    8.465|
a<23>          |r<15>          |    8.471|
a<23>          |r<16>          |    8.465|
a<23>          |r<17>          |    8.469|
a<23>          |r<18>          |    7.730|
a<23>          |r<19>          |    7.724|
a<23>          |r<20>          |    7.739|
a<23>          |r<21>          |    7.746|
a<23>          |r<22>          |    7.729|
a<23>          |r<23>          |    7.720|
a<23>          |r<24>          |    7.879|
a<23>          |r<25>          |    7.872|
a<23>          |r<26>          |    7.580|
a<23>          |r<27>          |    7.569|
a<23>          |r<28>          |    7.550|
a<23>          |r<29>          |    7.541|
a<23>          |r<30>          |    7.410|
a<23>          |r<31>          |    7.724|
a<24>          |r<0>           |    8.186|
a<24>          |r<1>           |    8.179|
a<24>          |r<2>           |    8.067|
a<24>          |r<3>           |    8.056|
a<24>          |r<4>           |    8.027|
a<24>          |r<5>           |    8.034|
a<24>          |r<6>           |    8.195|
a<24>          |r<7>           |    8.197|
a<24>          |r<8>           |    8.183|
a<24>          |r<9>           |    8.179|
a<24>          |r<10>          |    8.158|
a<24>          |r<11>          |    8.169|
a<24>          |r<12>          |    8.289|
a<24>          |r<13>          |    8.299|
a<24>          |r<14>          |    8.403|
a<24>          |r<15>          |    8.409|
a<24>          |r<16>          |    8.403|
a<24>          |r<17>          |    8.407|
a<24>          |r<18>          |    7.668|
a<24>          |r<19>          |    7.662|
a<24>          |r<20>          |    7.677|
a<24>          |r<21>          |    7.684|
a<24>          |r<22>          |    7.667|
a<24>          |r<23>          |    7.658|
a<24>          |r<24>          |    7.817|
a<24>          |r<25>          |    7.810|
a<24>          |r<26>          |    7.518|
a<24>          |r<27>          |    7.507|
a<24>          |r<28>          |    7.488|
a<24>          |r<29>          |    7.479|
a<24>          |r<30>          |    7.348|
a<24>          |r<31>          |    7.662|
a<25>          |r<0>           |    8.180|
a<25>          |r<1>           |    8.173|
a<25>          |r<2>           |    8.061|
a<25>          |r<3>           |    8.050|
a<25>          |r<4>           |    8.021|
a<25>          |r<5>           |    8.028|
a<25>          |r<6>           |    8.189|
a<25>          |r<7>           |    8.191|
a<25>          |r<8>           |    8.177|
a<25>          |r<9>           |    8.173|
a<25>          |r<10>          |    8.152|
a<25>          |r<11>          |    8.163|
a<25>          |r<12>          |    8.283|
a<25>          |r<13>          |    8.293|
a<25>          |r<14>          |    8.397|
a<25>          |r<15>          |    8.403|
a<25>          |r<16>          |    8.397|
a<25>          |r<17>          |    8.401|
a<25>          |r<18>          |    7.662|
a<25>          |r<19>          |    7.656|
a<25>          |r<20>          |    7.671|
a<25>          |r<21>          |    7.678|
a<25>          |r<22>          |    7.661|
a<25>          |r<23>          |    7.652|
a<25>          |r<24>          |    7.811|
a<25>          |r<25>          |    7.804|
a<25>          |r<26>          |    7.512|
a<25>          |r<27>          |    7.501|
a<25>          |r<28>          |    7.482|
a<25>          |r<29>          |    7.473|
a<25>          |r<30>          |    7.342|
a<25>          |r<31>          |    7.656|
a<26>          |r<0>           |    8.122|
a<26>          |r<1>           |    8.115|
a<26>          |r<2>           |    8.003|
a<26>          |r<3>           |    7.992|
a<26>          |r<4>           |    7.963|
a<26>          |r<5>           |    7.970|
a<26>          |r<6>           |    8.131|
a<26>          |r<7>           |    8.133|
a<26>          |r<8>           |    8.119|
a<26>          |r<9>           |    8.115|
a<26>          |r<10>          |    8.094|
a<26>          |r<11>          |    8.105|
a<26>          |r<12>          |    8.225|
a<26>          |r<13>          |    8.235|
a<26>          |r<14>          |    8.339|
a<26>          |r<15>          |    8.345|
a<26>          |r<16>          |    8.339|
a<26>          |r<17>          |    8.343|
a<26>          |r<18>          |    7.604|
a<26>          |r<19>          |    7.598|
a<26>          |r<20>          |    7.613|
a<26>          |r<21>          |    7.620|
a<26>          |r<22>          |    7.603|
a<26>          |r<23>          |    7.594|
a<26>          |r<24>          |    7.753|
a<26>          |r<25>          |    7.746|
a<26>          |r<26>          |    7.454|
a<26>          |r<27>          |    7.443|
a<26>          |r<28>          |    7.424|
a<26>          |r<29>          |    7.415|
a<26>          |r<30>          |    7.284|
a<26>          |r<31>          |    7.598|
a<27>          |r<0>           |    8.396|
a<27>          |r<1>           |    8.389|
a<27>          |r<2>           |    8.277|
a<27>          |r<3>           |    8.266|
a<27>          |r<4>           |    8.237|
a<27>          |r<5>           |    8.244|
a<27>          |r<6>           |    8.405|
a<27>          |r<7>           |    8.407|
a<27>          |r<8>           |    8.393|
a<27>          |r<9>           |    8.389|
a<27>          |r<10>          |    8.368|
a<27>          |r<11>          |    8.379|
a<27>          |r<12>          |    8.499|
a<27>          |r<13>          |    8.509|
a<27>          |r<14>          |    8.613|
a<27>          |r<15>          |    8.619|
a<27>          |r<16>          |    8.613|
a<27>          |r<17>          |    8.617|
a<27>          |r<18>          |    7.878|
a<27>          |r<19>          |    7.872|
a<27>          |r<20>          |    7.887|
a<27>          |r<21>          |    7.894|
a<27>          |r<22>          |    7.877|
a<27>          |r<23>          |    7.868|
a<27>          |r<24>          |    8.027|
a<27>          |r<25>          |    8.020|
a<27>          |r<26>          |    7.728|
a<27>          |r<27>          |    7.717|
a<27>          |r<28>          |    7.698|
a<27>          |r<29>          |    7.689|
a<27>          |r<30>          |    7.558|
a<27>          |r<31>          |    7.872|
a<28>          |r<0>           |    8.055|
a<28>          |r<1>           |    8.048|
a<28>          |r<2>           |    7.936|
a<28>          |r<3>           |    7.925|
a<28>          |r<4>           |    7.896|
a<28>          |r<5>           |    7.903|
a<28>          |r<6>           |    8.064|
a<28>          |r<7>           |    8.066|
a<28>          |r<8>           |    8.052|
a<28>          |r<9>           |    8.048|
a<28>          |r<10>          |    8.027|
a<28>          |r<11>          |    8.038|
a<28>          |r<12>          |    8.158|
a<28>          |r<13>          |    8.168|
a<28>          |r<14>          |    8.272|
a<28>          |r<15>          |    8.278|
a<28>          |r<16>          |    8.272|
a<28>          |r<17>          |    8.276|
a<28>          |r<18>          |    7.537|
a<28>          |r<19>          |    7.531|
a<28>          |r<20>          |    7.546|
a<28>          |r<21>          |    7.553|
a<28>          |r<22>          |    7.536|
a<28>          |r<23>          |    7.527|
a<28>          |r<24>          |    7.686|
a<28>          |r<25>          |    7.679|
a<28>          |r<26>          |    7.387|
a<28>          |r<27>          |    7.376|
a<28>          |r<28>          |    7.357|
a<28>          |r<29>          |    7.348|
a<28>          |r<30>          |    7.217|
a<28>          |r<31>          |    7.531|
a<29>          |r<0>           |    8.423|
a<29>          |r<1>           |    8.416|
a<29>          |r<2>           |    8.304|
a<29>          |r<3>           |    8.293|
a<29>          |r<4>           |    8.264|
a<29>          |r<5>           |    8.271|
a<29>          |r<6>           |    8.432|
a<29>          |r<7>           |    8.434|
a<29>          |r<8>           |    8.420|
a<29>          |r<9>           |    8.416|
a<29>          |r<10>          |    8.395|
a<29>          |r<11>          |    8.406|
a<29>          |r<12>          |    8.526|
a<29>          |r<13>          |    8.536|
a<29>          |r<14>          |    8.640|
a<29>          |r<15>          |    8.646|
a<29>          |r<16>          |    8.640|
a<29>          |r<17>          |    8.644|
a<29>          |r<18>          |    7.905|
a<29>          |r<19>          |    7.899|
a<29>          |r<20>          |    7.914|
a<29>          |r<21>          |    7.921|
a<29>          |r<22>          |    7.904|
a<29>          |r<23>          |    7.895|
a<29>          |r<24>          |    8.054|
a<29>          |r<25>          |    8.047|
a<29>          |r<26>          |    7.755|
a<29>          |r<27>          |    7.744|
a<29>          |r<28>          |    7.725|
a<29>          |r<29>          |    7.716|
a<29>          |r<30>          |    7.585|
a<29>          |r<31>          |    7.899|
a<30>          |r<0>           |    8.178|
a<30>          |r<1>           |    8.171|
a<30>          |r<2>           |    8.059|
a<30>          |r<3>           |    8.048|
a<30>          |r<4>           |    8.019|
a<30>          |r<5>           |    8.026|
a<30>          |r<6>           |    8.187|
a<30>          |r<7>           |    8.189|
a<30>          |r<8>           |    8.175|
a<30>          |r<9>           |    8.171|
a<30>          |r<10>          |    8.150|
a<30>          |r<11>          |    8.161|
a<30>          |r<12>          |    8.281|
a<30>          |r<13>          |    8.291|
a<30>          |r<14>          |    8.395|
a<30>          |r<15>          |    8.401|
a<30>          |r<16>          |    8.395|
a<30>          |r<17>          |    8.399|
a<30>          |r<18>          |    7.660|
a<30>          |r<19>          |    7.654|
a<30>          |r<20>          |    7.669|
a<30>          |r<21>          |    7.676|
a<30>          |r<22>          |    7.659|
a<30>          |r<23>          |    7.650|
a<30>          |r<24>          |    7.809|
a<30>          |r<25>          |    7.802|
a<30>          |r<26>          |    7.510|
a<30>          |r<27>          |    7.499|
a<30>          |r<28>          |    7.480|
a<30>          |r<29>          |    7.471|
a<30>          |r<30>          |    7.340|
a<30>          |r<31>          |    7.565|
a<31>          |r<0>           |    8.099|
a<31>          |r<1>           |    8.092|
a<31>          |r<2>           |    7.980|
a<31>          |r<3>           |    7.969|
a<31>          |r<4>           |    7.940|
a<31>          |r<5>           |    7.947|
a<31>          |r<6>           |    8.108|
a<31>          |r<7>           |    8.110|
a<31>          |r<8>           |    8.096|
a<31>          |r<9>           |    8.092|
a<31>          |r<10>          |    8.071|
a<31>          |r<11>          |    8.082|
a<31>          |r<12>          |    8.202|
a<31>          |r<13>          |    8.212|
a<31>          |r<14>          |    8.316|
a<31>          |r<15>          |    8.322|
a<31>          |r<16>          |    8.316|
a<31>          |r<17>          |    8.320|
a<31>          |r<18>          |    7.581|
a<31>          |r<19>          |    7.575|
a<31>          |r<20>          |    7.590|
a<31>          |r<21>          |    7.597|
a<31>          |r<22>          |    7.580|
a<31>          |r<23>          |    7.571|
a<31>          |r<24>          |    7.730|
a<31>          |r<25>          |    7.723|
a<31>          |r<26>          |    7.431|
a<31>          |r<27>          |    7.420|
a<31>          |r<28>          |    7.401|
a<31>          |r<29>          |    7.392|
a<31>          |r<30>          |    7.261|
a<31>          |r<31>          |    7.369|
b<0>           |r<0>           |    9.065|
b<0>           |r<1>           |    9.058|
b<0>           |r<2>           |    8.946|
b<0>           |r<3>           |    8.935|
b<0>           |r<4>           |    8.906|
b<0>           |r<5>           |    8.913|
b<0>           |r<6>           |    9.074|
b<0>           |r<7>           |    9.076|
b<0>           |r<8>           |    9.062|
b<0>           |r<9>           |    9.058|
b<0>           |r<10>          |    9.037|
b<0>           |r<11>          |    9.048|
b<0>           |r<12>          |    9.168|
b<0>           |r<13>          |    9.178|
b<0>           |r<14>          |    9.282|
b<0>           |r<15>          |    9.288|
b<0>           |r<16>          |    9.282|
b<0>           |r<17>          |    9.286|
b<0>           |r<18>          |    8.547|
b<0>           |r<19>          |    8.541|
b<0>           |r<20>          |    8.556|
b<0>           |r<21>          |    8.563|
b<0>           |r<22>          |    8.546|
b<0>           |r<23>          |    8.537|
b<0>           |r<24>          |    8.696|
b<0>           |r<25>          |    8.689|
b<0>           |r<26>          |    8.397|
b<0>           |r<27>          |    8.386|
b<0>           |r<28>          |    8.367|
b<0>           |r<29>          |    8.358|
b<0>           |r<30>          |    8.227|
b<0>           |r<31>          |    8.541|
b<1>           |r<0>           |    8.641|
b<1>           |r<1>           |    8.634|
b<1>           |r<2>           |    8.522|
b<1>           |r<3>           |    8.511|
b<1>           |r<4>           |    8.482|
b<1>           |r<5>           |    8.489|
b<1>           |r<6>           |    8.650|
b<1>           |r<7>           |    8.652|
b<1>           |r<8>           |    8.638|
b<1>           |r<9>           |    8.634|
b<1>           |r<10>          |    8.613|
b<1>           |r<11>          |    8.624|
b<1>           |r<12>          |    8.744|
b<1>           |r<13>          |    8.754|
b<1>           |r<14>          |    8.858|
b<1>           |r<15>          |    8.864|
b<1>           |r<16>          |    8.858|
b<1>           |r<17>          |    8.862|
b<1>           |r<18>          |    8.123|
b<1>           |r<19>          |    8.117|
b<1>           |r<20>          |    8.132|
b<1>           |r<21>          |    8.139|
b<1>           |r<22>          |    8.122|
b<1>           |r<23>          |    8.113|
b<1>           |r<24>          |    8.272|
b<1>           |r<25>          |    8.265|
b<1>           |r<26>          |    7.973|
b<1>           |r<27>          |    7.962|
b<1>           |r<28>          |    7.943|
b<1>           |r<29>          |    7.934|
b<1>           |r<30>          |    7.803|
b<1>           |r<31>          |    8.117|
b<2>           |r<0>           |    8.795|
b<2>           |r<1>           |    8.788|
b<2>           |r<2>           |    8.676|
b<2>           |r<3>           |    8.665|
b<2>           |r<4>           |    8.636|
b<2>           |r<5>           |    8.643|
b<2>           |r<6>           |    8.804|
b<2>           |r<7>           |    8.806|
b<2>           |r<8>           |    8.792|
b<2>           |r<9>           |    8.788|
b<2>           |r<10>          |    8.767|
b<2>           |r<11>          |    8.778|
b<2>           |r<12>          |    8.898|
b<2>           |r<13>          |    8.908|
b<2>           |r<14>          |    9.012|
b<2>           |r<15>          |    9.018|
b<2>           |r<16>          |    9.012|
b<2>           |r<17>          |    9.016|
b<2>           |r<18>          |    8.277|
b<2>           |r<19>          |    8.271|
b<2>           |r<20>          |    8.286|
b<2>           |r<21>          |    8.293|
b<2>           |r<22>          |    8.276|
b<2>           |r<23>          |    8.267|
b<2>           |r<24>          |    8.426|
b<2>           |r<25>          |    8.419|
b<2>           |r<26>          |    8.127|
b<2>           |r<27>          |    8.116|
b<2>           |r<28>          |    8.097|
b<2>           |r<29>          |    8.088|
b<2>           |r<30>          |    7.957|
b<2>           |r<31>          |    8.271|
b<3>           |r<0>           |    8.999|
b<3>           |r<1>           |    8.992|
b<3>           |r<2>           |    8.880|
b<3>           |r<3>           |    8.869|
b<3>           |r<4>           |    8.840|
b<3>           |r<5>           |    8.847|
b<3>           |r<6>           |    9.008|
b<3>           |r<7>           |    9.010|
b<3>           |r<8>           |    8.996|
b<3>           |r<9>           |    8.992|
b<3>           |r<10>          |    8.971|
b<3>           |r<11>          |    8.982|
b<3>           |r<12>          |    9.102|
b<3>           |r<13>          |    9.112|
b<3>           |r<14>          |    9.216|
b<3>           |r<15>          |    9.222|
b<3>           |r<16>          |    9.216|
b<3>           |r<17>          |    9.220|
b<3>           |r<18>          |    8.481|
b<3>           |r<19>          |    8.475|
b<3>           |r<20>          |    8.490|
b<3>           |r<21>          |    8.497|
b<3>           |r<22>          |    8.480|
b<3>           |r<23>          |    8.471|
b<3>           |r<24>          |    8.630|
b<3>           |r<25>          |    8.623|
b<3>           |r<26>          |    8.331|
b<3>           |r<27>          |    8.320|
b<3>           |r<28>          |    8.301|
b<3>           |r<29>          |    8.292|
b<3>           |r<30>          |    8.161|
b<3>           |r<31>          |    8.475|
b<4>           |r<0>           |    8.322|
b<4>           |r<1>           |    8.315|
b<4>           |r<2>           |    8.203|
b<4>           |r<3>           |    8.192|
b<4>           |r<4>           |    8.163|
b<4>           |r<5>           |    8.170|
b<4>           |r<6>           |    8.331|
b<4>           |r<7>           |    8.333|
b<4>           |r<8>           |    8.319|
b<4>           |r<9>           |    8.315|
b<4>           |r<10>          |    8.294|
b<4>           |r<11>          |    8.305|
b<4>           |r<12>          |    8.425|
b<4>           |r<13>          |    8.435|
b<4>           |r<14>          |    8.539|
b<4>           |r<15>          |    8.545|
b<4>           |r<16>          |    8.539|
b<4>           |r<17>          |    8.543|
b<4>           |r<18>          |    7.804|
b<4>           |r<19>          |    7.798|
b<4>           |r<20>          |    7.813|
b<4>           |r<21>          |    7.820|
b<4>           |r<22>          |    7.803|
b<4>           |r<23>          |    7.794|
b<4>           |r<24>          |    7.953|
b<4>           |r<25>          |    7.946|
b<4>           |r<26>          |    7.654|
b<4>           |r<27>          |    7.643|
b<4>           |r<28>          |    7.624|
b<4>           |r<29>          |    7.615|
b<4>           |r<30>          |    7.484|
b<4>           |r<31>          |    7.798|
b<5>           |r<0>           |    8.620|
b<5>           |r<1>           |    8.613|
b<5>           |r<2>           |    8.501|
b<5>           |r<3>           |    8.490|
b<5>           |r<4>           |    8.461|
b<5>           |r<5>           |    8.468|
b<5>           |r<6>           |    8.629|
b<5>           |r<7>           |    8.631|
b<5>           |r<8>           |    8.617|
b<5>           |r<9>           |    8.613|
b<5>           |r<10>          |    8.592|
b<5>           |r<11>          |    8.603|
b<5>           |r<12>          |    8.723|
b<5>           |r<13>          |    8.733|
b<5>           |r<14>          |    8.837|
b<5>           |r<15>          |    8.843|
b<5>           |r<16>          |    8.837|
b<5>           |r<17>          |    8.841|
b<5>           |r<18>          |    8.102|
b<5>           |r<19>          |    8.096|
b<5>           |r<20>          |    8.111|
b<5>           |r<21>          |    8.118|
b<5>           |r<22>          |    8.101|
b<5>           |r<23>          |    8.092|
b<5>           |r<24>          |    8.251|
b<5>           |r<25>          |    8.244|
b<5>           |r<26>          |    7.952|
b<5>           |r<27>          |    7.941|
b<5>           |r<28>          |    7.922|
b<5>           |r<29>          |    7.913|
b<5>           |r<30>          |    7.782|
b<5>           |r<31>          |    8.096|
b<6>           |r<0>           |    8.234|
b<6>           |r<1>           |    8.227|
b<6>           |r<2>           |    8.115|
b<6>           |r<3>           |    8.104|
b<6>           |r<4>           |    8.075|
b<6>           |r<5>           |    8.082|
b<6>           |r<6>           |    8.243|
b<6>           |r<7>           |    8.245|
b<6>           |r<8>           |    8.231|
b<6>           |r<9>           |    8.227|
b<6>           |r<10>          |    8.206|
b<6>           |r<11>          |    8.217|
b<6>           |r<12>          |    8.337|
b<6>           |r<13>          |    8.347|
b<6>           |r<14>          |    8.451|
b<6>           |r<15>          |    8.457|
b<6>           |r<16>          |    8.451|
b<6>           |r<17>          |    8.455|
b<6>           |r<18>          |    7.716|
b<6>           |r<19>          |    7.710|
b<6>           |r<20>          |    7.725|
b<6>           |r<21>          |    7.732|
b<6>           |r<22>          |    7.715|
b<6>           |r<23>          |    7.706|
b<6>           |r<24>          |    7.865|
b<6>           |r<25>          |    7.858|
b<6>           |r<26>          |    7.566|
b<6>           |r<27>          |    7.555|
b<6>           |r<28>          |    7.536|
b<6>           |r<29>          |    7.527|
b<6>           |r<30>          |    7.396|
b<6>           |r<31>          |    7.710|
b<7>           |r<0>           |    8.225|
b<7>           |r<1>           |    8.218|
b<7>           |r<2>           |    8.106|
b<7>           |r<3>           |    8.095|
b<7>           |r<4>           |    8.066|
b<7>           |r<5>           |    8.073|
b<7>           |r<6>           |    8.234|
b<7>           |r<7>           |    8.236|
b<7>           |r<8>           |    8.222|
b<7>           |r<9>           |    8.218|
b<7>           |r<10>          |    8.197|
b<7>           |r<11>          |    8.208|
b<7>           |r<12>          |    8.328|
b<7>           |r<13>          |    8.338|
b<7>           |r<14>          |    8.442|
b<7>           |r<15>          |    8.448|
b<7>           |r<16>          |    8.442|
b<7>           |r<17>          |    8.446|
b<7>           |r<18>          |    7.707|
b<7>           |r<19>          |    7.701|
b<7>           |r<20>          |    7.716|
b<7>           |r<21>          |    7.723|
b<7>           |r<22>          |    7.706|
b<7>           |r<23>          |    7.697|
b<7>           |r<24>          |    7.856|
b<7>           |r<25>          |    7.849|
b<7>           |r<26>          |    7.557|
b<7>           |r<27>          |    7.546|
b<7>           |r<28>          |    7.527|
b<7>           |r<29>          |    7.518|
b<7>           |r<30>          |    7.387|
b<7>           |r<31>          |    7.701|
b<8>           |r<0>           |    8.415|
b<8>           |r<1>           |    8.408|
b<8>           |r<2>           |    8.296|
b<8>           |r<3>           |    8.285|
b<8>           |r<4>           |    8.256|
b<8>           |r<5>           |    8.263|
b<8>           |r<6>           |    8.424|
b<8>           |r<7>           |    8.426|
b<8>           |r<8>           |    8.412|
b<8>           |r<9>           |    8.408|
b<8>           |r<10>          |    8.387|
b<8>           |r<11>          |    8.398|
b<8>           |r<12>          |    8.518|
b<8>           |r<13>          |    8.528|
b<8>           |r<14>          |    8.632|
b<8>           |r<15>          |    8.638|
b<8>           |r<16>          |    8.632|
b<8>           |r<17>          |    8.636|
b<8>           |r<18>          |    7.897|
b<8>           |r<19>          |    7.891|
b<8>           |r<20>          |    7.906|
b<8>           |r<21>          |    7.913|
b<8>           |r<22>          |    7.896|
b<8>           |r<23>          |    7.887|
b<8>           |r<24>          |    8.046|
b<8>           |r<25>          |    8.039|
b<8>           |r<26>          |    7.747|
b<8>           |r<27>          |    7.736|
b<8>           |r<28>          |    7.717|
b<8>           |r<29>          |    7.708|
b<8>           |r<30>          |    7.577|
b<8>           |r<31>          |    7.891|
b<9>           |r<0>           |    8.392|
b<9>           |r<1>           |    8.385|
b<9>           |r<2>           |    8.273|
b<9>           |r<3>           |    8.262|
b<9>           |r<4>           |    8.233|
b<9>           |r<5>           |    8.240|
b<9>           |r<6>           |    8.401|
b<9>           |r<7>           |    8.403|
b<9>           |r<8>           |    8.389|
b<9>           |r<9>           |    8.385|
b<9>           |r<10>          |    8.364|
b<9>           |r<11>          |    8.375|
b<9>           |r<12>          |    8.495|
b<9>           |r<13>          |    8.505|
b<9>           |r<14>          |    8.609|
b<9>           |r<15>          |    8.615|
b<9>           |r<16>          |    8.609|
b<9>           |r<17>          |    8.613|
b<9>           |r<18>          |    7.874|
b<9>           |r<19>          |    7.868|
b<9>           |r<20>          |    7.883|
b<9>           |r<21>          |    7.890|
b<9>           |r<22>          |    7.873|
b<9>           |r<23>          |    7.864|
b<9>           |r<24>          |    8.023|
b<9>           |r<25>          |    8.016|
b<9>           |r<26>          |    7.724|
b<9>           |r<27>          |    7.713|
b<9>           |r<28>          |    7.694|
b<9>           |r<29>          |    7.685|
b<9>           |r<30>          |    7.554|
b<9>           |r<31>          |    7.868|
b<10>          |r<0>           |    7.986|
b<10>          |r<1>           |    7.979|
b<10>          |r<2>           |    7.867|
b<10>          |r<3>           |    7.856|
b<10>          |r<4>           |    7.827|
b<10>          |r<5>           |    7.834|
b<10>          |r<6>           |    7.995|
b<10>          |r<7>           |    7.997|
b<10>          |r<8>           |    7.983|
b<10>          |r<9>           |    7.979|
b<10>          |r<10>          |    7.958|
b<10>          |r<11>          |    7.969|
b<10>          |r<12>          |    8.089|
b<10>          |r<13>          |    8.099|
b<10>          |r<14>          |    8.203|
b<10>          |r<15>          |    8.209|
b<10>          |r<16>          |    8.203|
b<10>          |r<17>          |    8.207|
b<10>          |r<18>          |    7.468|
b<10>          |r<19>          |    7.462|
b<10>          |r<20>          |    7.477|
b<10>          |r<21>          |    7.484|
b<10>          |r<22>          |    7.467|
b<10>          |r<23>          |    7.458|
b<10>          |r<24>          |    7.617|
b<10>          |r<25>          |    7.610|
b<10>          |r<26>          |    7.318|
b<10>          |r<27>          |    7.307|
b<10>          |r<28>          |    7.288|
b<10>          |r<29>          |    7.279|
b<10>          |r<30>          |    7.148|
b<10>          |r<31>          |    7.462|
b<11>          |r<0>           |    8.566|
b<11>          |r<1>           |    8.559|
b<11>          |r<2>           |    8.447|
b<11>          |r<3>           |    8.436|
b<11>          |r<4>           |    8.407|
b<11>          |r<5>           |    8.414|
b<11>          |r<6>           |    8.575|
b<11>          |r<7>           |    8.577|
b<11>          |r<8>           |    8.563|
b<11>          |r<9>           |    8.559|
b<11>          |r<10>          |    8.538|
b<11>          |r<11>          |    8.549|
b<11>          |r<12>          |    8.669|
b<11>          |r<13>          |    8.679|
b<11>          |r<14>          |    8.783|
b<11>          |r<15>          |    8.789|
b<11>          |r<16>          |    8.783|
b<11>          |r<17>          |    8.787|
b<11>          |r<18>          |    8.048|
b<11>          |r<19>          |    8.042|
b<11>          |r<20>          |    8.057|
b<11>          |r<21>          |    8.064|
b<11>          |r<22>          |    8.047|
b<11>          |r<23>          |    8.038|
b<11>          |r<24>          |    8.197|
b<11>          |r<25>          |    8.190|
b<11>          |r<26>          |    7.898|
b<11>          |r<27>          |    7.887|
b<11>          |r<28>          |    7.868|
b<11>          |r<29>          |    7.859|
b<11>          |r<30>          |    7.728|
b<11>          |r<31>          |    8.042|
b<12>          |r<0>           |    8.458|
b<12>          |r<1>           |    8.451|
b<12>          |r<2>           |    8.339|
b<12>          |r<3>           |    8.328|
b<12>          |r<4>           |    8.299|
b<12>          |r<5>           |    8.306|
b<12>          |r<6>           |    8.467|
b<12>          |r<7>           |    8.469|
b<12>          |r<8>           |    8.455|
b<12>          |r<9>           |    8.451|
b<12>          |r<10>          |    8.430|
b<12>          |r<11>          |    8.441|
b<12>          |r<12>          |    8.561|
b<12>          |r<13>          |    8.571|
b<12>          |r<14>          |    8.675|
b<12>          |r<15>          |    8.681|
b<12>          |r<16>          |    8.675|
b<12>          |r<17>          |    8.679|
b<12>          |r<18>          |    7.940|
b<12>          |r<19>          |    7.934|
b<12>          |r<20>          |    7.949|
b<12>          |r<21>          |    7.956|
b<12>          |r<22>          |    7.939|
b<12>          |r<23>          |    7.930|
b<12>          |r<24>          |    8.089|
b<12>          |r<25>          |    8.082|
b<12>          |r<26>          |    7.790|
b<12>          |r<27>          |    7.779|
b<12>          |r<28>          |    7.760|
b<12>          |r<29>          |    7.751|
b<12>          |r<30>          |    7.620|
b<12>          |r<31>          |    7.934|
b<13>          |r<0>           |    8.582|
b<13>          |r<1>           |    8.575|
b<13>          |r<2>           |    8.463|
b<13>          |r<3>           |    8.452|
b<13>          |r<4>           |    8.423|
b<13>          |r<5>           |    8.430|
b<13>          |r<6>           |    8.591|
b<13>          |r<7>           |    8.593|
b<13>          |r<8>           |    8.579|
b<13>          |r<9>           |    8.575|
b<13>          |r<10>          |    8.554|
b<13>          |r<11>          |    8.565|
b<13>          |r<12>          |    8.685|
b<13>          |r<13>          |    8.695|
b<13>          |r<14>          |    8.799|
b<13>          |r<15>          |    8.805|
b<13>          |r<16>          |    8.799|
b<13>          |r<17>          |    8.803|
b<13>          |r<18>          |    8.064|
b<13>          |r<19>          |    8.058|
b<13>          |r<20>          |    8.073|
b<13>          |r<21>          |    8.080|
b<13>          |r<22>          |    8.063|
b<13>          |r<23>          |    8.054|
b<13>          |r<24>          |    8.213|
b<13>          |r<25>          |    8.206|
b<13>          |r<26>          |    7.914|
b<13>          |r<27>          |    7.903|
b<13>          |r<28>          |    7.884|
b<13>          |r<29>          |    7.875|
b<13>          |r<30>          |    7.744|
b<13>          |r<31>          |    8.058|
b<14>          |r<0>           |    8.095|
b<14>          |r<1>           |    8.088|
b<14>          |r<2>           |    7.976|
b<14>          |r<3>           |    7.965|
b<14>          |r<4>           |    7.936|
b<14>          |r<5>           |    7.943|
b<14>          |r<6>           |    8.104|
b<14>          |r<7>           |    8.106|
b<14>          |r<8>           |    8.092|
b<14>          |r<9>           |    8.088|
b<14>          |r<10>          |    8.067|
b<14>          |r<11>          |    8.078|
b<14>          |r<12>          |    8.198|
b<14>          |r<13>          |    8.208|
b<14>          |r<14>          |    8.312|
b<14>          |r<15>          |    8.318|
b<14>          |r<16>          |    8.312|
b<14>          |r<17>          |    8.316|
b<14>          |r<18>          |    7.577|
b<14>          |r<19>          |    7.571|
b<14>          |r<20>          |    7.586|
b<14>          |r<21>          |    7.593|
b<14>          |r<22>          |    7.576|
b<14>          |r<23>          |    7.567|
b<14>          |r<24>          |    7.726|
b<14>          |r<25>          |    7.719|
b<14>          |r<26>          |    7.427|
b<14>          |r<27>          |    7.416|
b<14>          |r<28>          |    7.397|
b<14>          |r<29>          |    7.388|
b<14>          |r<30>          |    7.257|
b<14>          |r<31>          |    7.571|
b<15>          |r<0>           |    7.881|
b<15>          |r<1>           |    7.874|
b<15>          |r<2>           |    7.762|
b<15>          |r<3>           |    7.751|
b<15>          |r<4>           |    7.722|
b<15>          |r<5>           |    7.729|
b<15>          |r<6>           |    7.890|
b<15>          |r<7>           |    7.892|
b<15>          |r<8>           |    7.878|
b<15>          |r<9>           |    7.874|
b<15>          |r<10>          |    7.853|
b<15>          |r<11>          |    7.864|
b<15>          |r<12>          |    7.984|
b<15>          |r<13>          |    7.994|
b<15>          |r<14>          |    8.098|
b<15>          |r<15>          |    8.104|
b<15>          |r<16>          |    8.098|
b<15>          |r<17>          |    8.102|
b<15>          |r<18>          |    7.363|
b<15>          |r<19>          |    7.357|
b<15>          |r<20>          |    7.372|
b<15>          |r<21>          |    7.379|
b<15>          |r<22>          |    7.362|
b<15>          |r<23>          |    7.353|
b<15>          |r<24>          |    7.512|
b<15>          |r<25>          |    7.505|
b<15>          |r<26>          |    7.213|
b<15>          |r<27>          |    7.202|
b<15>          |r<28>          |    7.183|
b<15>          |r<29>          |    7.174|
b<15>          |r<30>          |    7.043|
b<15>          |r<31>          |    7.357|
b<16>          |r<0>           |    8.783|
b<16>          |r<1>           |    8.776|
b<16>          |r<2>           |    8.664|
b<16>          |r<3>           |    8.653|
b<16>          |r<4>           |    8.624|
b<16>          |r<5>           |    8.631|
b<16>          |r<6>           |    8.792|
b<16>          |r<7>           |    8.794|
b<16>          |r<8>           |    8.780|
b<16>          |r<9>           |    8.776|
b<16>          |r<10>          |    8.755|
b<16>          |r<11>          |    8.766|
b<16>          |r<12>          |    8.886|
b<16>          |r<13>          |    8.896|
b<16>          |r<14>          |    9.000|
b<16>          |r<15>          |    9.006|
b<16>          |r<16>          |    9.000|
b<16>          |r<17>          |    9.004|
b<16>          |r<18>          |    8.265|
b<16>          |r<19>          |    8.259|
b<16>          |r<20>          |    8.274|
b<16>          |r<21>          |    8.281|
b<16>          |r<22>          |    8.264|
b<16>          |r<23>          |    8.255|
b<16>          |r<24>          |    8.414|
b<16>          |r<25>          |    8.407|
b<16>          |r<26>          |    8.115|
b<16>          |r<27>          |    8.104|
b<16>          |r<28>          |    8.085|
b<16>          |r<29>          |    8.076|
b<16>          |r<30>          |    7.945|
b<16>          |r<31>          |    8.259|
b<17>          |r<0>           |    8.949|
b<17>          |r<1>           |    8.942|
b<17>          |r<2>           |    8.830|
b<17>          |r<3>           |    8.819|
b<17>          |r<4>           |    8.790|
b<17>          |r<5>           |    8.797|
b<17>          |r<6>           |    8.958|
b<17>          |r<7>           |    8.960|
b<17>          |r<8>           |    8.946|
b<17>          |r<9>           |    8.942|
b<17>          |r<10>          |    8.921|
b<17>          |r<11>          |    8.932|
b<17>          |r<12>          |    9.052|
b<17>          |r<13>          |    9.062|
b<17>          |r<14>          |    9.166|
b<17>          |r<15>          |    9.172|
b<17>          |r<16>          |    9.166|
b<17>          |r<17>          |    9.170|
b<17>          |r<18>          |    8.431|
b<17>          |r<19>          |    8.425|
b<17>          |r<20>          |    8.440|
b<17>          |r<21>          |    8.447|
b<17>          |r<22>          |    8.430|
b<17>          |r<23>          |    8.421|
b<17>          |r<24>          |    8.580|
b<17>          |r<25>          |    8.573|
b<17>          |r<26>          |    8.281|
b<17>          |r<27>          |    8.270|
b<17>          |r<28>          |    8.251|
b<17>          |r<29>          |    8.242|
b<17>          |r<30>          |    8.111|
b<17>          |r<31>          |    8.425|
b<18>          |r<0>           |    7.816|
b<18>          |r<1>           |    7.809|
b<18>          |r<2>           |    7.697|
b<18>          |r<3>           |    7.686|
b<18>          |r<4>           |    7.657|
b<18>          |r<5>           |    7.664|
b<18>          |r<6>           |    7.825|
b<18>          |r<7>           |    7.827|
b<18>          |r<8>           |    7.813|
b<18>          |r<9>           |    7.809|
b<18>          |r<10>          |    7.788|
b<18>          |r<11>          |    7.799|
b<18>          |r<12>          |    7.919|
b<18>          |r<13>          |    7.929|
b<18>          |r<14>          |    8.033|
b<18>          |r<15>          |    8.039|
b<18>          |r<16>          |    8.033|
b<18>          |r<17>          |    8.037|
b<18>          |r<18>          |    7.298|
b<18>          |r<19>          |    7.292|
b<18>          |r<20>          |    7.307|
b<18>          |r<21>          |    7.314|
b<18>          |r<22>          |    7.297|
b<18>          |r<23>          |    7.288|
b<18>          |r<24>          |    7.447|
b<18>          |r<25>          |    7.440|
b<18>          |r<26>          |    7.148|
b<18>          |r<27>          |    7.137|
b<18>          |r<28>          |    7.118|
b<18>          |r<29>          |    7.109|
b<18>          |r<30>          |    6.978|
b<18>          |r<31>          |    7.292|
b<19>          |r<0>           |    8.398|
b<19>          |r<1>           |    8.391|
b<19>          |r<2>           |    8.279|
b<19>          |r<3>           |    8.268|
b<19>          |r<4>           |    8.239|
b<19>          |r<5>           |    8.246|
b<19>          |r<6>           |    8.407|
b<19>          |r<7>           |    8.409|
b<19>          |r<8>           |    8.395|
b<19>          |r<9>           |    8.391|
b<19>          |r<10>          |    8.370|
b<19>          |r<11>          |    8.381|
b<19>          |r<12>          |    8.501|
b<19>          |r<13>          |    8.511|
b<19>          |r<14>          |    8.615|
b<19>          |r<15>          |    8.621|
b<19>          |r<16>          |    8.615|
b<19>          |r<17>          |    8.619|
b<19>          |r<18>          |    7.880|
b<19>          |r<19>          |    7.874|
b<19>          |r<20>          |    7.889|
b<19>          |r<21>          |    7.896|
b<19>          |r<22>          |    7.879|
b<19>          |r<23>          |    7.870|
b<19>          |r<24>          |    8.029|
b<19>          |r<25>          |    8.022|
b<19>          |r<26>          |    7.730|
b<19>          |r<27>          |    7.719|
b<19>          |r<28>          |    7.700|
b<19>          |r<29>          |    7.691|
b<19>          |r<30>          |    7.560|
b<19>          |r<31>          |    7.874|
b<20>          |r<0>           |    8.478|
b<20>          |r<1>           |    8.471|
b<20>          |r<2>           |    8.359|
b<20>          |r<3>           |    8.348|
b<20>          |r<4>           |    8.319|
b<20>          |r<5>           |    8.326|
b<20>          |r<6>           |    8.487|
b<20>          |r<7>           |    8.489|
b<20>          |r<8>           |    8.475|
b<20>          |r<9>           |    8.471|
b<20>          |r<10>          |    8.450|
b<20>          |r<11>          |    8.461|
b<20>          |r<12>          |    8.581|
b<20>          |r<13>          |    8.591|
b<20>          |r<14>          |    8.695|
b<20>          |r<15>          |    8.701|
b<20>          |r<16>          |    8.695|
b<20>          |r<17>          |    8.699|
b<20>          |r<18>          |    7.960|
b<20>          |r<19>          |    7.954|
b<20>          |r<20>          |    7.969|
b<20>          |r<21>          |    7.976|
b<20>          |r<22>          |    7.959|
b<20>          |r<23>          |    7.950|
b<20>          |r<24>          |    8.109|
b<20>          |r<25>          |    8.102|
b<20>          |r<26>          |    7.810|
b<20>          |r<27>          |    7.799|
b<20>          |r<28>          |    7.780|
b<20>          |r<29>          |    7.771|
b<20>          |r<30>          |    7.640|
b<20>          |r<31>          |    7.954|
b<21>          |r<0>           |    8.655|
b<21>          |r<1>           |    8.648|
b<21>          |r<2>           |    8.536|
b<21>          |r<3>           |    8.525|
b<21>          |r<4>           |    8.496|
b<21>          |r<5>           |    8.503|
b<21>          |r<6>           |    8.664|
b<21>          |r<7>           |    8.666|
b<21>          |r<8>           |    8.652|
b<21>          |r<9>           |    8.648|
b<21>          |r<10>          |    8.627|
b<21>          |r<11>          |    8.638|
b<21>          |r<12>          |    8.758|
b<21>          |r<13>          |    8.768|
b<21>          |r<14>          |    8.872|
b<21>          |r<15>          |    8.878|
b<21>          |r<16>          |    8.872|
b<21>          |r<17>          |    8.876|
b<21>          |r<18>          |    8.137|
b<21>          |r<19>          |    8.131|
b<21>          |r<20>          |    8.146|
b<21>          |r<21>          |    8.153|
b<21>          |r<22>          |    8.136|
b<21>          |r<23>          |    8.127|
b<21>          |r<24>          |    8.286|
b<21>          |r<25>          |    8.279|
b<21>          |r<26>          |    7.987|
b<21>          |r<27>          |    7.976|
b<21>          |r<28>          |    7.957|
b<21>          |r<29>          |    7.948|
b<21>          |r<30>          |    7.817|
b<21>          |r<31>          |    8.131|
b<22>          |r<0>           |    8.230|
b<22>          |r<1>           |    8.223|
b<22>          |r<2>           |    8.111|
b<22>          |r<3>           |    8.100|
b<22>          |r<4>           |    8.071|
b<22>          |r<5>           |    8.078|
b<22>          |r<6>           |    8.239|
b<22>          |r<7>           |    8.241|
b<22>          |r<8>           |    8.227|
b<22>          |r<9>           |    8.223|
b<22>          |r<10>          |    8.202|
b<22>          |r<11>          |    8.213|
b<22>          |r<12>          |    8.333|
b<22>          |r<13>          |    8.343|
b<22>          |r<14>          |    8.447|
b<22>          |r<15>          |    8.453|
b<22>          |r<16>          |    8.447|
b<22>          |r<17>          |    8.451|
b<22>          |r<18>          |    7.712|
b<22>          |r<19>          |    7.706|
b<22>          |r<20>          |    7.721|
b<22>          |r<21>          |    7.728|
b<22>          |r<22>          |    7.711|
b<22>          |r<23>          |    7.702|
b<22>          |r<24>          |    7.861|
b<22>          |r<25>          |    7.854|
b<22>          |r<26>          |    7.562|
b<22>          |r<27>          |    7.551|
b<22>          |r<28>          |    7.532|
b<22>          |r<29>          |    7.523|
b<22>          |r<30>          |    7.392|
b<22>          |r<31>          |    7.706|
b<23>          |r<0>           |    7.677|
b<23>          |r<1>           |    7.670|
b<23>          |r<2>           |    7.558|
b<23>          |r<3>           |    7.547|
b<23>          |r<4>           |    7.518|
b<23>          |r<5>           |    7.525|
b<23>          |r<6>           |    7.686|
b<23>          |r<7>           |    7.688|
b<23>          |r<8>           |    7.674|
b<23>          |r<9>           |    7.670|
b<23>          |r<10>          |    7.649|
b<23>          |r<11>          |    7.660|
b<23>          |r<12>          |    7.780|
b<23>          |r<13>          |    7.790|
b<23>          |r<14>          |    7.894|
b<23>          |r<15>          |    7.900|
b<23>          |r<16>          |    7.894|
b<23>          |r<17>          |    7.898|
b<23>          |r<18>          |    7.159|
b<23>          |r<19>          |    7.153|
b<23>          |r<20>          |    7.168|
b<23>          |r<21>          |    7.175|
b<23>          |r<22>          |    7.158|
b<23>          |r<23>          |    7.149|
b<23>          |r<24>          |    7.308|
b<23>          |r<25>          |    7.301|
b<23>          |r<26>          |    7.009|
b<23>          |r<27>          |    6.998|
b<23>          |r<28>          |    6.979|
b<23>          |r<29>          |    6.970|
b<23>          |r<30>          |    6.839|
b<23>          |r<31>          |    7.153|
b<24>          |r<0>           |    8.515|
b<24>          |r<1>           |    8.508|
b<24>          |r<2>           |    8.396|
b<24>          |r<3>           |    8.385|
b<24>          |r<4>           |    8.356|
b<24>          |r<5>           |    8.363|
b<24>          |r<6>           |    8.524|
b<24>          |r<7>           |    8.526|
b<24>          |r<8>           |    8.512|
b<24>          |r<9>           |    8.508|
b<24>          |r<10>          |    8.487|
b<24>          |r<11>          |    8.498|
b<24>          |r<12>          |    8.618|
b<24>          |r<13>          |    8.628|
b<24>          |r<14>          |    8.732|
b<24>          |r<15>          |    8.738|
b<24>          |r<16>          |    8.732|
b<24>          |r<17>          |    8.736|
b<24>          |r<18>          |    7.997|
b<24>          |r<19>          |    7.991|
b<24>          |r<20>          |    8.006|
b<24>          |r<21>          |    8.013|
b<24>          |r<22>          |    7.996|
b<24>          |r<23>          |    7.987|
b<24>          |r<24>          |    8.146|
b<24>          |r<25>          |    8.139|
b<24>          |r<26>          |    7.847|
b<24>          |r<27>          |    7.836|
b<24>          |r<28>          |    7.817|
b<24>          |r<29>          |    7.808|
b<24>          |r<30>          |    7.677|
b<24>          |r<31>          |    7.991|
b<25>          |r<0>           |    8.627|
b<25>          |r<1>           |    8.620|
b<25>          |r<2>           |    8.508|
b<25>          |r<3>           |    8.497|
b<25>          |r<4>           |    8.468|
b<25>          |r<5>           |    8.475|
b<25>          |r<6>           |    8.636|
b<25>          |r<7>           |    8.638|
b<25>          |r<8>           |    8.624|
b<25>          |r<9>           |    8.620|
b<25>          |r<10>          |    8.599|
b<25>          |r<11>          |    8.610|
b<25>          |r<12>          |    8.730|
b<25>          |r<13>          |    8.740|
b<25>          |r<14>          |    8.844|
b<25>          |r<15>          |    8.850|
b<25>          |r<16>          |    8.844|
b<25>          |r<17>          |    8.848|
b<25>          |r<18>          |    8.109|
b<25>          |r<19>          |    8.103|
b<25>          |r<20>          |    8.118|
b<25>          |r<21>          |    8.125|
b<25>          |r<22>          |    8.108|
b<25>          |r<23>          |    8.099|
b<25>          |r<24>          |    8.258|
b<25>          |r<25>          |    8.251|
b<25>          |r<26>          |    7.959|
b<25>          |r<27>          |    7.948|
b<25>          |r<28>          |    7.929|
b<25>          |r<29>          |    7.920|
b<25>          |r<30>          |    7.789|
b<25>          |r<31>          |    8.103|
b<26>          |r<0>           |    7.936|
b<26>          |r<1>           |    7.929|
b<26>          |r<2>           |    7.817|
b<26>          |r<3>           |    7.806|
b<26>          |r<4>           |    7.777|
b<26>          |r<5>           |    7.784|
b<26>          |r<6>           |    7.945|
b<26>          |r<7>           |    7.947|
b<26>          |r<8>           |    7.933|
b<26>          |r<9>           |    7.929|
b<26>          |r<10>          |    7.908|
b<26>          |r<11>          |    7.919|
b<26>          |r<12>          |    8.039|
b<26>          |r<13>          |    8.049|
b<26>          |r<14>          |    8.153|
b<26>          |r<15>          |    8.159|
b<26>          |r<16>          |    8.153|
b<26>          |r<17>          |    8.157|
b<26>          |r<18>          |    7.418|
b<26>          |r<19>          |    7.412|
b<26>          |r<20>          |    7.427|
b<26>          |r<21>          |    7.434|
b<26>          |r<22>          |    7.417|
b<26>          |r<23>          |    7.408|
b<26>          |r<24>          |    7.567|
b<26>          |r<25>          |    7.560|
b<26>          |r<26>          |    7.268|
b<26>          |r<27>          |    7.257|
b<26>          |r<28>          |    7.238|
b<26>          |r<29>          |    7.229|
b<26>          |r<30>          |    7.098|
b<26>          |r<31>          |    7.412|
b<27>          |r<0>           |    7.601|
b<27>          |r<1>           |    7.594|
b<27>          |r<2>           |    7.482|
b<27>          |r<3>           |    7.471|
b<27>          |r<4>           |    7.442|
b<27>          |r<5>           |    7.449|
b<27>          |r<6>           |    7.610|
b<27>          |r<7>           |    7.612|
b<27>          |r<8>           |    7.598|
b<27>          |r<9>           |    7.594|
b<27>          |r<10>          |    7.573|
b<27>          |r<11>          |    7.584|
b<27>          |r<12>          |    7.704|
b<27>          |r<13>          |    7.714|
b<27>          |r<14>          |    7.818|
b<27>          |r<15>          |    7.824|
b<27>          |r<16>          |    7.818|
b<27>          |r<17>          |    7.822|
b<27>          |r<18>          |    7.083|
b<27>          |r<19>          |    7.077|
b<27>          |r<20>          |    7.092|
b<27>          |r<21>          |    7.099|
b<27>          |r<22>          |    7.082|
b<27>          |r<23>          |    7.073|
b<27>          |r<24>          |    7.232|
b<27>          |r<25>          |    7.225|
b<27>          |r<26>          |    6.933|
b<27>          |r<27>          |    6.922|
b<27>          |r<28>          |    6.903|
b<27>          |r<29>          |    6.894|
b<27>          |r<30>          |    6.763|
b<27>          |r<31>          |    7.077|
b<28>          |r<0>           |    8.099|
b<28>          |r<1>           |    8.092|
b<28>          |r<2>           |    7.980|
b<28>          |r<3>           |    7.969|
b<28>          |r<4>           |    7.940|
b<28>          |r<5>           |    7.947|
b<28>          |r<6>           |    8.108|
b<28>          |r<7>           |    8.110|
b<28>          |r<8>           |    8.096|
b<28>          |r<9>           |    8.092|
b<28>          |r<10>          |    8.071|
b<28>          |r<11>          |    8.082|
b<28>          |r<12>          |    8.202|
b<28>          |r<13>          |    8.212|
b<28>          |r<14>          |    8.316|
b<28>          |r<15>          |    8.322|
b<28>          |r<16>          |    8.316|
b<28>          |r<17>          |    8.320|
b<28>          |r<18>          |    7.581|
b<28>          |r<19>          |    7.575|
b<28>          |r<20>          |    7.590|
b<28>          |r<21>          |    7.597|
b<28>          |r<22>          |    7.580|
b<28>          |r<23>          |    7.571|
b<28>          |r<24>          |    7.730|
b<28>          |r<25>          |    7.723|
b<28>          |r<26>          |    7.431|
b<28>          |r<27>          |    7.420|
b<28>          |r<28>          |    7.401|
b<28>          |r<29>          |    7.392|
b<28>          |r<30>          |    7.261|
b<28>          |r<31>          |    7.575|
b<29>          |r<0>           |    8.035|
b<29>          |r<1>           |    8.028|
b<29>          |r<2>           |    7.916|
b<29>          |r<3>           |    7.905|
b<29>          |r<4>           |    7.876|
b<29>          |r<5>           |    7.883|
b<29>          |r<6>           |    8.044|
b<29>          |r<7>           |    8.046|
b<29>          |r<8>           |    8.032|
b<29>          |r<9>           |    8.028|
b<29>          |r<10>          |    8.007|
b<29>          |r<11>          |    8.018|
b<29>          |r<12>          |    8.138|
b<29>          |r<13>          |    8.148|
b<29>          |r<14>          |    8.252|
b<29>          |r<15>          |    8.258|
b<29>          |r<16>          |    8.252|
b<29>          |r<17>          |    8.256|
b<29>          |r<18>          |    7.517|
b<29>          |r<19>          |    7.511|
b<29>          |r<20>          |    7.526|
b<29>          |r<21>          |    7.533|
b<29>          |r<22>          |    7.516|
b<29>          |r<23>          |    7.507|
b<29>          |r<24>          |    7.666|
b<29>          |r<25>          |    7.659|
b<29>          |r<26>          |    7.367|
b<29>          |r<27>          |    7.356|
b<29>          |r<28>          |    7.337|
b<29>          |r<29>          |    7.328|
b<29>          |r<30>          |    7.197|
b<29>          |r<31>          |    7.511|
b<30>          |r<0>           |    8.018|
b<30>          |r<1>           |    8.011|
b<30>          |r<2>           |    7.899|
b<30>          |r<3>           |    7.888|
b<30>          |r<4>           |    7.859|
b<30>          |r<5>           |    7.866|
b<30>          |r<6>           |    8.027|
b<30>          |r<7>           |    8.029|
b<30>          |r<8>           |    8.015|
b<30>          |r<9>           |    8.011|
b<30>          |r<10>          |    7.990|
b<30>          |r<11>          |    8.001|
b<30>          |r<12>          |    8.121|
b<30>          |r<13>          |    8.131|
b<30>          |r<14>          |    8.235|
b<30>          |r<15>          |    8.241|
b<30>          |r<16>          |    8.235|
b<30>          |r<17>          |    8.239|
b<30>          |r<18>          |    7.500|
b<30>          |r<19>          |    7.494|
b<30>          |r<20>          |    7.509|
b<30>          |r<21>          |    7.516|
b<30>          |r<22>          |    7.499|
b<30>          |r<23>          |    7.490|
b<30>          |r<24>          |    7.649|
b<30>          |r<25>          |    7.642|
b<30>          |r<26>          |    7.350|
b<30>          |r<27>          |    7.339|
b<30>          |r<28>          |    7.320|
b<30>          |r<29>          |    7.311|
b<30>          |r<30>          |    7.180|
b<30>          |r<31>          |    7.405|
b<31>          |r<0>           |    7.712|
b<31>          |r<1>           |    7.705|
b<31>          |r<2>           |    7.593|
b<31>          |r<3>           |    7.582|
b<31>          |r<4>           |    7.553|
b<31>          |r<5>           |    7.560|
b<31>          |r<6>           |    7.721|
b<31>          |r<7>           |    7.723|
b<31>          |r<8>           |    7.709|
b<31>          |r<9>           |    7.705|
b<31>          |r<10>          |    7.684|
b<31>          |r<11>          |    7.695|
b<31>          |r<12>          |    7.815|
b<31>          |r<13>          |    7.825|
b<31>          |r<14>          |    7.929|
b<31>          |r<15>          |    7.935|
b<31>          |r<16>          |    7.929|
b<31>          |r<17>          |    7.933|
b<31>          |r<18>          |    7.194|
b<31>          |r<19>          |    7.188|
b<31>          |r<20>          |    7.203|
b<31>          |r<21>          |    7.210|
b<31>          |r<22>          |    7.193|
b<31>          |r<23>          |    7.184|
b<31>          |r<24>          |    7.343|
b<31>          |r<25>          |    7.336|
b<31>          |r<26>          |    7.044|
b<31>          |r<27>          |    7.033|
b<31>          |r<28>          |    7.014|
b<31>          |r<29>          |    7.005|
b<31>          |r<30>          |    6.874|
b<31>          |r<31>          |    6.944|
---------------+---------------+---------+


Analysis completed Sun Jan  6 19:35:28 2019 
--------------------------------------------------------------------------------

Trace Settings:
-------------------------
Trace Settings 

Peak Memory Usage: 507 MB



