ISim log file
Running: /home/test/FPGA/raytracing/ray_core_test_isim_beh.exe -intstyle ise -gui -tclbatch isim.cmd -wdb /home/test/FPGA/raytracing/ray_core_test_isim_beh.wdb 
ISim P.20131013 (signature 0xfbc00daa)
This is a Full version of ISim.
Time resolution is 1 ps
# onerror resume
# wave add /
# run 100000 ns
Simulator is doing circuit initialization process.
 Block Memory Generator CORE Generator module loading initial data...
 Block Memory Generator data initialization complete.
Block Memory Generator CORE Generator module ray_core_test.uut.cast_ray_normalizer.isqrt_LUT_instance.inst.\native_mem_module.blk_mem_gen_v7_3_inst  is using a behavioral model for simulation which will not precisely model memory collision behavior.
 Block Memory Generator CORE Generator module loading initial data...
 Block Memory Generator data initialization complete.
Block Memory Generator CORE Generator module ray_core_test.uut.ray_intersector.ray_unified_intersection_pipeline_instance.ray_sphere_intersection_pipeline_instance.sphere_sqrt.isqrt_LUT_instance.inst.\native_mem_module.blk_mem_gen_v7_3_inst  is using a behavioral model for simulation which will not precisely model memory collision behavior.
 Block Memory Generator CORE Generator module loading initial data...
 Block Memory Generator data initialization complete.
Block Memory Generator CORE Generator module ray_core_test.uut.ray_intersector.ray_unified_intersection_pipeline_instance.ray_sphere_intersection_pipeline_instance.sphere_sqrt.inv.inv_LUT_instance.inst.\native_mem_module.blk_mem_gen_v7_3_inst  is using a behavioral model for simulation which will not precisely model memory collision behavior.
 Block Memory Generator CORE Generator module loading initial data...
 Block Memory Generator data initialization complete.
Block Memory Generator CORE Generator module ray_core_test.uut.ray_intersector.ray_unified_intersection_pipeline_instance.ray_plane_intersection_pipeline_instance.fixed_inv_plane_denom.inv_LUT_instance.inst.\native_mem_module.blk_mem_gen_v7_3_inst  is using a behavioral model for simulation which will not precisely model memory collision behavior.
 Block Memory Generator CORE Generator module loading initial data...
 Block Memory Generator data initialization complete.
Block Memory Generator CORE Generator module ray_core_test.uut.ray_intersector.vector_surface_normalizer.isqrt_LUT_instance.inst.\native_mem_module.blk_mem_gen_v7_3_inst  is using a behavioral model for simulation which will not precisely model memory collision behavior.
Finished circuit initialization process.
R = 89.249626
G = 0.000000
B = 0.000000
Stopped at time : 4101 ns : File "/home/test/FPGA/raytracing/ray_core_test.v" Line 118
ISim P.20131013 (signature 0xfbc00daa)
This is a Full version of ISim.
# run 100000 ns
Simulator is doing circuit initialization process.
 Block Memory Generator CORE Generator module loading initial data...
 Block Memory Generator data initialization complete.
Block Memory Generator CORE Generator module ray_core_test.uut.cast_ray_normalizer.isqrt_LUT_instance.inst.\native_mem_module.blk_mem_gen_v7_3_inst  is using a behavioral model for simulation which will not precisely model memory collision behavior.
 Block Memory Generator CORE Generator module loading initial data...
 Block Memory Generator data initialization complete.
Block Memory Generator CORE Generator module ray_core_test.uut.ray_intersector.ray_unified_intersection_pipeline_instance.ray_sphere_intersection_pipeline_instance.sphere_sqrt.isqrt_LUT_instance.inst.\native_mem_module.blk_mem_gen_v7_3_inst  is using a behavioral model for simulation which will not precisely model memory collision behavior.
 Block Memory Generator CORE Generator module loading initial data...
 Block Memory Generator data initialization complete.
Block Memory Generator CORE Generator module ray_core_test.uut.ray_intersector.ray_unified_intersection_pipeline_instance.ray_sphere_intersection_pipeline_instance.sphere_sqrt.inv.inv_LUT_instance.inst.\native_mem_module.blk_mem_gen_v7_3_inst  is using a behavioral model for simulation which will not precisely model memory collision behavior.
 Block Memory Generator CORE Generator module loading initial data...
 Block Memory Generator data initialization complete.
Block Memory Generator CORE Generator module ray_core_test.uut.ray_intersector.ray_unified_intersection_pipeline_instance.ray_plane_intersection_pipeline_instance.fixed_inv_plane_denom.inv_LUT_instance.inst.\native_mem_module.blk_mem_gen_v7_3_inst  is using a behavioral model for simulation which will not precisely model memory collision behavior.
 Block Memory Generator CORE Generator module loading initial data...
 Block Memory Generator data initialization complete.
Block Memory Generator CORE Generator module ray_core_test.uut.ray_intersector.vector_surface_normalizer.isqrt_LUT_instance.inst.\native_mem_module.blk_mem_gen_v7_3_inst  is using a behavioral model for simulation which will not precisely model memory collision behavior.
Finished circuit initialization process.
R = 89.249626
G = 25.499991
B = 25.499991
Stopped at time : 4101 ns : File "/home/test/FPGA/raytracing/ray_core_test.v" Line 118
# exit 0
