Release 14.7 Map P.20131013 (lin64)
Xilinx Mapping Report File for Design 'ray_hit_pipeline'

Design Information
------------------
Command Line   : map -intstyle ise -p xc5vfx130t-ff1738-2 -w -logic_opt off -ol
high -t 1 -register_duplication off -global_opt off -mt off -cm area -detail -ir
off -pr off -lc off -power off -o ray_hit_pipeline_map.ncd ray_hit_pipeline.ngd
ray_hit_pipeline.pcf 
Target Device  : xc5vfx130t
Target Package : ff1738
Target Speed   : -2
Mapper Version : virtex5 -- $Revision: 1.55 $
Mapped Date    : Sat Jan 12 04:29:09 2019

Design Summary
--------------
Number of errors   :   1
Number of warnings :   0

Section 1 - Errors
------------------
ERROR:Security:12 - No 'xc5vfx130t' feature version 2013.10 was available (-5),
ERROR:Map:258 - A problem was encountered attempting to get the license for this
   architecture. 

Section 2 - Warnings
--------------------
WARNING:Security:9b - No 'ISE' feature version 2013.10 was available for part
'xc5vfx130t'.

Section 3 - Informational
-------------------------
INFO:Security:56 - Part 'xc5vfx130t' is not a WebPack part.
INFO:Security:61 - The XILINXD_LICENSE_FILE environment variable is not set.
INFO:Security:63 - The LM_LICENSE_FILE environment variable is not set.
INFO:Security:68 - For more information or for assistance in obtaining 
INFO:Security:68a - user is test, on host unknown.
