--------------------------------------------------------------------------------
Release 14.7 Trace  (lin64)
Copyright (c) 1995-2013 Xilinx, Inc.  All rights reserved.

/opt/Xilinx/14.7/ISE_DS/ISE/bin/lin64/unwrapped/trce -intstyle ise -v 3 -tsi
ray_caster.tsi -s 2 -n 3 -fastpaths -xml ray_caster.twx ray_caster.ncd -o
ray_caster.twr ray_caster.pcf

Design file:              ray_caster.ncd
Physical constraint file: ray_caster.pcf
Device,package,speed:     xc5vfx130t,ff1738,-2 (PRODUCTION 1.73 2013-10-13, STEPPING level 0)
Report level:             verbose report

Environment Variable      Effect 
--------------------      ------ 
NONE                      No environment variables were set
--------------------------------------------------------------------------------

INFO:Timing:2698 - No timing constraints found, doing default enumeration.
INFO:Timing:3412 - To improve timing, see the Timing Closure User Guide (UG612).
INFO:Timing:2752 - To get complete path coverage, use the unconstrained paths 
   option. All paths that are not constrained will be reported in the 
   unconstrained paths section(s) of the report.
INFO:Timing:3339 - The clock-to-out numbers in this timing report are based on 
   a 50 Ohm transmission line loading model.  For the details of this model, 
   and for more information on accounting for different loading conditions, 
   please see the device datasheet.



Data Sheet report:
-----------------
All values displayed in nanoseconds (ns)

Setup/Hold to clock clk
----------------+------------+------------+------------------+--------+
                |Max Setup to|Max Hold to |                  | Clock  |
Source          | clk (edge) | clk (edge) |Internal Clock(s) | Phase  |
----------------+------------+------------+------------------+--------+
camera_front<0> |    3.477(R)|    0.503(R)|clk_BUFGP         |   0.000|
camera_front<1> |    3.274(R)|    0.686(R)|clk_BUFGP         |   0.000|
camera_front<2> |    4.834(R)|   -0.744(R)|clk_BUFGP         |   0.000|
camera_front<3> |    3.654(R)|    0.339(R)|clk_BUFGP         |   0.000|
camera_front<4> |    3.343(R)|    0.626(R)|clk_BUFGP         |   0.000|
camera_front<5> |    3.363(R)|    0.609(R)|clk_BUFGP         |   0.000|
camera_front<6> |    3.448(R)|    0.530(R)|clk_BUFGP         |   0.000|
camera_front<7> |    3.373(R)|    0.597(R)|clk_BUFGP         |   0.000|
camera_front<8> |    3.351(R)|    0.620(R)|clk_BUFGP         |   0.000|
camera_front<9> |    3.672(R)|    0.321(R)|clk_BUFGP         |   0.000|
camera_front<10>|    3.356(R)|    0.613(R)|clk_BUFGP         |   0.000|
camera_front<11>|    3.394(R)|    0.576(R)|clk_BUFGP         |   0.000|
camera_front<12>|    3.030(R)|    0.913(R)|clk_BUFGP         |   0.000|
camera_front<13>|    3.047(R)|    0.898(R)|clk_BUFGP         |   0.000|
camera_front<14>|    3.286(R)|    0.679(R)|clk_BUFGP         |   0.000|
camera_front<15>|    3.306(R)|    0.658(R)|clk_BUFGP         |   0.000|
camera_front<16>|    3.021(R)|    0.927(R)|clk_BUFGP         |   0.000|
camera_front<17>|    3.195(R)|    0.765(R)|clk_BUFGP         |   0.000|
camera_front<18>|    3.158(R)|    0.797(R)|clk_BUFGP         |   0.000|
camera_front<19>|    3.135(R)|    0.819(R)|clk_BUFGP         |   0.000|
camera_front<20>|    3.468(R)|    0.517(R)|clk_BUFGP         |   0.000|
camera_front<21>|    3.444(R)|    0.538(R)|clk_BUFGP         |   0.000|
camera_front<22>|    3.342(R)|    0.631(R)|clk_BUFGP         |   0.000|
camera_front<23>|    3.421(R)|    0.560(R)|clk_BUFGP         |   0.000|
camera_front<24>|    2.963(R)|    0.975(R)|clk_BUFGP         |   0.000|
camera_front<25>|    3.269(R)|    0.696(R)|clk_BUFGP         |   0.000|
camera_front<26>|    3.125(R)|    0.830(R)|clk_BUFGP         |   0.000|
camera_front<27>|    3.516(R)|    0.470(R)|clk_BUFGP         |   0.000|
camera_front<28>|    3.122(R)|    0.780(R)|clk_BUFGP         |   0.000|
camera_front<29>|    2.997(R)|    0.894(R)|clk_BUFGP         |   0.000|
camera_front<30>|    3.036(R)|    0.857(R)|clk_BUFGP         |   0.000|
camera_front<31>|    2.555(R)|    1.423(R)|clk_BUFGP         |   0.000|
camera_front<32>|    3.354(R)|    0.663(R)|clk_BUFGP         |   0.000|
camera_front<33>|    3.535(R)|    0.495(R)|clk_BUFGP         |   0.000|
camera_front<34>|    3.957(R)|    0.107(R)|clk_BUFGP         |   0.000|
camera_front<35>|    3.546(R)|    0.487(R)|clk_BUFGP         |   0.000|
camera_front<36>|    3.569(R)|    0.465(R)|clk_BUFGP         |   0.000|
camera_front<37>|    3.224(R)|    0.782(R)|clk_BUFGP         |   0.000|
camera_front<38>|    4.113(R)|   -0.035(R)|clk_BUFGP         |   0.000|
camera_front<39>|    3.270(R)|    0.739(R)|clk_BUFGP         |   0.000|
camera_front<40>|    3.340(R)|    0.677(R)|clk_BUFGP         |   0.000|
camera_front<41>|    3.349(R)|    0.668(R)|clk_BUFGP         |   0.000|
camera_front<42>|    4.055(R)|    0.016(R)|clk_BUFGP         |   0.000|
camera_front<43>|    4.128(R)|   -0.049(R)|clk_BUFGP         |   0.000|
camera_front<44>|    3.241(R)|    0.764(R)|clk_BUFGP         |   0.000|
camera_front<45>|    3.653(R)|    0.389(R)|clk_BUFGP         |   0.000|
camera_front<46>|    3.342(R)|    0.673(R)|clk_BUFGP         |   0.000|
camera_front<47>|    3.069(R)|    0.923(R)|clk_BUFGP         |   0.000|
camera_front<48>|    2.593(R)|    1.363(R)|clk_BUFGP         |   0.000|
camera_front<49>|    2.982(R)|    1.007(R)|clk_BUFGP         |   0.000|
camera_front<50>|    2.886(R)|    1.095(R)|clk_BUFGP         |   0.000|
camera_front<51>|    3.398(R)|    0.623(R)|clk_BUFGP         |   0.000|
camera_front<52>|    3.222(R)|    0.786(R)|clk_BUFGP         |   0.000|
camera_front<53>|    3.114(R)|    0.886(R)|clk_BUFGP         |   0.000|
camera_front<54>|    2.654(R)|    1.306(R)|clk_BUFGP         |   0.000|
camera_front<55>|    2.483(R)|    1.466(R)|clk_BUFGP         |   0.000|
camera_front<56>|    2.532(R)|    1.421(R)|clk_BUFGP         |   0.000|
camera_front<57>|    2.833(R)|    1.144(R)|clk_BUFGP         |   0.000|
camera_front<58>|    2.493(R)|    1.454(R)|clk_BUFGP         |   0.000|
camera_front<59>|    3.103(R)|    0.892(R)|clk_BUFGP         |   0.000|
camera_front<60>|    2.809(R)|    1.161(R)|clk_BUFGP         |   0.000|
camera_front<61>|    2.663(R)|    1.295(R)|clk_BUFGP         |   0.000|
camera_front<62>|    2.784(R)|    1.184(R)|clk_BUFGP         |   0.000|
camera_front<63>|    2.506(R)|    1.559(R)|clk_BUFGP         |   0.000|
camera_front<64>|    1.820(R)|    1.109(R)|clk_BUFGP         |   0.000|
camera_front<65>|    2.944(R)|    0.071(R)|clk_BUFGP         |   0.000|
camera_front<66>|    3.986(R)|   -0.886(R)|clk_BUFGP         |   0.000|
camera_front<67>|    3.552(R)|   -0.485(R)|clk_BUFGP         |   0.000|
camera_front<68>|    3.591(R)|   -0.522(R)|clk_BUFGP         |   0.000|
camera_front<69>|    3.687(R)|   -0.610(R)|clk_BUFGP         |   0.000|
camera_front<70>|    3.593(R)|   -0.523(R)|clk_BUFGP         |   0.000|
camera_front<71>|    3.629(R)|   -0.555(R)|clk_BUFGP         |   0.000|
camera_front<72>|    3.277(R)|   -0.232(R)|clk_BUFGP         |   0.000|
camera_front<73>|    3.734(R)|   -0.650(R)|clk_BUFGP         |   0.000|
camera_front<74>|    3.247(R)|   -0.206(R)|clk_BUFGP         |   0.000|
camera_front<75>|    3.933(R)|   -0.838(R)|clk_BUFGP         |   0.000|
camera_front<76>|    3.532(R)|   -0.468(R)|clk_BUFGP         |   0.000|
camera_front<77>|    3.374(R)|   -0.322(R)|clk_BUFGP         |   0.000|
camera_front<78>|    3.610(R)|   -0.538(R)|clk_BUFGP         |   0.000|
camera_front<79>|    3.265(R)|   -0.222(R)|clk_BUFGP         |   0.000|
camera_front<80>|    3.810(R)|   -0.722(R)|clk_BUFGP         |   0.000|
camera_front<81>|    3.162(R)|   -0.126(R)|clk_BUFGP         |   0.000|
camera_front<82>|    3.190(R)|   -0.152(R)|clk_BUFGP         |   0.000|
camera_front<83>|    3.601(R)|   -0.530(R)|clk_BUFGP         |   0.000|
camera_front<84>|    3.068(R)|   -0.040(R)|clk_BUFGP         |   0.000|
camera_front<85>|    2.813(R)|    0.200(R)|clk_BUFGP         |   0.000|
camera_front<86>|    3.131(R)|   -0.098(R)|clk_BUFGP         |   0.000|
camera_front<87>|    3.073(R)|   -0.044(R)|clk_BUFGP         |   0.000|
camera_front<88>|    2.938(R)|    0.080(R)|clk_BUFGP         |   0.000|
camera_front<89>|    3.264(R)|   -0.221(R)|clk_BUFGP         |   0.000|
camera_front<90>|    2.840(R)|    0.170(R)|clk_BUFGP         |   0.000|
camera_front<91>|    3.408(R)|   -0.351(R)|clk_BUFGP         |   0.000|
camera_front<92>|    3.327(R)|   -0.279(R)|clk_BUFGP         |   0.000|
camera_front<93>|    3.113(R)|   -0.083(R)|clk_BUFGP         |   0.000|
camera_front<94>|    3.186(R)|   -0.154(R)|clk_BUFGP         |   0.000|
camera_front<95>|    2.268(R)|    0.703(R)|clk_BUFGP         |   0.000|
camera_left<0>  |   15.536(R)|   -4.081(R)|clk_BUFGP         |   0.000|
camera_left<1>  |   15.499(R)|   -4.051(R)|clk_BUFGP         |   0.000|
camera_left<2>  |   15.344(R)|   -3.878(R)|clk_BUFGP         |   0.000|
camera_left<3>  |   15.477(R)|   -4.382(R)|clk_BUFGP         |   0.000|
camera_left<4>  |   15.857(R)|   -4.194(R)|clk_BUFGP         |   0.000|
camera_left<5>  |   15.847(R)|   -4.524(R)|clk_BUFGP         |   0.000|
camera_left<6>  |   15.861(R)|   -4.204(R)|clk_BUFGP         |   0.000|
camera_left<7>  |   15.465(R)|   -4.275(R)|clk_BUFGP         |   0.000|
camera_left<8>  |   15.778(R)|   -4.416(R)|clk_BUFGP         |   0.000|
camera_left<9>  |   15.548(R)|   -4.670(R)|clk_BUFGP         |   0.000|
camera_left<10> |   15.505(R)|   -4.242(R)|clk_BUFGP         |   0.000|
camera_left<11> |   15.666(R)|   -4.051(R)|clk_BUFGP         |   0.000|
camera_left<12> |   15.831(R)|   -4.121(R)|clk_BUFGP         |   0.000|
camera_left<13> |   14.817(R)|   -3.269(R)|clk_BUFGP         |   0.000|
camera_left<14> |   14.969(R)|   -3.390(R)|clk_BUFGP         |   0.000|
camera_left<15> |   15.536(R)|   -3.910(R)|clk_BUFGP         |   0.000|
camera_left<16> |   15.622(R)|   -4.016(R)|clk_BUFGP         |   0.000|
camera_left<17> |   13.397(R)|   -2.770(R)|clk_BUFGP         |   0.000|
camera_left<18> |   13.540(R)|   -2.615(R)|clk_BUFGP         |   0.000|
camera_left<19> |   14.351(R)|   -3.228(R)|clk_BUFGP         |   0.000|
camera_left<20> |   14.959(R)|   -4.243(R)|clk_BUFGP         |   0.000|
camera_left<21> |   13.024(R)|   -2.267(R)|clk_BUFGP         |   0.000|
camera_left<22> |   12.890(R)|   -2.345(R)|clk_BUFGP         |   0.000|
camera_left<23> |   13.901(R)|   -3.356(R)|clk_BUFGP         |   0.000|
camera_left<24> |   14.659(R)|   -3.954(R)|clk_BUFGP         |   0.000|
camera_left<25> |   13.371(R)|   -2.729(R)|clk_BUFGP         |   0.000|
camera_left<26> |   13.070(R)|   -2.301(R)|clk_BUFGP         |   0.000|
camera_left<27> |   14.973(R)|   -4.214(R)|clk_BUFGP         |   0.000|
camera_left<28> |   13.041(R)|   -2.283(R)|clk_BUFGP         |   0.000|
camera_left<29> |   14.093(R)|   -3.317(R)|clk_BUFGP         |   0.000|
camera_left<30> |   14.233(R)|   -3.677(R)|clk_BUFGP         |   0.000|
camera_left<31> |   15.033(R)|   -4.243(R)|clk_BUFGP         |   0.000|
camera_left<32> |   16.141(R)|   -4.688(R)|clk_BUFGP         |   0.000|
camera_left<33> |   15.969(R)|   -4.558(R)|clk_BUFGP         |   0.000|
camera_left<34> |   16.412(R)|   -4.931(R)|clk_BUFGP         |   0.000|
camera_left<35> |   15.732(R)|   -4.674(R)|clk_BUFGP         |   0.000|
camera_left<36> |   15.816(R)|   -4.393(R)|clk_BUFGP         |   0.000|
camera_left<37> |   15.910(R)|   -4.487(R)|clk_BUFGP         |   0.000|
camera_left<38> |   15.795(R)|   -4.480(R)|clk_BUFGP         |   0.000|
camera_left<39> |   16.297(R)|   -4.854(R)|clk_BUFGP         |   0.000|
camera_left<40> |   15.352(R)|   -3.710(R)|clk_BUFGP         |   0.000|
camera_left<41> |   15.775(R)|   -4.732(R)|clk_BUFGP         |   0.000|
camera_left<42> |   16.287(R)|   -4.611(R)|clk_BUFGP         |   0.000|
camera_left<43> |   16.569(R)|   -5.120(R)|clk_BUFGP         |   0.000|
camera_left<44> |   16.152(R)|   -4.460(R)|clk_BUFGP         |   0.000|
camera_left<45> |   16.785(R)|   -5.303(R)|clk_BUFGP         |   0.000|
camera_left<46> |   16.059(R)|   -4.354(R)|clk_BUFGP         |   0.000|
camera_left<47> |   16.152(R)|   -4.566(R)|clk_BUFGP         |   0.000|
camera_left<48> |   14.993(R)|   -3.483(R)|clk_BUFGP         |   0.000|
camera_left<49> |   14.290(R)|   -3.543(R)|clk_BUFGP         |   0.000|
camera_left<50> |   14.697(R)|   -4.035(R)|clk_BUFGP         |   0.000|
camera_left<51> |   14.297(R)|   -3.321(R)|clk_BUFGP         |   0.000|
camera_left<52> |   14.916(R)|   -3.955(R)|clk_BUFGP         |   0.000|
camera_left<53> |   14.353(R)|   -3.506(R)|clk_BUFGP         |   0.000|
camera_left<54> |   14.204(R)|   -3.872(R)|clk_BUFGP         |   0.000|
camera_left<55> |   13.961(R)|   -3.493(R)|clk_BUFGP         |   0.000|
camera_left<56> |   13.928(R)|   -3.323(R)|clk_BUFGP         |   0.000|
camera_left<57> |   14.283(R)|   -3.425(R)|clk_BUFGP         |   0.000|
camera_left<58> |   13.667(R)|   -2.695(R)|clk_BUFGP         |   0.000|
camera_left<59> |   14.621(R)|   -4.023(R)|clk_BUFGP         |   0.000|
camera_left<60> |   15.130(R)|   -4.224(R)|clk_BUFGP         |   0.000|
camera_left<61> |   14.301(R)|   -3.417(R)|clk_BUFGP         |   0.000|
camera_left<62> |   14.145(R)|   -3.352(R)|clk_BUFGP         |   0.000|
camera_left<63> |   16.159(R)|   -5.004(R)|clk_BUFGP         |   0.000|
camera_left<64> |   15.690(R)|   -4.819(R)|clk_BUFGP         |   0.000|
camera_left<65> |   15.878(R)|   -4.866(R)|clk_BUFGP         |   0.000|
camera_left<66> |   14.879(R)|   -4.357(R)|clk_BUFGP         |   0.000|
camera_left<67> |   14.490(R)|   -3.816(R)|clk_BUFGP         |   0.000|
camera_left<68> |   14.751(R)|   -4.052(R)|clk_BUFGP         |   0.000|
camera_left<69> |   15.256(R)|   -4.649(R)|clk_BUFGP         |   0.000|
camera_left<70> |   14.586(R)|   -3.824(R)|clk_BUFGP         |   0.000|
camera_left<71> |   14.604(R)|   -3.809(R)|clk_BUFGP         |   0.000|
camera_left<72> |   14.507(R)|   -3.819(R)|clk_BUFGP         |   0.000|
camera_left<73> |   14.940(R)|   -3.733(R)|clk_BUFGP         |   0.000|
camera_left<74> |   14.806(R)|   -3.724(R)|clk_BUFGP         |   0.000|
camera_left<75> |   14.497(R)|   -4.008(R)|clk_BUFGP         |   0.000|
camera_left<76> |   14.778(R)|   -4.061(R)|clk_BUFGP         |   0.000|
camera_left<77> |   14.865(R)|   -3.902(R)|clk_BUFGP         |   0.000|
camera_left<78> |   14.730(R)|   -3.840(R)|clk_BUFGP         |   0.000|
camera_left<79> |   14.777(R)|   -3.697(R)|clk_BUFGP         |   0.000|
camera_left<80> |   14.484(R)|   -3.720(R)|clk_BUFGP         |   0.000|
camera_left<81> |   13.347(R)|   -3.768(R)|clk_BUFGP         |   0.000|
camera_left<82> |   12.889(R)|   -3.513(R)|clk_BUFGP         |   0.000|
camera_left<83> |   12.885(R)|   -3.226(R)|clk_BUFGP         |   0.000|
camera_left<84> |   13.043(R)|   -3.352(R)|clk_BUFGP         |   0.000|
camera_left<85> |   13.005(R)|   -3.573(R)|clk_BUFGP         |   0.000|
camera_left<86> |   13.021(R)|   -3.289(R)|clk_BUFGP         |   0.000|
camera_left<87> |   13.425(R)|   -3.717(R)|clk_BUFGP         |   0.000|
camera_left<88> |   12.814(R)|   -3.524(R)|clk_BUFGP         |   0.000|
camera_left<89> |   13.020(R)|   -3.687(R)|clk_BUFGP         |   0.000|
camera_left<90> |   13.027(R)|   -3.163(R)|clk_BUFGP         |   0.000|
camera_left<91> |   12.972(R)|   -3.651(R)|clk_BUFGP         |   0.000|
camera_left<92> |   13.221(R)|   -3.318(R)|clk_BUFGP         |   0.000|
camera_left<93> |   12.895(R)|   -3.464(R)|clk_BUFGP         |   0.000|
camera_left<94> |   13.298(R)|   -3.328(R)|clk_BUFGP         |   0.000|
camera_left<95> |   13.731(R)|   -4.361(R)|clk_BUFGP         |   0.000|
camera_up<0>    |   15.782(R)|   -4.354(R)|clk_BUFGP         |   0.000|
camera_up<1>    |   15.889(R)|   -4.557(R)|clk_BUFGP         |   0.000|
camera_up<2>    |   15.596(R)|   -4.227(R)|clk_BUFGP         |   0.000|
camera_up<3>    |   15.717(R)|   -4.339(R)|clk_BUFGP         |   0.000|
camera_up<4>    |   15.629(R)|   -4.259(R)|clk_BUFGP         |   0.000|
camera_up<5>    |   16.108(R)|   -4.689(R)|clk_BUFGP         |   0.000|
camera_up<6>    |   15.701(R)|   -4.353(R)|clk_BUFGP         |   0.000|
camera_up<7>    |   15.831(R)|   -4.403(R)|clk_BUFGP         |   0.000|
camera_up<8>    |   15.781(R)|   -4.548(R)|clk_BUFGP         |   0.000|
camera_up<9>    |   15.755(R)|   -4.713(R)|clk_BUFGP         |   0.000|
camera_up<10>   |   15.831(R)|   -4.774(R)|clk_BUFGP         |   0.000|
camera_up<11>   |   15.910(R)|   -4.882(R)|clk_BUFGP         |   0.000|
camera_up<12>   |   15.910(R)|   -4.329(R)|clk_BUFGP         |   0.000|
camera_up<13>   |   15.854(R)|   -4.441(R)|clk_BUFGP         |   0.000|
camera_up<14>   |   16.022(R)|   -4.431(R)|clk_BUFGP         |   0.000|
camera_up<15>   |   15.891(R)|   -4.382(R)|clk_BUFGP         |   0.000|
camera_up<16>   |   15.869(R)|   -4.353(R)|clk_BUFGP         |   0.000|
camera_up<17>   |   14.372(R)|   -3.747(R)|clk_BUFGP         |   0.000|
camera_up<18>   |   14.207(R)|   -3.609(R)|clk_BUFGP         |   0.000|
camera_up<19>   |   14.621(R)|   -4.024(R)|clk_BUFGP         |   0.000|
camera_up<20>   |   14.346(R)|   -3.953(R)|clk_BUFGP         |   0.000|
camera_up<21>   |   15.030(R)|   -4.511(R)|clk_BUFGP         |   0.000|
camera_up<22>   |   14.322(R)|   -3.557(R)|clk_BUFGP         |   0.000|
camera_up<23>   |   14.242(R)|   -3.766(R)|clk_BUFGP         |   0.000|
camera_up<24>   |   14.382(R)|   -3.893(R)|clk_BUFGP         |   0.000|
camera_up<25>   |   14.059(R)|   -3.657(R)|clk_BUFGP         |   0.000|
camera_up<26>   |   14.200(R)|   -4.050(R)|clk_BUFGP         |   0.000|
camera_up<27>   |   14.134(R)|   -3.542(R)|clk_BUFGP         |   0.000|
camera_up<28>   |   14.125(R)|   -3.414(R)|clk_BUFGP         |   0.000|
camera_up<29>   |   14.058(R)|   -3.355(R)|clk_BUFGP         |   0.000|
camera_up<30>   |   14.007(R)|   -3.612(R)|clk_BUFGP         |   0.000|
camera_up<31>   |   14.957(R)|   -4.299(R)|clk_BUFGP         |   0.000|
camera_up<32>   |   16.499(R)|   -4.893(R)|clk_BUFGP         |   0.000|
camera_up<33>   |   16.193(R)|   -4.629(R)|clk_BUFGP         |   0.000|
camera_up<34>   |   16.104(R)|   -4.540(R)|clk_BUFGP         |   0.000|
camera_up<35>   |   16.146(R)|   -4.785(R)|clk_BUFGP         |   0.000|
camera_up<36>   |   16.406(R)|   -5.144(R)|clk_BUFGP         |   0.000|
camera_up<37>   |   16.351(R)|   -4.798(R)|clk_BUFGP         |   0.000|
camera_up<38>   |   16.319(R)|   -4.746(R)|clk_BUFGP         |   0.000|
camera_up<39>   |   16.251(R)|   -4.548(R)|clk_BUFGP         |   0.000|
camera_up<40>   |   16.245(R)|   -4.517(R)|clk_BUFGP         |   0.000|
camera_up<41>   |   16.229(R)|   -4.856(R)|clk_BUFGP         |   0.000|
camera_up<42>   |   16.081(R)|   -4.732(R)|clk_BUFGP         |   0.000|
camera_up<43>   |   16.271(R)|   -4.543(R)|clk_BUFGP         |   0.000|
camera_up<44>   |   16.223(R)|   -4.740(R)|clk_BUFGP         |   0.000|
camera_up<45>   |   16.256(R)|   -4.696(R)|clk_BUFGP         |   0.000|
camera_up<46>   |   15.893(R)|   -4.596(R)|clk_BUFGP         |   0.000|
camera_up<47>   |   16.902(R)|   -5.240(R)|clk_BUFGP         |   0.000|
camera_up<48>   |   16.340(R)|   -4.719(R)|clk_BUFGP         |   0.000|
camera_up<49>   |   14.587(R)|   -3.976(R)|clk_BUFGP         |   0.000|
camera_up<50>   |   14.530(R)|   -3.839(R)|clk_BUFGP         |   0.000|
camera_up<51>   |   14.541(R)|   -3.995(R)|clk_BUFGP         |   0.000|
camera_up<52>   |   14.649(R)|   -4.012(R)|clk_BUFGP         |   0.000|
camera_up<53>   |   14.422(R)|   -3.736(R)|clk_BUFGP         |   0.000|
camera_up<54>   |   14.747(R)|   -4.039(R)|clk_BUFGP         |   0.000|
camera_up<55>   |   14.734(R)|   -4.204(R)|clk_BUFGP         |   0.000|
camera_up<56>   |   14.661(R)|   -4.153(R)|clk_BUFGP         |   0.000|
camera_up<57>   |   14.683(R)|   -3.433(R)|clk_BUFGP         |   0.000|
camera_up<58>   |   14.617(R)|   -3.992(R)|clk_BUFGP         |   0.000|
camera_up<59>   |   14.340(R)|   -3.643(R)|clk_BUFGP         |   0.000|
camera_up<60>   |   14.550(R)|   -3.977(R)|clk_BUFGP         |   0.000|
camera_up<61>   |   14.137(R)|   -3.560(R)|clk_BUFGP         |   0.000|
camera_up<62>   |   14.807(R)|   -3.571(R)|clk_BUFGP         |   0.000|
camera_up<63>   |   15.187(R)|   -4.131(R)|clk_BUFGP         |   0.000|
camera_up<64>   |   14.368(R)|   -3.912(R)|clk_BUFGP         |   0.000|
camera_up<65>   |   15.530(R)|   -4.687(R)|clk_BUFGP         |   0.000|
camera_up<66>   |   15.109(R)|   -4.220(R)|clk_BUFGP         |   0.000|
camera_up<67>   |   14.597(R)|   -3.741(R)|clk_BUFGP         |   0.000|
camera_up<68>   |   14.301(R)|   -3.561(R)|clk_BUFGP         |   0.000|
camera_up<69>   |   14.658(R)|   -4.063(R)|clk_BUFGP         |   0.000|
camera_up<70>   |   14.454(R)|   -4.008(R)|clk_BUFGP         |   0.000|
camera_up<71>   |   15.426(R)|   -4.645(R)|clk_BUFGP         |   0.000|
camera_up<72>   |   15.521(R)|   -4.335(R)|clk_BUFGP         |   0.000|
camera_up<73>   |   14.399(R)|   -3.452(R)|clk_BUFGP         |   0.000|
camera_up<74>   |   14.619(R)|   -3.577(R)|clk_BUFGP         |   0.000|
camera_up<75>   |   14.223(R)|   -3.832(R)|clk_BUFGP         |   0.000|
camera_up<76>   |   14.282(R)|   -3.559(R)|clk_BUFGP         |   0.000|
camera_up<77>   |   14.288(R)|   -3.452(R)|clk_BUFGP         |   0.000|
camera_up<78>   |   14.425(R)|   -3.586(R)|clk_BUFGP         |   0.000|
camera_up<79>   |   14.636(R)|   -3.786(R)|clk_BUFGP         |   0.000|
camera_up<80>   |   14.756(R)|   -4.106(R)|clk_BUFGP         |   0.000|
camera_up<81>   |   12.572(R)|   -3.049(R)|clk_BUFGP         |   0.000|
camera_up<82>   |   12.729(R)|   -3.421(R)|clk_BUFGP         |   0.000|
camera_up<83>   |   12.534(R)|   -3.145(R)|clk_BUFGP         |   0.000|
camera_up<84>   |   12.428(R)|   -3.047(R)|clk_BUFGP         |   0.000|
camera_up<85>   |   12.667(R)|   -3.160(R)|clk_BUFGP         |   0.000|
camera_up<86>   |   12.587(R)|   -3.332(R)|clk_BUFGP         |   0.000|
camera_up<87>   |   12.541(R)|   -3.037(R)|clk_BUFGP         |   0.000|
camera_up<88>   |   12.715(R)|   -3.209(R)|clk_BUFGP         |   0.000|
camera_up<89>   |   12.348(R)|   -2.871(R)|clk_BUFGP         |   0.000|
camera_up<90>   |   12.385(R)|   -2.936(R)|clk_BUFGP         |   0.000|
camera_up<91>   |   13.746(R)|   -4.089(R)|clk_BUFGP         |   0.000|
camera_up<92>   |   12.580(R)|   -3.094(R)|clk_BUFGP         |   0.000|
camera_up<93>   |   13.372(R)|   -4.140(R)|clk_BUFGP         |   0.000|
camera_up<94>   |   12.530(R)|   -3.156(R)|clk_BUFGP         |   0.000|
camera_up<95>   |   13.931(R)|   -4.438(R)|clk_BUFGP         |   0.000|
ce              |    7.082(R)|    1.551(R)|clk_BUFGP         |   0.000|
render_start    |    5.170(R)|    0.494(R)|clk_BUFGP         |   0.000|
rst             |    5.239(R)|    1.361(R)|clk_BUFGP         |   0.000|
----------------+------------+------------+------------------+--------+

Clock clk to Pad
----------------------+------------+------------------+--------+
                      | clk (edge) |                  | Clock  |
Destination           |   to PAD   |Internal Clock(s) | Phase  |
----------------------+------------+------------------+--------+
core_image_x<0>       |    7.622(R)|clk_BUFGP         |   0.000|
core_image_x<1>       |    7.612(R)|clk_BUFGP         |   0.000|
core_image_x<2>       |    7.466(R)|clk_BUFGP         |   0.000|
core_image_x<3>       |    7.777(R)|clk_BUFGP         |   0.000|
core_image_x<4>       |    7.673(R)|clk_BUFGP         |   0.000|
core_image_x<5>       |    7.668(R)|clk_BUFGP         |   0.000|
core_image_x<6>       |    7.634(R)|clk_BUFGP         |   0.000|
core_image_x<7>       |    7.501(R)|clk_BUFGP         |   0.000|
core_image_x<8>       |    8.470(R)|clk_BUFGP         |   0.000|
core_image_x<9>       |    8.410(R)|clk_BUFGP         |   0.000|
core_image_x<10>      |    8.315(R)|clk_BUFGP         |   0.000|
core_image_y<0>       |    7.813(R)|clk_BUFGP         |   0.000|
core_image_y<1>       |    7.698(R)|clk_BUFGP         |   0.000|
core_image_y<2>       |    7.677(R)|clk_BUFGP         |   0.000|
core_image_y<3>       |    9.126(R)|clk_BUFGP         |   0.000|
core_image_y<4>       |    7.712(R)|clk_BUFGP         |   0.000|
core_image_y<5>       |    7.696(R)|clk_BUFGP         |   0.000|
core_image_y<6>       |    7.572(R)|clk_BUFGP         |   0.000|
core_image_y<7>       |    8.031(R)|clk_BUFGP         |   0.000|
core_image_y<8>       |    7.831(R)|clk_BUFGP         |   0.000|
core_image_y<9>       |    7.706(R)|clk_BUFGP         |   0.000|
core_image_y<10>      |    7.559(R)|clk_BUFGP         |   0.000|
core_ray_direction<0> |    8.698(R)|clk_BUFGP         |   0.000|
core_ray_direction<1> |    9.934(R)|clk_BUFGP         |   0.000|
core_ray_direction<2> |    9.731(R)|clk_BUFGP         |   0.000|
core_ray_direction<3> |    9.669(R)|clk_BUFGP         |   0.000|
core_ray_direction<4> |    9.708(R)|clk_BUFGP         |   0.000|
core_ray_direction<5> |    9.701(R)|clk_BUFGP         |   0.000|
core_ray_direction<6> |    9.692(R)|clk_BUFGP         |   0.000|
core_ray_direction<7> |    9.713(R)|clk_BUFGP         |   0.000|
core_ray_direction<8> |    9.682(R)|clk_BUFGP         |   0.000|
core_ray_direction<9> |    9.632(R)|clk_BUFGP         |   0.000|
core_ray_direction<10>|    9.668(R)|clk_BUFGP         |   0.000|
core_ray_direction<11>|    9.636(R)|clk_BUFGP         |   0.000|
core_ray_direction<12>|    9.685(R)|clk_BUFGP         |   0.000|
core_ray_direction<13>|    9.892(R)|clk_BUFGP         |   0.000|
core_ray_direction<14>|    9.344(R)|clk_BUFGP         |   0.000|
core_ray_direction<15>|    9.584(R)|clk_BUFGP         |   0.000|
core_ray_direction<16>|    9.571(R)|clk_BUFGP         |   0.000|
core_ray_direction<17>|    8.624(R)|clk_BUFGP         |   0.000|
core_ray_direction<18>|    8.929(R)|clk_BUFGP         |   0.000|
core_ray_direction<19>|    9.344(R)|clk_BUFGP         |   0.000|
core_ray_direction<20>|    9.288(R)|clk_BUFGP         |   0.000|
core_ray_direction<21>|    9.324(R)|clk_BUFGP         |   0.000|
core_ray_direction<22>|    9.328(R)|clk_BUFGP         |   0.000|
core_ray_direction<23>|    9.300(R)|clk_BUFGP         |   0.000|
core_ray_direction<24>|    9.394(R)|clk_BUFGP         |   0.000|
core_ray_direction<25>|    9.317(R)|clk_BUFGP         |   0.000|
core_ray_direction<26>|    9.390(R)|clk_BUFGP         |   0.000|
core_ray_direction<27>|    9.298(R)|clk_BUFGP         |   0.000|
core_ray_direction<28>|    9.536(R)|clk_BUFGP         |   0.000|
core_ray_direction<29>|    9.540(R)|clk_BUFGP         |   0.000|
core_ray_direction<30>|    9.183(R)|clk_BUFGP         |   0.000|
core_ray_direction<31>|    9.571(R)|clk_BUFGP         |   0.000|
core_ray_direction<32>|    9.723(R)|clk_BUFGP         |   0.000|
core_ray_direction<33>|    9.408(R)|clk_BUFGP         |   0.000|
core_ray_direction<34>|    9.590(R)|clk_BUFGP         |   0.000|
core_ray_direction<35>|    9.600(R)|clk_BUFGP         |   0.000|
core_ray_direction<36>|    9.479(R)|clk_BUFGP         |   0.000|
core_ray_direction<37>|    9.402(R)|clk_BUFGP         |   0.000|
core_ray_direction<38>|    9.521(R)|clk_BUFGP         |   0.000|
core_ray_direction<39>|    9.551(R)|clk_BUFGP         |   0.000|
core_ray_direction<40>|    9.539(R)|clk_BUFGP         |   0.000|
core_ray_direction<41>|    8.751(R)|clk_BUFGP         |   0.000|
core_ray_direction<42>|    8.782(R)|clk_BUFGP         |   0.000|
core_ray_direction<43>|    8.517(R)|clk_BUFGP         |   0.000|
core_ray_direction<44>|    8.617(R)|clk_BUFGP         |   0.000|
core_ray_direction<45>|    9.701(R)|clk_BUFGP         |   0.000|
core_ray_direction<46>|    9.552(R)|clk_BUFGP         |   0.000|
core_ray_direction<47>|    9.412(R)|clk_BUFGP         |   0.000|
core_ray_direction<48>|    9.349(R)|clk_BUFGP         |   0.000|
core_ray_direction<49>|    9.515(R)|clk_BUFGP         |   0.000|
core_ray_direction<50>|    9.469(R)|clk_BUFGP         |   0.000|
core_ray_direction<51>|    9.369(R)|clk_BUFGP         |   0.000|
core_ray_direction<52>|    9.050(R)|clk_BUFGP         |   0.000|
core_ray_direction<53>|    9.710(R)|clk_BUFGP         |   0.000|
core_ray_direction<54>|    9.072(R)|clk_BUFGP         |   0.000|
core_ray_direction<55>|    9.307(R)|clk_BUFGP         |   0.000|
core_ray_direction<56>|    9.343(R)|clk_BUFGP         |   0.000|
core_ray_direction<57>|    9.468(R)|clk_BUFGP         |   0.000|
core_ray_direction<58>|    9.367(R)|clk_BUFGP         |   0.000|
core_ray_direction<59>|    9.599(R)|clk_BUFGP         |   0.000|
core_ray_direction<60>|    9.230(R)|clk_BUFGP         |   0.000|
core_ray_direction<61>|    8.010(R)|clk_BUFGP         |   0.000|
core_ray_direction<62>|    7.836(R)|clk_BUFGP         |   0.000|
core_ray_direction<63>|    9.298(R)|clk_BUFGP         |   0.000|
core_ray_direction<64>|    8.500(R)|clk_BUFGP         |   0.000|
core_ray_direction<65>|    8.049(R)|clk_BUFGP         |   0.000|
core_ray_direction<66>|    8.976(R)|clk_BUFGP         |   0.000|
core_ray_direction<67>|    7.945(R)|clk_BUFGP         |   0.000|
core_ray_direction<68>|    8.638(R)|clk_BUFGP         |   0.000|
core_ray_direction<69>|    8.487(R)|clk_BUFGP         |   0.000|
core_ray_direction<70>|    8.619(R)|clk_BUFGP         |   0.000|
core_ray_direction<71>|    8.619(R)|clk_BUFGP         |   0.000|
core_ray_direction<72>|    8.484(R)|clk_BUFGP         |   0.000|
core_ray_direction<73>|    8.490(R)|clk_BUFGP         |   0.000|
core_ray_direction<74>|    8.455(R)|clk_BUFGP         |   0.000|
core_ray_direction<75>|    8.607(R)|clk_BUFGP         |   0.000|
core_ray_direction<76>|    9.422(R)|clk_BUFGP         |   0.000|
core_ray_direction<77>|    7.951(R)|clk_BUFGP         |   0.000|
core_ray_direction<78>|    9.285(R)|clk_BUFGP         |   0.000|
core_ray_direction<79>|    7.998(R)|clk_BUFGP         |   0.000|
core_ray_direction<80>|    8.492(R)|clk_BUFGP         |   0.000|
core_ray_direction<81>|    8.272(R)|clk_BUFGP         |   0.000|
core_ray_direction<82>|    9.033(R)|clk_BUFGP         |   0.000|
core_ray_direction<83>|    9.563(R)|clk_BUFGP         |   0.000|
core_ray_direction<84>|    8.652(R)|clk_BUFGP         |   0.000|
core_ray_direction<85>|    8.471(R)|clk_BUFGP         |   0.000|
core_ray_direction<86>|    8.977(R)|clk_BUFGP         |   0.000|
core_ray_direction<87>|    9.150(R)|clk_BUFGP         |   0.000|
core_ray_direction<88>|    8.520(R)|clk_BUFGP         |   0.000|
core_ray_direction<89>|    9.245(R)|clk_BUFGP         |   0.000|
core_ray_direction<90>|    9.208(R)|clk_BUFGP         |   0.000|
core_ray_direction<91>|    8.505(R)|clk_BUFGP         |   0.000|
core_ray_direction<92>|    8.125(R)|clk_BUFGP         |   0.000|
core_ray_direction<93>|    8.965(R)|clk_BUFGP         |   0.000|
core_ray_direction<94>|    7.839(R)|clk_BUFGP         |   0.000|
core_ray_direction<95>|    7.768(R)|clk_BUFGP         |   0.000|
output_valid          |    7.899(R)|clk_BUFGP         |   0.000|
----------------------+------------+------------------+--------+

Clock to Setup on destination clock clk
---------------+---------+---------+---------+---------+
               | Src:Rise| Src:Fall| Src:Rise| Src:Fall|
Source Clock   |Dest:Rise|Dest:Rise|Dest:Fall|Dest:Fall|
---------------+---------+---------+---------+---------+
clk            |   14.198|         |         |         |
---------------+---------+---------+---------+---------+

Pad to Pad
-----------------+-------------------+---------+
Source Pad       |Destination Pad    |  Delay  |
-----------------+-------------------+---------+
camera_origin<0> |core_ray_origin<0> |    4.410|
camera_origin<1> |core_ray_origin<1> |    4.400|
camera_origin<2> |core_ray_origin<2> |    4.420|
camera_origin<3> |core_ray_origin<3> |    4.659|
camera_origin<4> |core_ray_origin<4> |    4.499|
camera_origin<5> |core_ray_origin<5> |    4.404|
camera_origin<6> |core_ray_origin<6> |    4.558|
camera_origin<7> |core_ray_origin<7> |    4.374|
camera_origin<8> |core_ray_origin<8> |    4.444|
camera_origin<9> |core_ray_origin<9> |    4.358|
camera_origin<10>|core_ray_origin<10>|    4.335|
camera_origin<11>|core_ray_origin<11>|    4.482|
camera_origin<12>|core_ray_origin<12>|    4.373|
camera_origin<13>|core_ray_origin<13>|    4.417|
camera_origin<14>|core_ray_origin<14>|    4.424|
camera_origin<15>|core_ray_origin<15>|    4.430|
camera_origin<16>|core_ray_origin<16>|    4.476|
camera_origin<17>|core_ray_origin<17>|    4.477|
camera_origin<18>|core_ray_origin<18>|    4.599|
camera_origin<19>|core_ray_origin<19>|    4.575|
camera_origin<20>|core_ray_origin<20>|    4.531|
camera_origin<21>|core_ray_origin<21>|    4.581|
camera_origin<22>|core_ray_origin<22>|    4.759|
camera_origin<23>|core_ray_origin<23>|    4.688|
camera_origin<24>|core_ray_origin<24>|    4.527|
camera_origin<25>|core_ray_origin<25>|    4.641|
camera_origin<26>|core_ray_origin<26>|    4.501|
camera_origin<27>|core_ray_origin<27>|    4.524|
camera_origin<28>|core_ray_origin<28>|    4.370|
camera_origin<29>|core_ray_origin<29>|    4.528|
camera_origin<30>|core_ray_origin<30>|    4.479|
camera_origin<31>|core_ray_origin<31>|    4.614|
camera_origin<32>|core_ray_origin<32>|    4.583|
camera_origin<33>|core_ray_origin<33>|    4.541|
camera_origin<34>|core_ray_origin<34>|    4.517|
camera_origin<35>|core_ray_origin<35>|    4.532|
camera_origin<36>|core_ray_origin<36>|    4.565|
camera_origin<37>|core_ray_origin<37>|    4.525|
camera_origin<38>|core_ray_origin<38>|    4.510|
camera_origin<39>|core_ray_origin<39>|    4.524|
camera_origin<40>|core_ray_origin<40>|    4.702|
camera_origin<41>|core_ray_origin<41>|    4.591|
camera_origin<42>|core_ray_origin<42>|    4.513|
camera_origin<43>|core_ray_origin<43>|    4.431|
camera_origin<44>|core_ray_origin<44>|    4.567|
camera_origin<45>|core_ray_origin<45>|    4.424|
camera_origin<46>|core_ray_origin<46>|    4.641|
camera_origin<47>|core_ray_origin<47>|    4.564|
camera_origin<48>|core_ray_origin<48>|    4.625|
camera_origin<49>|core_ray_origin<49>|    4.693|
camera_origin<50>|core_ray_origin<50>|    4.480|
camera_origin<51>|core_ray_origin<51>|    4.324|
camera_origin<52>|core_ray_origin<52>|    4.603|
camera_origin<53>|core_ray_origin<53>|    4.660|
camera_origin<54>|core_ray_origin<54>|    4.637|
camera_origin<55>|core_ray_origin<55>|    4.583|
camera_origin<56>|core_ray_origin<56>|    4.426|
camera_origin<57>|core_ray_origin<57>|    4.526|
camera_origin<58>|core_ray_origin<58>|    4.342|
camera_origin<59>|core_ray_origin<59>|    4.427|
camera_origin<60>|core_ray_origin<60>|    4.449|
camera_origin<61>|core_ray_origin<61>|    4.428|
camera_origin<62>|core_ray_origin<62>|    4.423|
camera_origin<63>|core_ray_origin<63>|    4.372|
camera_origin<64>|core_ray_origin<64>|    4.345|
camera_origin<65>|core_ray_origin<65>|    4.573|
camera_origin<66>|core_ray_origin<66>|    4.335|
camera_origin<67>|core_ray_origin<67>|    4.463|
camera_origin<68>|core_ray_origin<68>|    4.497|
camera_origin<69>|core_ray_origin<69>|    4.378|
camera_origin<70>|core_ray_origin<70>|    4.444|
camera_origin<71>|core_ray_origin<71>|    4.395|
camera_origin<72>|core_ray_origin<72>|    4.511|
camera_origin<73>|core_ray_origin<73>|    4.501|
camera_origin<74>|core_ray_origin<74>|    4.291|
camera_origin<75>|core_ray_origin<75>|    4.369|
camera_origin<76>|core_ray_origin<76>|    4.370|
camera_origin<77>|core_ray_origin<77>|    4.396|
camera_origin<78>|core_ray_origin<78>|    4.487|
camera_origin<79>|core_ray_origin<79>|    4.296|
camera_origin<80>|core_ray_origin<80>|    4.388|
camera_origin<81>|core_ray_origin<81>|    4.468|
camera_origin<82>|core_ray_origin<82>|    4.365|
camera_origin<83>|core_ray_origin<83>|    4.486|
camera_origin<84>|core_ray_origin<84>|    4.329|
camera_origin<85>|core_ray_origin<85>|    4.650|
camera_origin<86>|core_ray_origin<86>|    4.408|
camera_origin<87>|core_ray_origin<87>|    4.397|
camera_origin<88>|core_ray_origin<88>|    4.631|
camera_origin<89>|core_ray_origin<89>|    4.356|
camera_origin<90>|core_ray_origin<90>|    4.376|
camera_origin<91>|core_ray_origin<91>|    4.433|
camera_origin<92>|core_ray_origin<92>|    4.398|
camera_origin<93>|core_ray_origin<93>|    4.512|
camera_origin<94>|core_ray_origin<94>|    4.395|
camera_origin<95>|core_ray_origin<95>|    4.373|
-----------------+-------------------+---------+


Analysis completed Sat Jan 26 23:32:25 2019 
--------------------------------------------------------------------------------

Trace Settings:
-------------------------
Trace Settings 

Peak Memory Usage: 698 MB



