Release 14.7 reportgen P.20131013 (lin64)
Copyright (c) 1995-2013 Xilinx, Inc.  All rights reserved.

waznastrona::  Tue Jan 29 02:19:37 2019

/opt/Xilinx/14.7/ISE_DS/ISE/bin/lin64/unwrapped/reportgen -intstyle ise -delay
-o top top.ncd 

Loading device for application Rf_Device from file '5vfx130t.nph' in environment
/opt/Xilinx/14.7/ISE_DS/ISE/.
   "top" is an NCD, version 3.2, device xc5vfx130t, package ff1738, speed -2
ReportGen:LoadDesign: 'top.ncd'
Initializing temperature to 85.000 Celsius. (default - Range: 0.000 to 85.000
Celsius)
Initializing voltage to 0.950 Volts. (default - Range: 0.950 to 1.050 Volts)
Device speed data version:  "PRODUCTION 1.73 2013-10-13".

Generating Delay Report: top.dly


   The Delay Summary Report


The NUMBER OF SIGNALS NOT COMPLETELY ROUTED for this design is: 0

   The AVERAGE CONNECTION DELAY for this design is:        1.347
   The MAXIMUM PIN DELAY IS:                               9.195
   The AVERAGE CONNECTION DELAY on the 10 WORST NETS is:   8.418

   Listing Pin Delays by value: (nsec)

    d < 2.00   < d < 4.00  < d < 6.00  < d < 8.00  < d < 10.00  d >= 10.00
   ---------   ---------   ---------   ---------   ---------   ---------
       87056       16034        6244        1134          92           0


**************************
Generating Clock Report
**************************

+---------------------+--------------+------+------+------------+-------------+
|        Clock Net    |   Resource   |Locked|Fanout|Net Skew(ns)|Max Delay(ns)|
+---------------------+--------------+------+------+------------+-------------+
|           clk_IBUFG |BUFGCTRL_X0Y31| No   |   56 |  0.331     |  2.096      |
+---------------------+--------------+------+------+------------+-------------+
|                rclk |BUFGCTRL_X0Y30| No   | 4406 |  0.999     |  2.402      |
+---------------------+--------------+------+------+------------+-------------+
|            vclk_270 | BUFGCTRL_X0Y1| No   |  450 |  1.004     |  2.402      |
+---------------------+--------------+------+------+------------+-------------+

* Net Skew is the difference between the minimum and maximum routing
only delays for the net. Note this is different from Clock Skew which
is reported in TRCE timing report. Clock Skew is the difference between
the minimum and maximum path delays which includes logic delays.

* The fanout is the number of component pins not the individual BEL loads,
for example SLICE loads not FF loads.


Number of error messages: 0
Number of warning messages: 0
Number of info messages: 0

reportgen done!
