Release 14.7 Map P.20131013 (lin64)
Xilinx Mapping Report File for Design 'squarer'

Design Information
------------------
Command Line   : map -intstyle ise -p xc5vlx50t-ff1136-2 -w -logic_opt off -ol
high -t 1 -register_duplication off -global_opt off -mt off -cm area -detail -ir
off -pr off -lc off -power off -o squarer_map.ncd squarer.ngd squarer.pcf 
Target Device  : xc5vlx50t
Target Package : ff1136
Target Speed   : -2
Mapper Version : virtex5 -- $Revision: 1.55 $
Mapped Date    : Mon Jan  7 18:36:17 2019

Design Summary
--------------
Number of errors:      0
Number of warnings:    0
Slice Logic Utilization:

Slice Logic Distribution:

IO Utilization:
  Number of bonded IOBs:                        96 out of     480   20%

Specific Feature Utilization:
  Number of DSP48Es:                             4 out of      48    8%

Average Fanout of Non-Clock Nets:                1.21

Peak Memory Usage:  812 MB
Total REAL time to MAP completion:  13 secs 
Total CPU time to MAP completion:   13 secs 

Table of Contents
-----------------
Section 1 - Errors
Section 2 - Warnings
Section 3 - Informational
Section 4 - Removed Logic Summary
Section 5 - Removed Logic
Section 6 - IOB Properties
Section 7 - RPMs
Section 8 - Guide Report
Section 9 - Area Group and Partition Summary
Section 10 - Timing Report
Section 11 - Configuration String Information
Section 12 - Control Set Information
Section 13 - Utilization by Hierarchy

Section 1 - Errors
------------------

Section 2 - Warnings
--------------------

Section 3 - Informational
-------------------------
INFO:MapLib:562 - No environment variables are currently set.
INFO:LIT:244 - All of the single ended outputs in this design are using slew
   rate limited output drivers. The delay on speed critical single ended outputs
   can be dramatically reduced by designating them as fast outputs.
INFO:Pack:1716 - Initializing temperature to 85.000 Celsius. (default - Range:
   0.000 to 85.000 Celsius)
INFO:Pack:1720 - Initializing voltage to 0.950 Volts. (default - Range: 0.950 to
   1.050 Volts)
INFO:Map:215 - The Interim Design Summary has been generated in the MAP Report
   (.mrp).
INFO:Pack:1650 - Map created a placed design.

Section 4 - Removed Logic Summary
---------------------------------
   2 block(s) optimized away

Section 5 - Removed Logic
-------------------------

Optimized Block(s):
TYPE 		BLOCK
GND 		XST_GND
VCC 		XST_VCC

Section 6 - IOB Properties
--------------------------

+---------------------------------------------------------------------------------------------------------------------------------------------------------+
| IOB Name                           | Type             | Direction | IO Standard          | Diff  | Drive    | Slew | Reg (s)      | Resistor | IOB      |
|                                    |                  |           |                      | Term  | Strength | Rate |              |          | Delay    |
+---------------------------------------------------------------------------------------------------------------------------------------------------------+
| a<0>                               | IOB              | INPUT     | LVCMOS25             |       |          |      |              |          |          |
| a<1>                               | IOB              | INPUT     | LVCMOS25             |       |          |      |              |          |          |
| a<2>                               | IOB              | INPUT     | LVCMOS25             |       |          |      |              |          |          |
| a<3>                               | IOB              | INPUT     | LVCMOS25             |       |          |      |              |          |          |
| a<4>                               | IOB              | INPUT     | LVCMOS25             |       |          |      |              |          |          |
| a<5>                               | IOB              | INPUT     | LVCMOS25             |       |          |      |              |          |          |
| a<6>                               | IOB              | INPUT     | LVCMOS25             |       |          |      |              |          |          |
| a<7>                               | IOB              | INPUT     | LVCMOS25             |       |          |      |              |          |          |
| a<8>                               | IOB              | INPUT     | LVCMOS25             |       |          |      |              |          |          |
| a<9>                               | IOB              | INPUT     | LVCMOS25             |       |          |      |              |          |          |
| a<10>                              | IOB              | INPUT     | LVCMOS25             |       |          |      |              |          |          |
| a<11>                              | IOB              | INPUT     | LVCMOS25             |       |          |      |              |          |          |
| a<12>                              | IOB              | INPUT     | LVCMOS25             |       |          |      |              |          |          |
| a<13>                              | IOB              | INPUT     | LVCMOS25             |       |          |      |              |          |          |
| a<14>                              | IOB              | INPUT     | LVCMOS25             |       |          |      |              |          |          |
| a<15>                              | IOB              | INPUT     | LVCMOS25             |       |          |      |              |          |          |
| a<16>                              | IOB              | INPUT     | LVCMOS25             |       |          |      |              |          |          |
| a<17>                              | IOB              | INPUT     | LVCMOS25             |       |          |      |              |          |          |
| a<18>                              | IOB              | INPUT     | LVCMOS25             |       |          |      |              |          |          |
| a<19>                              | IOB              | INPUT     | LVCMOS25             |       |          |      |              |          |          |
| a<20>                              | IOB              | INPUT     | LVCMOS25             |       |          |      |              |          |          |
| a<21>                              | IOB              | INPUT     | LVCMOS25             |       |          |      |              |          |          |
| a<22>                              | IOB              | INPUT     | LVCMOS25             |       |          |      |              |          |          |
| a<23>                              | IOB              | INPUT     | LVCMOS25             |       |          |      |              |          |          |
| a<24>                              | IOB              | INPUT     | LVCMOS25             |       |          |      |              |          |          |
| a<25>                              | IOB              | INPUT     | LVCMOS25             |       |          |      |              |          |          |
| a<26>                              | IOB              | INPUT     | LVCMOS25             |       |          |      |              |          |          |
| a<27>                              | IOB              | INPUT     | LVCMOS25             |       |          |      |              |          |          |
| a<28>                              | IOB              | INPUT     | LVCMOS25             |       |          |      |              |          |          |
| a<29>                              | IOB              | INPUT     | LVCMOS25             |       |          |      |              |          |          |
| a<30>                              | IOB              | INPUT     | LVCMOS25             |       |          |      |              |          |          |
| a<31>                              | IOB              | INPUT     | LVCMOS25             |       |          |      |              |          |          |
| r<0>                               | IOB              | OUTPUT    | LVCMOS25             |       | 12       | SLOW |              |          |          |
| r<1>                               | IOB              | OUTPUT    | LVCMOS25             |       | 12       | SLOW |              |          |          |
| r<2>                               | IOB              | OUTPUT    | LVCMOS25             |       | 12       | SLOW |              |          |          |
| r<3>                               | IOB              | OUTPUT    | LVCMOS25             |       | 12       | SLOW |              |          |          |
| r<4>                               | IOB              | OUTPUT    | LVCMOS25             |       | 12       | SLOW |              |          |          |
| r<5>                               | IOB              | OUTPUT    | LVCMOS25             |       | 12       | SLOW |              |          |          |
| r<6>                               | IOB              | OUTPUT    | LVCMOS25             |       | 12       | SLOW |              |          |          |
| r<7>                               | IOB              | OUTPUT    | LVCMOS25             |       | 12       | SLOW |              |          |          |
| r<8>                               | IOB              | OUTPUT    | LVCMOS25             |       | 12       | SLOW |              |          |          |
| r<9>                               | IOB              | OUTPUT    | LVCMOS25             |       | 12       | SLOW |              |          |          |
| r<10>                              | IOB              | OUTPUT    | LVCMOS25             |       | 12       | SLOW |              |          |          |
| r<11>                              | IOB              | OUTPUT    | LVCMOS25             |       | 12       | SLOW |              |          |          |
| r<12>                              | IOB              | OUTPUT    | LVCMOS25             |       | 12       | SLOW |              |          |          |
| r<13>                              | IOB              | OUTPUT    | LVCMOS25             |       | 12       | SLOW |              |          |          |
| r<14>                              | IOB              | OUTPUT    | LVCMOS25             |       | 12       | SLOW |              |          |          |
| r<15>                              | IOB              | OUTPUT    | LVCMOS25             |       | 12       | SLOW |              |          |          |
| r<16>                              | IOB              | OUTPUT    | LVCMOS25             |       | 12       | SLOW |              |          |          |
| r<17>                              | IOB              | OUTPUT    | LVCMOS25             |       | 12       | SLOW |              |          |          |
| r<18>                              | IOB              | OUTPUT    | LVCMOS25             |       | 12       | SLOW |              |          |          |
| r<19>                              | IOB              | OUTPUT    | LVCMOS25             |       | 12       | SLOW |              |          |          |
| r<20>                              | IOB              | OUTPUT    | LVCMOS25             |       | 12       | SLOW |              |          |          |
| r<21>                              | IOB              | OUTPUT    | LVCMOS25             |       | 12       | SLOW |              |          |          |
| r<22>                              | IOB              | OUTPUT    | LVCMOS25             |       | 12       | SLOW |              |          |          |
| r<23>                              | IOB              | OUTPUT    | LVCMOS25             |       | 12       | SLOW |              |          |          |
| r<24>                              | IOB              | OUTPUT    | LVCMOS25             |       | 12       | SLOW |              |          |          |
| r<25>                              | IOB              | OUTPUT    | LVCMOS25             |       | 12       | SLOW |              |          |          |
| r<26>                              | IOB              | OUTPUT    | LVCMOS25             |       | 12       | SLOW |              |          |          |
| r<27>                              | IOB              | OUTPUT    | LVCMOS25             |       | 12       | SLOW |              |          |          |
| r<28>                              | IOB              | OUTPUT    | LVCMOS25             |       | 12       | SLOW |              |          |          |
| r<29>                              | IOB              | OUTPUT    | LVCMOS25             |       | 12       | SLOW |              |          |          |
| r<30>                              | IOB              | OUTPUT    | LVCMOS25             |       | 12       | SLOW |              |          |          |
| r<31>                              | IOB              | OUTPUT    | LVCMOS25             |       | 12       | SLOW |              |          |          |
| r<32>                              | IOB              | OUTPUT    | LVCMOS25             |       | 12       | SLOW |              |          |          |
| r<33>                              | IOB              | OUTPUT    | LVCMOS25             |       | 12       | SLOW |              |          |          |
| r<34>                              | IOB              | OUTPUT    | LVCMOS25             |       | 12       | SLOW |              |          |          |
| r<35>                              | IOB              | OUTPUT    | LVCMOS25             |       | 12       | SLOW |              |          |          |
| r<36>                              | IOB              | OUTPUT    | LVCMOS25             |       | 12       | SLOW |              |          |          |
| r<37>                              | IOB              | OUTPUT    | LVCMOS25             |       | 12       | SLOW |              |          |          |
| r<38>                              | IOB              | OUTPUT    | LVCMOS25             |       | 12       | SLOW |              |          |          |
| r<39>                              | IOB              | OUTPUT    | LVCMOS25             |       | 12       | SLOW |              |          |          |
| r<40>                              | IOB              | OUTPUT    | LVCMOS25             |       | 12       | SLOW |              |          |          |
| r<41>                              | IOB              | OUTPUT    | LVCMOS25             |       | 12       | SLOW |              |          |          |
| r<42>                              | IOB              | OUTPUT    | LVCMOS25             |       | 12       | SLOW |              |          |          |
| r<43>                              | IOB              | OUTPUT    | LVCMOS25             |       | 12       | SLOW |              |          |          |
| r<44>                              | IOB              | OUTPUT    | LVCMOS25             |       | 12       | SLOW |              |          |          |
| r<45>                              | IOB              | OUTPUT    | LVCMOS25             |       | 12       | SLOW |              |          |          |
| r<46>                              | IOB              | OUTPUT    | LVCMOS25             |       | 12       | SLOW |              |          |          |
| r<47>                              | IOB              | OUTPUT    | LVCMOS25             |       | 12       | SLOW |              |          |          |
| r<48>                              | IOB              | OUTPUT    | LVCMOS25             |       | 12       | SLOW |              |          |          |
| r<49>                              | IOB              | OUTPUT    | LVCMOS25             |       | 12       | SLOW |              |          |          |
| r<50>                              | IOB              | OUTPUT    | LVCMOS25             |       | 12       | SLOW |              |          |          |
| r<51>                              | IOB              | OUTPUT    | LVCMOS25             |       | 12       | SLOW |              |          |          |
| r<52>                              | IOB              | OUTPUT    | LVCMOS25             |       | 12       | SLOW |              |          |          |
| r<53>                              | IOB              | OUTPUT    | LVCMOS25             |       | 12       | SLOW |              |          |          |
| r<54>                              | IOB              | OUTPUT    | LVCMOS25             |       | 12       | SLOW |              |          |          |
| r<55>                              | IOB              | OUTPUT    | LVCMOS25             |       | 12       | SLOW |              |          |          |
| r<56>                              | IOB              | OUTPUT    | LVCMOS25             |       | 12       | SLOW |              |          |          |
| r<57>                              | IOB              | OUTPUT    | LVCMOS25             |       | 12       | SLOW |              |          |          |
| r<58>                              | IOB              | OUTPUT    | LVCMOS25             |       | 12       | SLOW |              |          |          |
| r<59>                              | IOB              | OUTPUT    | LVCMOS25             |       | 12       | SLOW |              |          |          |
| r<60>                              | IOB              | OUTPUT    | LVCMOS25             |       | 12       | SLOW |              |          |          |
| r<61>                              | IOB              | OUTPUT    | LVCMOS25             |       | 12       | SLOW |              |          |          |
| r<62>                              | IOB              | OUTPUT    | LVCMOS25             |       | 12       | SLOW |              |          |          |
| r<63>                              | IOB              | OUTPUT    | LVCMOS25             |       | 12       | SLOW |              |          |          |
+---------------------------------------------------------------------------------------------------------------------------------------------------------+

Section 7 - RPMs
----------------

Section 8 - Guide Report
------------------------
Guide not run on this design.

Section 9 - Area Group and Partition Summary
--------------------------------------------

Partition Implementation Status
-------------------------------

  No Partitions were found in this design.

-------------------------------

Area Group Information
----------------------

  No area groups were found in this design.

----------------------

Section 10 - Timing Report
--------------------------
A logic-level (pre-route) timing report can be generated by using Xilinx static
timing analysis tools, Timing Analyzer (GUI) or TRCE (command line), with the
mapped NCD and PCF files. Please note that this timing report will be generated
using estimated delay information. For accurate numbers, please generate a
timing report with the post Place and Route NCD file.

For more information about the Timing Analyzer, consult the Xilinx Timing
Analyzer Reference Manual; for more information about TRCE, consult the Xilinx
Command Line Tools User Guide "TRACE" chapter.

Section 11 - Configuration String Details
-----------------------------------------

Section 12 - Control Set Information
------------------------------------
No unique control sets found in this design.

Section 13 - Utilization by Hierarchy
-------------------------------------
+-------------------------------------------------------------------------------------------------------------------------------------------------------------------------------------------+
| Module             | Partition | Slices*       | Slice Reg     | LUTs          | LUTRAM        | BRAM/FIFO | DSP48E  | BUFG  | BUFIO | BUFR  | DCM_ADV   | PLL_ADV   | Full Hierarchical  |
+-------------------------------------------------------------------------------------------------------------------------------------------------------------------------------------------+
| squarer/           |           | 0/0           | 0/0           | 0/0           | 0/0           | 0/0       | 4/4     | 0/0   | 0/0   | 0/0   | 0/0       | 0/0       | squarer            |
+-------------------------------------------------------------------------------------------------------------------------------------------------------------------------------------------+

* Slices can be packed with basic elements from multiple hierarchies.
  Therefore, a slice will be counted in every hierarchical module
  that each of its packed basic elements belong to.
** For each column, there are two numbers reported <A>/<B>.
   <A> is the number of elements that belong to that specific hierarchical module.
   <B> is the total number of elements from that hierarchical module and any lower level
   hierarchical modules below.
*** The LUTRAM column counts all LUTs used as memory including RAM, ROM, and shift registers.
