Release 14.7 - xst P.20131013 (lin64)
Copyright (c) 1995-2013 Xilinx, Inc.  All rights reserved.
--> 
Parameter TMPDIR set to xst/projnav.tmp


Total REAL time to Xst completion: 0.00 secs
Total CPU time to Xst completion: 0.06 secs
 
--> 
Parameter xsthdpdir set to xst


Total REAL time to Xst completion: 0.00 secs
Total CPU time to Xst completion: 0.06 secs
 
--> 
Reading design: squarer.prj

TABLE OF CONTENTS
  1) Synthesis Options Summary
  2) HDL Compilation
  3) Design Hierarchy Analysis
  4) HDL Analysis
  5) HDL Synthesis
     5.1) HDL Synthesis Report
  6) Advanced HDL Synthesis
     6.1) Advanced HDL Synthesis Report
  7) Low Level Synthesis
  8) Partition Report
  9) Final Report
	9.1) Device utilization summary
	9.2) Partition Resource Summary
	9.3) TIMING REPORT


=========================================================================
*                      Synthesis Options Summary                        *
=========================================================================
---- Source Parameters
Input File Name                    : "squarer.prj"
Input Format                       : mixed
Ignore Synthesis Constraint File   : NO

---- Target Parameters
Output File Name                   : "squarer"
Output Format                      : NGC
Target Device                      : xc5vlx50t-2-ff1136

---- Source Options
Top Module Name                    : squarer
Automatic FSM Extraction           : YES
FSM Encoding Algorithm             : Auto
Safe Implementation                : No
FSM Style                          : LUT
RAM Extraction                     : Yes
RAM Style                          : Auto
ROM Extraction                     : Yes
Mux Style                          : Auto
Decoder Extraction                 : YES
Priority Encoder Extraction        : Yes
Shift Register Extraction          : YES
Logical Shifter Extraction         : YES
XOR Collapsing                     : YES
ROM Style                          : Auto
Mux Extraction                     : Yes
Resource Sharing                   : YES
Asynchronous To Synchronous        : NO
Use DSP Block                      : Auto
Automatic Register Balancing       : Yes

---- Target Options
LUT Combining                      : Off
Reduce Control Sets                : Off
Add IO Buffers                     : YES
Global Maximum Fanout              : 100000
Add Generic Clock Buffer(BUFG)     : 32
Register Duplication               : YES
Move First FlipFlop Stage          : YES
Move Last FlipFlop Stage           : YES
Slice Packing                      : YES
Optimize Instantiated Primitives   : YES
Use Clock Enable                   : Yes
Use Synchronous Set                : Yes
Use Synchronous Reset              : Yes
Pack IO Registers into IOBs        : Auto
Equivalent register Removal        : YES

---- General Options
Optimization Goal                  : Speed
Optimization Effort                : 2
Power Reduction                    : NO
Keep Hierarchy                     : No
Netlist Hierarchy                  : As_Optimized
RTL Output                         : Yes
Global Optimization                : AllClockNets
Read Cores                         : YES
Write Timing Constraints           : YES
Cross Clock Analysis               : NO
Hierarchy Separator                : /
Bus Delimiter                      : <>
Case Specifier                     : Maintain
Slice Utilization Ratio            : 100
BRAM Utilization Ratio             : 100
DSP48 Utilization Ratio            : 100
Verilog 2001                       : YES
Auto BRAM Packing                  : NO
Slice Utilization Ratio Delta      : 5

---- Other Options
Cores Search Directories           : {"ipcore_dir"  }

=========================================================================


=========================================================================
*                          HDL Compilation                              *
=========================================================================
Compiling verilog file "squarer.v" in library work
Module <squarer> compiled
No errors in compilation
Analysis of file <"squarer.prj"> succeeded.
 

=========================================================================
*                     Design Hierarchy Analysis                         *
=========================================================================
Analyzing hierarchy for module <squarer> in library <work>.


=========================================================================
*                            HDL Analysis                               *
=========================================================================
Analyzing top module <squarer>.
Module <squarer> is correct for synthesis.
 

=========================================================================
*                           HDL Synthesis                               *
=========================================================================

Performing bidirectional port resolution...

Synthesizing Unit <squarer>.
    Related source file is "squarer.v".
    Found 64-bit comparator greater for signal <r>.
    Found 32x32-bit multiplier for signal <r$mult0000> created at line 27.
    Summary:
	inferred   1 Multiplier(s).
	inferred   1 Comparator(s).
Unit <squarer> synthesized.


=========================================================================
HDL Synthesis Report

Macro Statistics
# Multipliers                                          : 1
 32x32-bit multiplier                                  : 1
# Comparators                                          : 1
 64-bit comparator greater                             : 1

=========================================================================

=========================================================================
*                       Advanced HDL Synthesis                          *
=========================================================================


=========================================================================
Advanced HDL Synthesis Report

Macro Statistics
# Multipliers                                          : 1
 32x32-bit multiplier                                  : 1
# Comparators                                          : 1
 64-bit comparator greater                             : 1

=========================================================================

=========================================================================
*                         Low Level Synthesis                           *
=========================================================================

Optimizing unit <squarer> ...

Mapping all equations...
Building and optimizing final netlist ...
Found area constraint ratio of 100 (+ 5) on block squarer, actual ratio is 0.

Final Macro Processing ...

=========================================================================
Final Register Report

Found no macro
=========================================================================

=========================================================================
*                           Partition Report                            *
=========================================================================

Partition Implementation Status
-------------------------------

  No Partitions were found in this design.

-------------------------------

=========================================================================
*                            Final Report                               *
=========================================================================
Final Results
RTL Top Level Output File Name     : squarer.ngr
Top Level Output File Name         : squarer
Output Format                      : NGC
Optimization Goal                  : Speed
Keep Hierarchy                     : No

Design Statistics
# IOs                              : 97

Cell Usage :
# BELS                             : 99
#      GND                         : 1
#      INV                         : 1
#      LUT4                        : 64
#      MUXCY                       : 32
#      VCC                         : 1
# IO Buffers                       : 97
#      IBUF                        : 96
#      OBUF                        : 1
# DSPs                             : 4
#      DSP48E                      : 4
=========================================================================

Device utilization summary:
---------------------------

Selected Device : 5vlx50tff1136-2 


Slice Logic Utilization: 
 Number of Slice LUTs:                   65  out of  28800     0%  
    Number used as Logic:                65  out of  28800     0%  

Slice Logic Distribution: 
 Number of LUT Flip Flop pairs used:     65
   Number with an unused Flip Flop:      65  out of     65   100%  
   Number with an unused LUT:             0  out of     65     0%  
   Number of fully used LUT-FF pairs:     0  out of     65     0%  
   Number of unique control sets:         0

IO Utilization: 
 Number of IOs:                          97
 Number of bonded IOBs:                  97  out of    480    20%  

Specific Feature Utilization:
 Number of DSP48Es:                       4  out of     48     8%  

---------------------------
Partition Resource Summary:
---------------------------

  No Partitions were found in this design.

---------------------------


=========================================================================
TIMING REPORT

NOTE: THESE TIMING NUMBERS ARE ONLY A SYNTHESIS ESTIMATE.
      FOR ACCURATE TIMING INFORMATION PLEASE REFER TO THE TRACE REPORT
      GENERATED AFTER PLACE-and-ROUTE.

Clock Information:
------------------
No clock signals found in this design

Asynchronous Control Signals Information:
----------------------------------------
No asynchronous control signals found in this design

Timing Summary:
---------------
Speed Grade: -2

   Minimum period: No path found
   Minimum input arrival time before clock: No path found
   Maximum output required time after clock: No path found
   Maximum combinational path delay: 13.351ns

Timing Detail:
--------------
All values displayed in nanoseconds (ns)

=========================================================================
Timing constraint: Default path analysis
  Total number of paths / destination ports: 232843340 / 1
-------------------------------------------------------------------------
Delay:               13.351ns (Levels of Logic = 23)
  Source:            a<16> (PAD)
  Destination:       r (PAD)

  Data Path: a<16> to r
                                Gate     Net
    Cell:in->out      fanout   Delay   Delay  Logical Name (Net Name)
    ----------------------------------------  ------------
     IBUF:I->O             3   0.694   0.295  a_16_IBUF (a_16_IBUF)
     DSP48E:B16->PCOUT47    1   3.220   0.000  Mmult_r_mult0000 (Mmult_r_mult0000_PCOUT_to_Mmult_r_mult00001_PCIN_47)
     DSP48E:PCIN47->PCOUT47    1   1.598   0.000  Mmult_r_mult00001 (Mmult_r_mult00001_PCOUT_to_Mmult_r_mult00002_PCIN_47)
     DSP48E:PCIN47->PCOUT47    1   1.598   0.000  Mmult_r_mult00002 (Mmult_r_mult00002_PCOUT_to_Mmult_r_mult00003_PCIN_47)
     DSP48E:PCIN47->P0     2   1.445   0.666  Mmult_r_mult00003 (r_mult0000<34>)
     LUT4:I0->O            1   0.086   0.000  Mcompar_r_lut<17> (Mcompar_r_lut<17>)
     MUXCY:S->O            1   0.305   0.000  Mcompar_r_cy<17> (Mcompar_r_cy<17>)
     MUXCY:CI->O           1   0.023   0.000  Mcompar_r_cy<18> (Mcompar_r_cy<18>)
     MUXCY:CI->O           1   0.023   0.000  Mcompar_r_cy<19> (Mcompar_r_cy<19>)
     MUXCY:CI->O           1   0.023   0.000  Mcompar_r_cy<20> (Mcompar_r_cy<20>)
     MUXCY:CI->O           1   0.023   0.000  Mcompar_r_cy<21> (Mcompar_r_cy<21>)
     MUXCY:CI->O           1   0.023   0.000  Mcompar_r_cy<22> (Mcompar_r_cy<22>)
     MUXCY:CI->O           1   0.023   0.000  Mcompar_r_cy<23> (Mcompar_r_cy<23>)
     MUXCY:CI->O           1   0.023   0.000  Mcompar_r_cy<24> (Mcompar_r_cy<24>)
     MUXCY:CI->O           1   0.023   0.000  Mcompar_r_cy<25> (Mcompar_r_cy<25>)
     MUXCY:CI->O           1   0.023   0.000  Mcompar_r_cy<26> (Mcompar_r_cy<26>)
     MUXCY:CI->O           1   0.023   0.000  Mcompar_r_cy<27> (Mcompar_r_cy<27>)
     MUXCY:CI->O           1   0.023   0.000  Mcompar_r_cy<28> (Mcompar_r_cy<28>)
     MUXCY:CI->O           1   0.023   0.000  Mcompar_r_cy<29> (Mcompar_r_cy<29>)
     MUXCY:CI->O           1   0.023   0.000  Mcompar_r_cy<30> (Mcompar_r_cy<30>)
     MUXCY:CI->O           1   0.222   0.286  Mcompar_r_cy<31> (Mcompar_r_cy<31>)
     INV:I->O              1   0.212   0.286  Mcompar_r_cy<31>_inv1_INV_0 (r_OBUF)
     OBUF:I->O                 2.144          r_OBUF (r)
    ----------------------------------------
    Total                     13.351ns (11.819ns logic, 1.532ns route)
                                       (88.5% logic, 11.5% route)

=========================================================================


Total REAL time to Xst completion: 9.00 secs
Total CPU time to Xst completion: 8.29 secs
 
--> 


Total memory usage is 569048 kilobytes

Number of errors   :    0 (   0 filtered)
Number of warnings :    0 (   0 filtered)
Number of infos    :    0 (   0 filtered)

