Release 14.7 - xst P.20131013 (lin64)
Copyright (c) 1995-2013 Xilinx, Inc.  All rights reserved.
--> 
Parameter TMPDIR set to xst/projnav.tmp


Total REAL time to Xst completion: 0.00 secs
Total CPU time to Xst completion: 0.03 secs
 
--> 
Parameter xsthdpdir set to xst


Total REAL time to Xst completion: 0.00 secs
Total CPU time to Xst completion: 0.03 secs
 
--> 
Reading design: traced_spheres.prj

TABLE OF CONTENTS
  1) Synthesis Options Summary
  2) HDL Compilation
  3) Design Hierarchy Analysis
  4) HDL Analysis
  5) HDL Synthesis
     5.1) HDL Synthesis Report
  6) Advanced HDL Synthesis
     6.1) Advanced HDL Synthesis Report
  7) Low Level Synthesis
  8) Partition Report
  9) Final Report
	9.1) Device utilization summary
	9.2) Partition Resource Summary
	9.3) TIMING REPORT


=========================================================================
*                      Synthesis Options Summary                        *
=========================================================================
---- Source Parameters
Input File Name                    : "traced_spheres.prj"
Input Format                       : mixed
Ignore Synthesis Constraint File   : NO

---- Target Parameters
Output File Name                   : "traced_spheres"
Output Format                      : NGC
Target Device                      : xc5vlx50t-2-ff1136

---- Source Options
Top Module Name                    : traced_spheres
Automatic FSM Extraction           : YES
FSM Encoding Algorithm             : Auto
Safe Implementation                : No
FSM Style                          : LUT
RAM Extraction                     : Yes
RAM Style                          : Auto
ROM Extraction                     : Yes
Mux Style                          : Auto
Decoder Extraction                 : YES
Priority Encoder Extraction        : Yes
Shift Register Extraction          : YES
Logical Shifter Extraction         : YES
XOR Collapsing                     : YES
ROM Style                          : Auto
Mux Extraction                     : Yes
Resource Sharing                   : YES
Asynchronous To Synchronous        : NO
Use DSP Block                      : Auto
Automatic Register Balancing       : Yes

---- Target Options
LUT Combining                      : Off
Reduce Control Sets                : Off
Add IO Buffers                     : YES
Global Maximum Fanout              : 100000
Add Generic Clock Buffer(BUFG)     : 32
Register Duplication               : YES
Move First FlipFlop Stage          : YES
Move Last FlipFlop Stage           : YES
Slice Packing                      : YES
Optimize Instantiated Primitives   : YES
Use Clock Enable                   : Yes
Use Synchronous Set                : Yes
Use Synchronous Reset              : Yes
Pack IO Registers into IOBs        : Auto
Equivalent register Removal        : YES

---- General Options
Optimization Goal                  : Speed
Optimization Effort                : 2
Power Reduction                    : NO
Keep Hierarchy                     : No
Netlist Hierarchy                  : As_Optimized
RTL Output                         : Yes
Global Optimization                : AllClockNets
Read Cores                         : YES
Write Timing Constraints           : YES
Cross Clock Analysis               : NO
Hierarchy Separator                : /
Bus Delimiter                      : <>
Case Specifier                     : Maintain
Slice Utilization Ratio            : 100
BRAM Utilization Ratio             : 100
DSP48 Utilization Ratio            : 100
Verilog 2001                       : YES
Auto BRAM Packing                  : NO
Slice Utilization Ratio Delta      : 5

---- Other Options
Cores Search Directories           : {"ipcore_dir"  }

=========================================================================


=========================================================================
*                          HDL Compilation                              *
=========================================================================
Compiling verilog file "traced_spheres.v" in library work
Module <traced_spheres> compiled
No errors in compilation
Analysis of file <"traced_spheres.prj"> succeeded.
 

=========================================================================
*                     Design Hierarchy Analysis                         *
=========================================================================
Analyzing hierarchy for module <traced_spheres> in library <work>.


=========================================================================
*                            HDL Analysis                               *
=========================================================================
Analyzing top module <traced_spheres>.
Module <traced_spheres> is correct for synthesis.
 

=========================================================================
*                           HDL Synthesis                               *
=========================================================================

Performing bidirectional port resolution...
INFO:Xst:2679 - Register <sphere_center> in unit <traced_spheres> has a constant value of 000000000000000000000000000000000000000000000000000000000000000000000000000000000000000000000000 during circuit operation. The register is replaced by logic.
INFO:Xst:2679 - Register <sphere_r2> in unit <traced_spheres> has a constant value of 00000000000000000000000000000000 during circuit operation. The register is replaced by logic.

Synthesizing Unit <traced_spheres>.
    Related source file is "traced_spheres.v".
    Found 3-bit register for signal <mat_id>.
    Summary:
	inferred   3 D-type flip-flop(s).
Unit <traced_spheres> synthesized.


=========================================================================
HDL Synthesis Report

Macro Statistics
# Registers                                            : 1
 3-bit register                                        : 1

=========================================================================

=========================================================================
*                       Advanced HDL Synthesis                          *
=========================================================================

WARNING:Xst:1710 - FF/Latch <mat_id_2> (without init value) has a constant value of 0 in block <traced_spheres>. This FF/Latch will be trimmed during the optimization process.

=========================================================================
Advanced HDL Synthesis Report

Macro Statistics
# Registers                                            : 3
 Flip-Flops                                            : 3

=========================================================================

=========================================================================
*                         Low Level Synthesis                           *
=========================================================================
WARNING:Xst:1710 - FF/Latch <mat_id_2> (without init value) has a constant value of 0 in block <traced_spheres>. This FF/Latch will be trimmed during the optimization process.

Optimizing unit <traced_spheres> ...

Mapping all equations...
Building and optimizing final netlist ...
Found area constraint ratio of 100 (+ 5) on block traced_spheres, actual ratio is 0.

Final Macro Processing ...

=========================================================================
Final Register Report

Macro Statistics
# Registers                                            : 2
 Flip-Flops                                            : 2

=========================================================================

=========================================================================
*                           Partition Report                            *
=========================================================================

Partition Implementation Status
-------------------------------

  No Partitions were found in this design.

-------------------------------

=========================================================================
*                            Final Report                               *
=========================================================================
Final Results
RTL Top Level Output File Name     : traced_spheres.ngr
Top Level Output File Name         : traced_spheres
Output Format                      : NGC
Optimization Goal                  : Speed
Keep Hierarchy                     : No

Design Statistics
# IOs                              : 135

Cell Usage :
# BELS                             : 3
#      GND                         : 1
#      LUT4                        : 2
# FlipFlops/Latches                : 2
#      FD                          : 2
# Clock Buffers                    : 1
#      BUFGP                       : 1
# IO Buffers                       : 134
#      IBUF                        : 3
#      OBUF                        : 131
=========================================================================

Device utilization summary:
---------------------------

Selected Device : 5vlx50tff1136-2 


Slice Logic Utilization: 
 Number of Slice Registers:               2  out of  28800     0%  
 Number of Slice LUTs:                    2  out of  28800     0%  
    Number used as Logic:                 2  out of  28800     0%  

Slice Logic Distribution: 
 Number of LUT Flip Flop pairs used:      4
   Number with an unused Flip Flop:       2  out of      4    50%  
   Number with an unused LUT:             2  out of      4    50%  
   Number of fully used LUT-FF pairs:     0  out of      4     0%  
   Number of unique control sets:         1

IO Utilization: 
 Number of IOs:                         135
 Number of bonded IOBs:                 135  out of    480    28%  

Specific Feature Utilization:
 Number of BUFG/BUFGCTRLs:                1  out of     32     3%  

---------------------------
Partition Resource Summary:
---------------------------

  No Partitions were found in this design.

---------------------------


=========================================================================
TIMING REPORT

NOTE: THESE TIMING NUMBERS ARE ONLY A SYNTHESIS ESTIMATE.
      FOR ACCURATE TIMING INFORMATION PLEASE REFER TO THE TRACE REPORT
      GENERATED AFTER PLACE-and-ROUTE.

Clock Information:
------------------
-----------------------------------+------------------------+-------+
Clock Signal                       | Clock buffer(FF name)  | Load  |
-----------------------------------+------------------------+-------+
clk                                | BUFGP                  | 2     |
-----------------------------------+------------------------+-------+

Asynchronous Control Signals Information:
----------------------------------------
No asynchronous control signals found in this design

Timing Summary:
---------------
Speed Grade: -2

   Minimum period: 0.898ns (Maximum Frequency: 1113.772MHz)
   Minimum input arrival time before clock: 1.446ns
   Maximum output required time after clock: 2.830ns
   Maximum combinational path delay: No path found

Timing Detail:
--------------
All values displayed in nanoseconds (ns)

=========================================================================
Timing constraint: Default period analysis for Clock 'clk'
  Clock period: 0.898ns (frequency: 1113.772MHz)
  Total number of paths / destination ports: 2 / 2
-------------------------------------------------------------------------
Delay:               0.898ns (Levels of Logic = 1)
  Source:            mat_id_0 (FF)
  Destination:       mat_id_0 (FF)
  Source Clock:      clk rising
  Destination Clock: clk rising

  Data Path: mat_id_0 to mat_id_0
                                Gate     Net
    Cell:in->out      fanout   Delay   Delay  Logical Name (Net Name)
    ----------------------------------------  ------------
     FD:C->Q               2   0.396   0.416  mat_id_0 (mat_id_0)
     LUT4:I3->O            1   0.086   0.000  mat_id_mux0000<2>1 (mat_id_mux0000<2>)
     FD:D                     -0.022          mat_id_0
    ----------------------------------------
    Total                      0.898ns (0.482ns logic, 0.416ns route)
                                       (53.7% logic, 46.3% route)

=========================================================================
Timing constraint: Default OFFSET IN BEFORE for Clock 'clk'
  Total number of paths / destination ports: 6 / 2
-------------------------------------------------------------------------
Offset:              1.446ns (Levels of Logic = 2)
  Source:            obj_id<1> (PAD)
  Destination:       mat_id_0 (FF)
  Destination Clock: clk rising

  Data Path: obj_id<1> to mat_id_0
                                Gate     Net
    Cell:in->out      fanout   Delay   Delay  Logical Name (Net Name)
    ----------------------------------------  ------------
     IBUF:I->O             2   0.694   0.666  obj_id_1_IBUF (obj_id_1_IBUF)
     LUT4:I0->O            1   0.086   0.000  mat_id_mux0000<2>1 (mat_id_mux0000<2>)
     FD:D                     -0.022          mat_id_0
    ----------------------------------------
    Total                      1.446ns (0.780ns logic, 0.666ns route)
                                       (53.9% logic, 46.1% route)

=========================================================================
Timing constraint: Default OFFSET OUT AFTER for Clock 'clk'
  Total number of paths / destination ports: 2 / 2
-------------------------------------------------------------------------
Offset:              2.830ns (Levels of Logic = 1)
  Source:            mat_id_1 (FF)
  Destination:       mat_id<1> (PAD)
  Source Clock:      clk rising

  Data Path: mat_id_1 to mat_id<1>
                                Gate     Net
    Cell:in->out      fanout   Delay   Delay  Logical Name (Net Name)
    ----------------------------------------  ------------
     FD:C->Q               2   0.396   0.290  mat_id_1 (mat_id_1)
     OBUF:I->O                 2.144          mat_id_1_OBUF (mat_id<1>)
    ----------------------------------------
    Total                      2.830ns (2.540ns logic, 0.290ns route)
                                       (89.8% logic, 10.2% route)

=========================================================================


Total REAL time to Xst completion: 3.00 secs
Total CPU time to Xst completion: 2.97 secs
 
--> 


Total memory usage is 534740 kilobytes

Number of errors   :    0 (   0 filtered)
Number of warnings :    2 (   0 filtered)
Number of infos    :    2 (   0 filtered)

