Release 14.7 Map P.20131013 (lin64)
Xilinx Mapping Report File for Design 'vector_reflector'

Design Information
------------------
Command Line   : map -intstyle ise -p xc5vfx130t-ff1738-2 -w -logic_opt off -ol
std -t 1 -register_duplication off -global_opt off -mt 2 -cm area -detail -ir
off -pr off -lc off -power off -o vector_reflector_map.ncd vector_reflector.ngd
vector_reflector.pcf 
Target Device  : xc5vfx130t
Target Package : ff1738
Target Speed   : -2
Mapper Version : virtex5 -- $Revision: 1.55 $
Mapped Date    : Sat Jan 12 21:50:34 2019

Design Summary
--------------
Number of errors:      0
Number of warnings:    0
Slice Logic Utilization:
  Number of Slice LUTs:                        293 out of  81,920    1%
    Number used as logic:                      293 out of  81,920    1%
      Number using O6 output only:             200
      Number using O5 output only:               3
      Number using O5 and O6:                   90
  Number of route-thrus:                         3
    Number using O6 output only:                 3

Slice Logic Distribution:
  Number of occupied Slices:                    88 out of  20,480    1%
  Number of LUT Flip Flop pairs used:          293
    Number with an unused Flip Flop:           293 out of     293  100%
    Number with an unused LUT:                   0 out of     293    0%
    Number of fully used LUT-FF pairs:           0 out of     293    0%
    Number of slice register sites lost
      to control set restrictions:               0 out of  81,920    0%

  A LUT Flip Flop pair for this architecture represents one LUT paired with
  one Flip Flop within a slice.  A control set is a unique combination of
  clock, reset, set, and enable signals for a registered element.
  The Slice Logic Distribution report is not meaningful if the design is
  over-mapped for a non-slice resource or if Placement fails.
  OVERMAPPING of BRAM resources should be ignored if the design is
  over-mapped for a non-BRAM resource or if placement fails.

IO Utilization:
  Number of bonded IOBs:                       288 out of     840   34%

Specific Feature Utilization:
  Number of DSP48Es:                            24 out of     320    7%

Average Fanout of Non-Clock Nets:                1.63

Peak Memory Usage:  1067 MB
Total REAL time to MAP completion:  13 secs 
Total CPU time to MAP completion (all processors):   13 secs 

Table of Contents
-----------------
Section 1 - Errors
Section 2 - Warnings
Section 3 - Informational
Section 4 - Removed Logic Summary
Section 5 - Removed Logic
Section 6 - IOB Properties
Section 7 - RPMs
Section 8 - Guide Report
Section 9 - Area Group and Partition Summary
Section 10 - Timing Report
Section 11 - Configuration String Information
Section 12 - Control Set Information
Section 13 - Utilization by Hierarchy

Section 1 - Errors
------------------

Section 2 - Warnings
--------------------

Section 3 - Informational
-------------------------
INFO:Map:284 - Map is running with the multi-threading option on. Map currently
   supports the use of up to 2 processors. Based on the the user options and
   machine load, Map will use 2 processors during this run.
INFO:LIT:243 - Logical network reflect_dot/r<31> has no load.
INFO:MapLib:562 - No environment variables are currently set.
INFO:LIT:244 - All of the single ended outputs in this design are using slew
   rate limited output drivers. The delay on speed critical single ended outputs
   can be dramatically reduced by designating them as fast outputs.
INFO:Pack:1716 - Initializing temperature to 85.000 Celsius. (default - Range:
   0.000 to 85.000 Celsius)
INFO:Pack:1720 - Initializing voltage to 0.950 Volts. (default - Range: 0.950 to
   1.050 Volts)
INFO:Map:215 - The Interim Design Summary has been generated in the MAP Report
   (.mrp).
INFO:Pack:1650 - Map created a placed design.

Section 4 - Removed Logic Summary
---------------------------------
  19 block(s) optimized away
   1 signal(s) removed
   3 Block(s) redundant

Section 5 - Removed Logic
-------------------------

The trimmed logic report below shows the logic removed from your design due to
sourceless or loadless signals, and VCC or ground connections.  If the removal
of a signal or symbol results in the subsequent removal of an additional signal
or symbol, the message explaining that second removal will be indented.  This
indentation will be repeated as a chain of related logic is removed.

To quickly locate the original cause for the removal of a chain of logic, look
above the place where that logic is listed in the trimming report, then locate
the lines that are least indented (begin at the leftmost edge).

The signal "reflect_dot/r<31>" is sourceless and has been removed.

Optimized Block(s):
TYPE 		BLOCK
GND 		XST_GND
GND 		neg_dir/XST_GND
VCC 		neg_dir/XST_VCC
GND 		reflect_add/gen_vec_add[0].vec_add/XST_GND
GND 		reflect_add/gen_vec_add[1].vec_add/XST_GND
GND 		reflect_add/gen_vec_add[2].vec_add/XST_GND
GND 		reflect_dot/dot_add/XST_GND
GND 		reflect_dot/gen_mul[0].dot_mul/XST_GND
VCC 		reflect_dot/gen_mul[0].dot_mul/XST_VCC
GND 		reflect_dot/gen_mul[1].dot_mul/XST_GND
VCC 		reflect_dot/gen_mul[1].dot_mul/XST_VCC
GND 		reflect_dot/gen_mul[2].dot_mul/XST_GND
VCC 		reflect_dot/gen_mul[2].dot_mul/XST_VCC
GND 		reflect_mul/gen_vec_mul[0].vec_mul/XST_GND
VCC 		reflect_mul/gen_vec_mul[0].vec_mul/XST_VCC
GND 		reflect_mul/gen_vec_mul[1].vec_mul/XST_GND
VCC 		reflect_mul/gen_vec_mul[1].vec_mul/XST_VCC
GND 		reflect_mul/gen_vec_mul[2].vec_mul/XST_GND
VCC 		reflect_mul/gen_vec_mul[2].vec_mul/XST_VCC

Redundant Block(s):
TYPE 		BLOCK
LUT1 		neg_dir/Madd__sub0002_cy<0>_rt
LUT1 		neg_dir/Madd__sub0000_cy<0>_rt
LUT1 		neg_dir/Madd__sub0001_cy<0>_rt

Section 6 - IOB Properties
--------------------------

+---------------------------------------------------------------------------------------------------------------------------------------------------------+
| IOB Name                           | Type             | Direction | IO Standard          | Diff  | Drive    | Slew | Reg (s)      | Resistor | IOB      |
|                                    |                  |           |                      | Term  | Strength | Rate |              |          | Delay    |
+---------------------------------------------------------------------------------------------------------------------------------------------------------+
| n<0>                               | IOB              | INPUT     | LVCMOS25             |       |          |      |              |          |          |
| n<1>                               | IOB              | INPUT     | LVCMOS25             |       |          |      |              |          |          |
| n<2>                               | IOB              | INPUT     | LVCMOS25             |       |          |      |              |          |          |
| n<3>                               | IOB              | INPUT     | LVCMOS25             |       |          |      |              |          |          |
| n<4>                               | IOB              | INPUT     | LVCMOS25             |       |          |      |              |          |          |
| n<5>                               | IOB              | INPUT     | LVCMOS25             |       |          |      |              |          |          |
| n<6>                               | IOB              | INPUT     | LVCMOS25             |       |          |      |              |          |          |
| n<7>                               | IOB              | INPUT     | LVCMOS25             |       |          |      |              |          |          |
| n<8>                               | IOB              | INPUT     | LVCMOS25             |       |          |      |              |          |          |
| n<9>                               | IOB              | INPUT     | LVCMOS25             |       |          |      |              |          |          |
| n<10>                              | IOB              | INPUT     | LVCMOS25             |       |          |      |              |          |          |
| n<11>                              | IOB              | INPUT     | LVCMOS25             |       |          |      |              |          |          |
| n<12>                              | IOB              | INPUT     | LVCMOS25             |       |          |      |              |          |          |
| n<13>                              | IOB              | INPUT     | LVCMOS25             |       |          |      |              |          |          |
| n<14>                              | IOB              | INPUT     | LVCMOS25             |       |          |      |              |          |          |
| n<15>                              | IOB              | INPUT     | LVCMOS25             |       |          |      |              |          |          |
| n<16>                              | IOB              | INPUT     | LVCMOS25             |       |          |      |              |          |          |
| n<17>                              | IOB              | INPUT     | LVCMOS25             |       |          |      |              |          |          |
| n<18>                              | IOB              | INPUT     | LVCMOS25             |       |          |      |              |          |          |
| n<19>                              | IOB              | INPUT     | LVCMOS25             |       |          |      |              |          |          |
| n<20>                              | IOB              | INPUT     | LVCMOS25             |       |          |      |              |          |          |
| n<21>                              | IOB              | INPUT     | LVCMOS25             |       |          |      |              |          |          |
| n<22>                              | IOB              | INPUT     | LVCMOS25             |       |          |      |              |          |          |
| n<23>                              | IOB              | INPUT     | LVCMOS25             |       |          |      |              |          |          |
| n<24>                              | IOB              | INPUT     | LVCMOS25             |       |          |      |              |          |          |
| n<25>                              | IOB              | INPUT     | LVCMOS25             |       |          |      |              |          |          |
| n<26>                              | IOB              | INPUT     | LVCMOS25             |       |          |      |              |          |          |
| n<27>                              | IOB              | INPUT     | LVCMOS25             |       |          |      |              |          |          |
| n<28>                              | IOB              | INPUT     | LVCMOS25             |       |          |      |              |          |          |
| n<29>                              | IOB              | INPUT     | LVCMOS25             |       |          |      |              |          |          |
| n<30>                              | IOB              | INPUT     | LVCMOS25             |       |          |      |              |          |          |
| n<31>                              | IOB              | INPUT     | LVCMOS25             |       |          |      |              |          |          |
| n<32>                              | IOB              | INPUT     | LVCMOS25             |       |          |      |              |          |          |
| n<33>                              | IOB              | INPUT     | LVCMOS25             |       |          |      |              |          |          |
| n<34>                              | IOB              | INPUT     | LVCMOS25             |       |          |      |              |          |          |
| n<35>                              | IOB              | INPUT     | LVCMOS25             |       |          |      |              |          |          |
| n<36>                              | IOB              | INPUT     | LVCMOS25             |       |          |      |              |          |          |
| n<37>                              | IOB              | INPUT     | LVCMOS25             |       |          |      |              |          |          |
| n<38>                              | IOB              | INPUT     | LVCMOS25             |       |          |      |              |          |          |
| n<39>                              | IOB              | INPUT     | LVCMOS25             |       |          |      |              |          |          |
| n<40>                              | IOB              | INPUT     | LVCMOS25             |       |          |      |              |          |          |
| n<41>                              | IOB              | INPUT     | LVCMOS25             |       |          |      |              |          |          |
| n<42>                              | IOB              | INPUT     | LVCMOS25             |       |          |      |              |          |          |
| n<43>                              | IOB              | INPUT     | LVCMOS25             |       |          |      |              |          |          |
| n<44>                              | IOB              | INPUT     | LVCMOS25             |       |          |      |              |          |          |
| n<45>                              | IOB              | INPUT     | LVCMOS25             |       |          |      |              |          |          |
| n<46>                              | IOB              | INPUT     | LVCMOS25             |       |          |      |              |          |          |
| n<47>                              | IOB              | INPUT     | LVCMOS25             |       |          |      |              |          |          |
| n<48>                              | IOB              | INPUT     | LVCMOS25             |       |          |      |              |          |          |
| n<49>                              | IOB              | INPUT     | LVCMOS25             |       |          |      |              |          |          |
| n<50>                              | IOB              | INPUT     | LVCMOS25             |       |          |      |              |          |          |
| n<51>                              | IOB              | INPUT     | LVCMOS25             |       |          |      |              |          |          |
| n<52>                              | IOB              | INPUT     | LVCMOS25             |       |          |      |              |          |          |
| n<53>                              | IOB              | INPUT     | LVCMOS25             |       |          |      |              |          |          |
| n<54>                              | IOB              | INPUT     | LVCMOS25             |       |          |      |              |          |          |
| n<55>                              | IOB              | INPUT     | LVCMOS25             |       |          |      |              |          |          |
| n<56>                              | IOB              | INPUT     | LVCMOS25             |       |          |      |              |          |          |
| n<57>                              | IOB              | INPUT     | LVCMOS25             |       |          |      |              |          |          |
| n<58>                              | IOB              | INPUT     | LVCMOS25             |       |          |      |              |          |          |
| n<59>                              | IOB              | INPUT     | LVCMOS25             |       |          |      |              |          |          |
| n<60>                              | IOB              | INPUT     | LVCMOS25             |       |          |      |              |          |          |
| n<61>                              | IOB              | INPUT     | LVCMOS25             |       |          |      |              |          |          |
| n<62>                              | IOB              | INPUT     | LVCMOS25             |       |          |      |              |          |          |
| n<63>                              | IOB              | INPUT     | LVCMOS25             |       |          |      |              |          |          |
| n<64>                              | IOB              | INPUT     | LVCMOS25             |       |          |      |              |          |          |
| n<65>                              | IOB              | INPUT     | LVCMOS25             |       |          |      |              |          |          |
| n<66>                              | IOB              | INPUT     | LVCMOS25             |       |          |      |              |          |          |
| n<67>                              | IOB              | INPUT     | LVCMOS25             |       |          |      |              |          |          |
| n<68>                              | IOB              | INPUT     | LVCMOS25             |       |          |      |              |          |          |
| n<69>                              | IOB              | INPUT     | LVCMOS25             |       |          |      |              |          |          |
| n<70>                              | IOB              | INPUT     | LVCMOS25             |       |          |      |              |          |          |
| n<71>                              | IOB              | INPUT     | LVCMOS25             |       |          |      |              |          |          |
| n<72>                              | IOB              | INPUT     | LVCMOS25             |       |          |      |              |          |          |
| n<73>                              | IOB              | INPUT     | LVCMOS25             |       |          |      |              |          |          |
| n<74>                              | IOB              | INPUT     | LVCMOS25             |       |          |      |              |          |          |
| n<75>                              | IOB              | INPUT     | LVCMOS25             |       |          |      |              |          |          |
| n<76>                              | IOB              | INPUT     | LVCMOS25             |       |          |      |              |          |          |
| n<77>                              | IOB              | INPUT     | LVCMOS25             |       |          |      |              |          |          |
| n<78>                              | IOB              | INPUT     | LVCMOS25             |       |          |      |              |          |          |
| n<79>                              | IOB              | INPUT     | LVCMOS25             |       |          |      |              |          |          |
| n<80>                              | IOB              | INPUT     | LVCMOS25             |       |          |      |              |          |          |
| n<81>                              | IOB              | INPUT     | LVCMOS25             |       |          |      |              |          |          |
| n<82>                              | IOB              | INPUT     | LVCMOS25             |       |          |      |              |          |          |
| n<83>                              | IOB              | INPUT     | LVCMOS25             |       |          |      |              |          |          |
| n<84>                              | IOB              | INPUT     | LVCMOS25             |       |          |      |              |          |          |
| n<85>                              | IOB              | INPUT     | LVCMOS25             |       |          |      |              |          |          |
| n<86>                              | IOB              | INPUT     | LVCMOS25             |       |          |      |              |          |          |
| n<87>                              | IOB              | INPUT     | LVCMOS25             |       |          |      |              |          |          |
| n<88>                              | IOB              | INPUT     | LVCMOS25             |       |          |      |              |          |          |
| n<89>                              | IOB              | INPUT     | LVCMOS25             |       |          |      |              |          |          |
| n<90>                              | IOB              | INPUT     | LVCMOS25             |       |          |      |              |          |          |
| n<91>                              | IOB              | INPUT     | LVCMOS25             |       |          |      |              |          |          |
| n<92>                              | IOB              | INPUT     | LVCMOS25             |       |          |      |              |          |          |
| n<93>                              | IOB              | INPUT     | LVCMOS25             |       |          |      |              |          |          |
| n<94>                              | IOB              | INPUT     | LVCMOS25             |       |          |      |              |          |          |
| n<95>                              | IOB              | INPUT     | LVCMOS25             |       |          |      |              |          |          |
| r<0>                               | IOB              | OUTPUT    | LVCMOS25             |       | 12       | SLOW |              |          |          |
| r<1>                               | IOB              | OUTPUT    | LVCMOS25             |       | 12       | SLOW |              |          |          |
| r<2>                               | IOB              | OUTPUT    | LVCMOS25             |       | 12       | SLOW |              |          |          |
| r<3>                               | IOB              | OUTPUT    | LVCMOS25             |       | 12       | SLOW |              |          |          |
| r<4>                               | IOB              | OUTPUT    | LVCMOS25             |       | 12       | SLOW |              |          |          |
| r<5>                               | IOB              | OUTPUT    | LVCMOS25             |       | 12       | SLOW |              |          |          |
| r<6>                               | IOB              | OUTPUT    | LVCMOS25             |       | 12       | SLOW |              |          |          |
| r<7>                               | IOB              | OUTPUT    | LVCMOS25             |       | 12       | SLOW |              |          |          |
| r<8>                               | IOB              | OUTPUT    | LVCMOS25             |       | 12       | SLOW |              |          |          |
| r<9>                               | IOB              | OUTPUT    | LVCMOS25             |       | 12       | SLOW |              |          |          |
| r<10>                              | IOB              | OUTPUT    | LVCMOS25             |       | 12       | SLOW |              |          |          |
| r<11>                              | IOB              | OUTPUT    | LVCMOS25             |       | 12       | SLOW |              |          |          |
| r<12>                              | IOB              | OUTPUT    | LVCMOS25             |       | 12       | SLOW |              |          |          |
| r<13>                              | IOB              | OUTPUT    | LVCMOS25             |       | 12       | SLOW |              |          |          |
| r<14>                              | IOB              | OUTPUT    | LVCMOS25             |       | 12       | SLOW |              |          |          |
| r<15>                              | IOB              | OUTPUT    | LVCMOS25             |       | 12       | SLOW |              |          |          |
| r<16>                              | IOB              | OUTPUT    | LVCMOS25             |       | 12       | SLOW |              |          |          |
| r<17>                              | IOB              | OUTPUT    | LVCMOS25             |       | 12       | SLOW |              |          |          |
| r<18>                              | IOB              | OUTPUT    | LVCMOS25             |       | 12       | SLOW |              |          |          |
| r<19>                              | IOB              | OUTPUT    | LVCMOS25             |       | 12       | SLOW |              |          |          |
| r<20>                              | IOB              | OUTPUT    | LVCMOS25             |       | 12       | SLOW |              |          |          |
| r<21>                              | IOB              | OUTPUT    | LVCMOS25             |       | 12       | SLOW |              |          |          |
| r<22>                              | IOB              | OUTPUT    | LVCMOS25             |       | 12       | SLOW |              |          |          |
| r<23>                              | IOB              | OUTPUT    | LVCMOS25             |       | 12       | SLOW |              |          |          |
| r<24>                              | IOB              | OUTPUT    | LVCMOS25             |       | 12       | SLOW |              |          |          |
| r<25>                              | IOB              | OUTPUT    | LVCMOS25             |       | 12       | SLOW |              |          |          |
| r<26>                              | IOB              | OUTPUT    | LVCMOS25             |       | 12       | SLOW |              |          |          |
| r<27>                              | IOB              | OUTPUT    | LVCMOS25             |       | 12       | SLOW |              |          |          |
| r<28>                              | IOB              | OUTPUT    | LVCMOS25             |       | 12       | SLOW |              |          |          |
| r<29>                              | IOB              | OUTPUT    | LVCMOS25             |       | 12       | SLOW |              |          |          |
| r<30>                              | IOB              | OUTPUT    | LVCMOS25             |       | 12       | SLOW |              |          |          |
| r<31>                              | IOB              | OUTPUT    | LVCMOS25             |       | 12       | SLOW |              |          |          |
| r<32>                              | IOB              | OUTPUT    | LVCMOS25             |       | 12       | SLOW |              |          |          |
| r<33>                              | IOB              | OUTPUT    | LVCMOS25             |       | 12       | SLOW |              |          |          |
| r<34>                              | IOB              | OUTPUT    | LVCMOS25             |       | 12       | SLOW |              |          |          |
| r<35>                              | IOB              | OUTPUT    | LVCMOS25             |       | 12       | SLOW |              |          |          |
| r<36>                              | IOB              | OUTPUT    | LVCMOS25             |       | 12       | SLOW |              |          |          |
| r<37>                              | IOB              | OUTPUT    | LVCMOS25             |       | 12       | SLOW |              |          |          |
| r<38>                              | IOB              | OUTPUT    | LVCMOS25             |       | 12       | SLOW |              |          |          |
| r<39>                              | IOB              | OUTPUT    | LVCMOS25             |       | 12       | SLOW |              |          |          |
| r<40>                              | IOB              | OUTPUT    | LVCMOS25             |       | 12       | SLOW |              |          |          |
| r<41>                              | IOB              | OUTPUT    | LVCMOS25             |       | 12       | SLOW |              |          |          |
| r<42>                              | IOB              | OUTPUT    | LVCMOS25             |       | 12       | SLOW |              |          |          |
| r<43>                              | IOB              | OUTPUT    | LVCMOS25             |       | 12       | SLOW |              |          |          |
| r<44>                              | IOB              | OUTPUT    | LVCMOS25             |       | 12       | SLOW |              |          |          |
| r<45>                              | IOB              | OUTPUT    | LVCMOS25             |       | 12       | SLOW |              |          |          |
| r<46>                              | IOB              | OUTPUT    | LVCMOS25             |       | 12       | SLOW |              |          |          |
| r<47>                              | IOB              | OUTPUT    | LVCMOS25             |       | 12       | SLOW |              |          |          |
| r<48>                              | IOB              | OUTPUT    | LVCMOS25             |       | 12       | SLOW |              |          |          |
| r<49>                              | IOB              | OUTPUT    | LVCMOS25             |       | 12       | SLOW |              |          |          |
| r<50>                              | IOB              | OUTPUT    | LVCMOS25             |       | 12       | SLOW |              |          |          |
| r<51>                              | IOB              | OUTPUT    | LVCMOS25             |       | 12       | SLOW |              |          |          |
| r<52>                              | IOB              | OUTPUT    | LVCMOS25             |       | 12       | SLOW |              |          |          |
| r<53>                              | IOB              | OUTPUT    | LVCMOS25             |       | 12       | SLOW |              |          |          |
| r<54>                              | IOB              | OUTPUT    | LVCMOS25             |       | 12       | SLOW |              |          |          |
| r<55>                              | IOB              | OUTPUT    | LVCMOS25             |       | 12       | SLOW |              |          |          |
| r<56>                              | IOB              | OUTPUT    | LVCMOS25             |       | 12       | SLOW |              |          |          |
| r<57>                              | IOB              | OUTPUT    | LVCMOS25             |       | 12       | SLOW |              |          |          |
| r<58>                              | IOB              | OUTPUT    | LVCMOS25             |       | 12       | SLOW |              |          |          |
| r<59>                              | IOB              | OUTPUT    | LVCMOS25             |       | 12       | SLOW |              |          |          |
| r<60>                              | IOB              | OUTPUT    | LVCMOS25             |       | 12       | SLOW |              |          |          |
| r<61>                              | IOB              | OUTPUT    | LVCMOS25             |       | 12       | SLOW |              |          |          |
| r<62>                              | IOB              | OUTPUT    | LVCMOS25             |       | 12       | SLOW |              |          |          |
| r<63>                              | IOB              | OUTPUT    | LVCMOS25             |       | 12       | SLOW |              |          |          |
| r<64>                              | IOB              | OUTPUT    | LVCMOS25             |       | 12       | SLOW |              |          |          |
| r<65>                              | IOB              | OUTPUT    | LVCMOS25             |       | 12       | SLOW |              |          |          |
| r<66>                              | IOB              | OUTPUT    | LVCMOS25             |       | 12       | SLOW |              |          |          |
| r<67>                              | IOB              | OUTPUT    | LVCMOS25             |       | 12       | SLOW |              |          |          |
| r<68>                              | IOB              | OUTPUT    | LVCMOS25             |       | 12       | SLOW |              |          |          |
| r<69>                              | IOB              | OUTPUT    | LVCMOS25             |       | 12       | SLOW |              |          |          |
| r<70>                              | IOB              | OUTPUT    | LVCMOS25             |       | 12       | SLOW |              |          |          |
| r<71>                              | IOB              | OUTPUT    | LVCMOS25             |       | 12       | SLOW |              |          |          |
| r<72>                              | IOB              | OUTPUT    | LVCMOS25             |       | 12       | SLOW |              |          |          |
| r<73>                              | IOB              | OUTPUT    | LVCMOS25             |       | 12       | SLOW |              |          |          |
| r<74>                              | IOB              | OUTPUT    | LVCMOS25             |       | 12       | SLOW |              |          |          |
| r<75>                              | IOB              | OUTPUT    | LVCMOS25             |       | 12       | SLOW |              |          |          |
| r<76>                              | IOB              | OUTPUT    | LVCMOS25             |       | 12       | SLOW |              |          |          |
| r<77>                              | IOB              | OUTPUT    | LVCMOS25             |       | 12       | SLOW |              |          |          |
| r<78>                              | IOB              | OUTPUT    | LVCMOS25             |       | 12       | SLOW |              |          |          |
| r<79>                              | IOB              | OUTPUT    | LVCMOS25             |       | 12       | SLOW |              |          |          |
| r<80>                              | IOB              | OUTPUT    | LVCMOS25             |       | 12       | SLOW |              |          |          |
| r<81>                              | IOB              | OUTPUT    | LVCMOS25             |       | 12       | SLOW |              |          |          |
| r<82>                              | IOB              | OUTPUT    | LVCMOS25             |       | 12       | SLOW |              |          |          |
| r<83>                              | IOB              | OUTPUT    | LVCMOS25             |       | 12       | SLOW |              |          |          |
| r<84>                              | IOB              | OUTPUT    | LVCMOS25             |       | 12       | SLOW |              |          |          |
| r<85>                              | IOB              | OUTPUT    | LVCMOS25             |       | 12       | SLOW |              |          |          |
| r<86>                              | IOB              | OUTPUT    | LVCMOS25             |       | 12       | SLOW |              |          |          |
| r<87>                              | IOB              | OUTPUT    | LVCMOS25             |       | 12       | SLOW |              |          |          |
| r<88>                              | IOB              | OUTPUT    | LVCMOS25             |       | 12       | SLOW |              |          |          |
| r<89>                              | IOB              | OUTPUT    | LVCMOS25             |       | 12       | SLOW |              |          |          |
| r<90>                              | IOB              | OUTPUT    | LVCMOS25             |       | 12       | SLOW |              |          |          |
| r<91>                              | IOB              | OUTPUT    | LVCMOS25             |       | 12       | SLOW |              |          |          |
| r<92>                              | IOB              | OUTPUT    | LVCMOS25             |       | 12       | SLOW |              |          |          |
| r<93>                              | IOB              | OUTPUT    | LVCMOS25             |       | 12       | SLOW |              |          |          |
| r<94>                              | IOB              | OUTPUT    | LVCMOS25             |       | 12       | SLOW |              |          |          |
| r<95>                              | IOB              | OUTPUT    | LVCMOS25             |       | 12       | SLOW |              |          |          |
| v<0>                               | IOB              | INPUT     | LVCMOS25             |       |          |      |              |          |          |
| v<1>                               | IOB              | INPUT     | LVCMOS25             |       |          |      |              |          |          |
| v<2>                               | IOB              | INPUT     | LVCMOS25             |       |          |      |              |          |          |
| v<3>                               | IOB              | INPUT     | LVCMOS25             |       |          |      |              |          |          |
| v<4>                               | IOB              | INPUT     | LVCMOS25             |       |          |      |              |          |          |
| v<5>                               | IOB              | INPUT     | LVCMOS25             |       |          |      |              |          |          |
| v<6>                               | IOB              | INPUT     | LVCMOS25             |       |          |      |              |          |          |
| v<7>                               | IOB              | INPUT     | LVCMOS25             |       |          |      |              |          |          |
| v<8>                               | IOB              | INPUT     | LVCMOS25             |       |          |      |              |          |          |
| v<9>                               | IOB              | INPUT     | LVCMOS25             |       |          |      |              |          |          |
| v<10>                              | IOB              | INPUT     | LVCMOS25             |       |          |      |              |          |          |
| v<11>                              | IOB              | INPUT     | LVCMOS25             |       |          |      |              |          |          |
| v<12>                              | IOB              | INPUT     | LVCMOS25             |       |          |      |              |          |          |
| v<13>                              | IOB              | INPUT     | LVCMOS25             |       |          |      |              |          |          |
| v<14>                              | IOB              | INPUT     | LVCMOS25             |       |          |      |              |          |          |
| v<15>                              | IOB              | INPUT     | LVCMOS25             |       |          |      |              |          |          |
| v<16>                              | IOB              | INPUT     | LVCMOS25             |       |          |      |              |          |          |
| v<17>                              | IOB              | INPUT     | LVCMOS25             |       |          |      |              |          |          |
| v<18>                              | IOB              | INPUT     | LVCMOS25             |       |          |      |              |          |          |
| v<19>                              | IOB              | INPUT     | LVCMOS25             |       |          |      |              |          |          |
| v<20>                              | IOB              | INPUT     | LVCMOS25             |       |          |      |              |          |          |
| v<21>                              | IOB              | INPUT     | LVCMOS25             |       |          |      |              |          |          |
| v<22>                              | IOB              | INPUT     | LVCMOS25             |       |          |      |              |          |          |
| v<23>                              | IOB              | INPUT     | LVCMOS25             |       |          |      |              |          |          |
| v<24>                              | IOB              | INPUT     | LVCMOS25             |       |          |      |              |          |          |
| v<25>                              | IOB              | INPUT     | LVCMOS25             |       |          |      |              |          |          |
| v<26>                              | IOB              | INPUT     | LVCMOS25             |       |          |      |              |          |          |
| v<27>                              | IOB              | INPUT     | LVCMOS25             |       |          |      |              |          |          |
| v<28>                              | IOB              | INPUT     | LVCMOS25             |       |          |      |              |          |          |
| v<29>                              | IOB              | INPUT     | LVCMOS25             |       |          |      |              |          |          |
| v<30>                              | IOB              | INPUT     | LVCMOS25             |       |          |      |              |          |          |
| v<31>                              | IOB              | INPUT     | LVCMOS25             |       |          |      |              |          |          |
| v<32>                              | IOB              | INPUT     | LVCMOS25             |       |          |      |              |          |          |
| v<33>                              | IOB              | INPUT     | LVCMOS25             |       |          |      |              |          |          |
| v<34>                              | IOB              | INPUT     | LVCMOS25             |       |          |      |              |          |          |
| v<35>                              | IOB              | INPUT     | LVCMOS25             |       |          |      |              |          |          |
| v<36>                              | IOB              | INPUT     | LVCMOS25             |       |          |      |              |          |          |
| v<37>                              | IOB              | INPUT     | LVCMOS25             |       |          |      |              |          |          |
| v<38>                              | IOB              | INPUT     | LVCMOS25             |       |          |      |              |          |          |
| v<39>                              | IOB              | INPUT     | LVCMOS25             |       |          |      |              |          |          |
| v<40>                              | IOB              | INPUT     | LVCMOS25             |       |          |      |              |          |          |
| v<41>                              | IOB              | INPUT     | LVCMOS25             |       |          |      |              |          |          |
| v<42>                              | IOB              | INPUT     | LVCMOS25             |       |          |      |              |          |          |
| v<43>                              | IOB              | INPUT     | LVCMOS25             |       |          |      |              |          |          |
| v<44>                              | IOB              | INPUT     | LVCMOS25             |       |          |      |              |          |          |
| v<45>                              | IOB              | INPUT     | LVCMOS25             |       |          |      |              |          |          |
| v<46>                              | IOB              | INPUT     | LVCMOS25             |       |          |      |              |          |          |
| v<47>                              | IOB              | INPUT     | LVCMOS25             |       |          |      |              |          |          |
| v<48>                              | IOB              | INPUT     | LVCMOS25             |       |          |      |              |          |          |
| v<49>                              | IOB              | INPUT     | LVCMOS25             |       |          |      |              |          |          |
| v<50>                              | IOB              | INPUT     | LVCMOS25             |       |          |      |              |          |          |
| v<51>                              | IOB              | INPUT     | LVCMOS25             |       |          |      |              |          |          |
| v<52>                              | IOB              | INPUT     | LVCMOS25             |       |          |      |              |          |          |
| v<53>                              | IOB              | INPUT     | LVCMOS25             |       |          |      |              |          |          |
| v<54>                              | IOB              | INPUT     | LVCMOS25             |       |          |      |              |          |          |
| v<55>                              | IOB              | INPUT     | LVCMOS25             |       |          |      |              |          |          |
| v<56>                              | IOB              | INPUT     | LVCMOS25             |       |          |      |              |          |          |
| v<57>                              | IOB              | INPUT     | LVCMOS25             |       |          |      |              |          |          |
| v<58>                              | IOB              | INPUT     | LVCMOS25             |       |          |      |              |          |          |
| v<59>                              | IOB              | INPUT     | LVCMOS25             |       |          |      |              |          |          |
| v<60>                              | IOB              | INPUT     | LVCMOS25             |       |          |      |              |          |          |
| v<61>                              | IOB              | INPUT     | LVCMOS25             |       |          |      |              |          |          |
| v<62>                              | IOB              | INPUT     | LVCMOS25             |       |          |      |              |          |          |
| v<63>                              | IOB              | INPUT     | LVCMOS25             |       |          |      |              |          |          |
| v<64>                              | IOB              | INPUT     | LVCMOS25             |       |          |      |              |          |          |
| v<65>                              | IOB              | INPUT     | LVCMOS25             |       |          |      |              |          |          |
| v<66>                              | IOB              | INPUT     | LVCMOS25             |       |          |      |              |          |          |
| v<67>                              | IOB              | INPUT     | LVCMOS25             |       |          |      |              |          |          |
| v<68>                              | IOB              | INPUT     | LVCMOS25             |       |          |      |              |          |          |
| v<69>                              | IOB              | INPUT     | LVCMOS25             |       |          |      |              |          |          |
| v<70>                              | IOB              | INPUT     | LVCMOS25             |       |          |      |              |          |          |
| v<71>                              | IOB              | INPUT     | LVCMOS25             |       |          |      |              |          |          |
| v<72>                              | IOB              | INPUT     | LVCMOS25             |       |          |      |              |          |          |
| v<73>                              | IOB              | INPUT     | LVCMOS25             |       |          |      |              |          |          |
| v<74>                              | IOB              | INPUT     | LVCMOS25             |       |          |      |              |          |          |
| v<75>                              | IOB              | INPUT     | LVCMOS25             |       |          |      |              |          |          |
| v<76>                              | IOB              | INPUT     | LVCMOS25             |       |          |      |              |          |          |
| v<77>                              | IOB              | INPUT     | LVCMOS25             |       |          |      |              |          |          |
| v<78>                              | IOB              | INPUT     | LVCMOS25             |       |          |      |              |          |          |
| v<79>                              | IOB              | INPUT     | LVCMOS25             |       |          |      |              |          |          |
| v<80>                              | IOB              | INPUT     | LVCMOS25             |       |          |      |              |          |          |
| v<81>                              | IOB              | INPUT     | LVCMOS25             |       |          |      |              |          |          |
| v<82>                              | IOB              | INPUT     | LVCMOS25             |       |          |      |              |          |          |
| v<83>                              | IOB              | INPUT     | LVCMOS25             |       |          |      |              |          |          |
| v<84>                              | IOB              | INPUT     | LVCMOS25             |       |          |      |              |          |          |
| v<85>                              | IOB              | INPUT     | LVCMOS25             |       |          |      |              |          |          |
| v<86>                              | IOB              | INPUT     | LVCMOS25             |       |          |      |              |          |          |
| v<87>                              | IOB              | INPUT     | LVCMOS25             |       |          |      |              |          |          |
| v<88>                              | IOB              | INPUT     | LVCMOS25             |       |          |      |              |          |          |
| v<89>                              | IOB              | INPUT     | LVCMOS25             |       |          |      |              |          |          |
| v<90>                              | IOB              | INPUT     | LVCMOS25             |       |          |      |              |          |          |
| v<91>                              | IOB              | INPUT     | LVCMOS25             |       |          |      |              |          |          |
| v<92>                              | IOB              | INPUT     | LVCMOS25             |       |          |      |              |          |          |
| v<93>                              | IOB              | INPUT     | LVCMOS25             |       |          |      |              |          |          |
| v<94>                              | IOB              | INPUT     | LVCMOS25             |       |          |      |              |          |          |
| v<95>                              | IOB              | INPUT     | LVCMOS25             |       |          |      |              |          |          |
+---------------------------------------------------------------------------------------------------------------------------------------------------------+

Section 7 - RPMs
----------------

Section 8 - Guide Report
------------------------
Guide not run on this design.

Section 9 - Area Group and Partition Summary
--------------------------------------------

Partition Implementation Status
-------------------------------

  No Partitions were found in this design.

-------------------------------

Area Group Information
----------------------

  No area groups were found in this design.

----------------------

Section 10 - Timing Report
--------------------------
A logic-level (pre-route) timing report can be generated by using Xilinx static
timing analysis tools, Timing Analyzer (GUI) or TRCE (command line), with the
mapped NCD and PCF files. Please note that this timing report will be generated
using estimated delay information. For accurate numbers, please generate a
timing report with the post Place and Route NCD file.

For more information about the Timing Analyzer, consult the Xilinx Timing
Analyzer Reference Manual; for more information about TRCE, consult the Xilinx
Command Line Tools User Guide "TRACE" chapter.

Section 11 - Configuration String Details
-----------------------------------------

Section 12 - Control Set Information
------------------------------------
No unique control sets found in this design.

Section 13 - Utilization by Hierarchy
-------------------------------------
+-----------------------------------------------------------------------------------------------------------------------------------------------------------------------------------------------------------------------------------+
| Module                   | Partition | Slices*       | Slice Reg     | LUTs          | LUTRAM        | BRAM/FIFO | DSP48E  | BUFG  | BUFIO | BUFR  | DCM_ADV   | PLL_ADV   | Full Hierarchical Name                               |
+-----------------------------------------------------------------------------------------------------------------------------------------------------------------------------------------------------------------------------------+
| vector_reflector/        |           | 0/88          | 0/0           | 0/293         | 0/0           | 0/0       | 0/24    | 0/0   | 0/0   | 0/0   | 0/0       | 0/0       | vector_reflector                                     |
| +neg_dir                 |           | 24/24         | 0/0           | 96/96         | 0/0           | 0/0       | 0/0     | 0/0   | 0/0   | 0/0   | 0/0       | 0/0       | vector_reflector/neg_dir                             |
| +reflect_add             |           | 0/33          | 0/0           | 0/105         | 0/0           | 0/0       | 0/0     | 0/0   | 0/0   | 0/0   | 0/0       | 0/0       | vector_reflector/reflect_add                         |
| ++gen_vec_add[0].vec_add |           | 11/11         | 0/0           | 35/35         | 0/0           | 0/0       | 0/0     | 0/0   | 0/0   | 0/0   | 0/0       | 0/0       | vector_reflector/reflect_add/gen_vec_add[0].vec_add  |
| ++gen_vec_add[1].vec_add |           | 11/11         | 0/0           | 35/35         | 0/0           | 0/0       | 0/0     | 0/0   | 0/0   | 0/0   | 0/0       | 0/0       | vector_reflector/reflect_add/gen_vec_add[1].vec_add  |
| ++gen_vec_add[2].vec_add |           | 11/11         | 0/0           | 35/35         | 0/0           | 0/0       | 0/0     | 0/0   | 0/0   | 0/0   | 0/0       | 0/0       | vector_reflector/reflect_add/gen_vec_add[2].vec_add  |
| +reflect_dot             |           | 0/25          | 0/0           | 0/80          | 0/0           | 0/0       | 0/12    | 0/0   | 0/0   | 0/0   | 0/0       | 0/0       | vector_reflector/reflect_dot                         |
| ++dot_add                |           | 19/19         | 0/0           | 68/68         | 0/0           | 0/0       | 0/0     | 0/0   | 0/0   | 0/0   | 0/0       | 0/0       | vector_reflector/reflect_dot/dot_add                 |
| ++gen_mul[0].dot_mul     |           | 2/2           | 0/0           | 4/4           | 0/0           | 0/0       | 4/4     | 0/0   | 0/0   | 0/0   | 0/0       | 0/0       | vector_reflector/reflect_dot/gen_mul[0].dot_mul      |
| ++gen_mul[1].dot_mul     |           | 2/2           | 0/0           | 4/4           | 0/0           | 0/0       | 4/4     | 0/0   | 0/0   | 0/0   | 0/0       | 0/0       | vector_reflector/reflect_dot/gen_mul[1].dot_mul      |
| ++gen_mul[2].dot_mul     |           | 2/2           | 0/0           | 4/4           | 0/0           | 0/0       | 4/4     | 0/0   | 0/0   | 0/0   | 0/0       | 0/0       | vector_reflector/reflect_dot/gen_mul[2].dot_mul      |
| +reflect_mul             |           | 0/6           | 0/0           | 0/12          | 0/0           | 0/0       | 0/12    | 0/0   | 0/0   | 0/0   | 0/0       | 0/0       | vector_reflector/reflect_mul                         |
| ++gen_vec_mul[0].vec_mul |           | 2/2           | 0/0           | 4/4           | 0/0           | 0/0       | 4/4     | 0/0   | 0/0   | 0/0   | 0/0       | 0/0       | vector_reflector/reflect_mul/gen_vec_mul[0].vec_mul  |
| ++gen_vec_mul[1].vec_mul |           | 2/2           | 0/0           | 4/4           | 0/0           | 0/0       | 4/4     | 0/0   | 0/0   | 0/0   | 0/0       | 0/0       | vector_reflector/reflect_mul/gen_vec_mul[1].vec_mul  |
| ++gen_vec_mul[2].vec_mul |           | 2/2           | 0/0           | 4/4           | 0/0           | 0/0       | 4/4     | 0/0   | 0/0   | 0/0   | 0/0       | 0/0       | vector_reflector/reflect_mul/gen_vec_mul[2].vec_mul  |
+-----------------------------------------------------------------------------------------------------------------------------------------------------------------------------------------------------------------------------------+

* Slices can be packed with basic elements from multiple hierarchies.
  Therefore, a slice will be counted in every hierarchical module
  that each of its packed basic elements belong to.
** For each column, there are two numbers reported <A>/<B>.
   <A> is the number of elements that belong to that specific hierarchical module.
   <B> is the total number of elements from that hierarchical module and any lower level
   hierarchical modules below.
*** The LUTRAM column counts all LUTs used as memory including RAM, ROM, and shift registers.
